{"meta": {"format": 3, "version": "7.13.0", "timestamp": "2025-12-23T14:13:00.040221", "branch_coverage": false, "show_contexts": false}, "files": {"secbrain/__init__.py": {"executed_lines": [1, 12], "summary": {"covered_lines": 1, "num_statements": 1, "percent_covered": 100.0, "percent_covered_display": "100.00", "missing_lines": 0, "excluded_lines": 0, "percent_statements_covered": 100.0, "percent_statements_covered_display": "100.00"}, "missing_lines": [], "excluded_lines": [], "functions": {"": {"executed_lines": [1, 12], "summary": {"covered_lines": 1, "num_statements": 1, "percent_covered": 100.0, "percent_covered_display": "100.00", "missing_lines": 0, "excluded_lines": 0, "percent_statements_covered": 100.0, "percent_statements_covered_display": "100.00"}, "missing_lines": [], "excluded_lines": []}}, "classes": {"": {"executed_lines": [1, 12], "summary": {"covered_lines": 1, "num_statements": 1, "percent_covered": 100.0, "percent_covered_display": "100.00", "missing_lines": 0, "excluded_lines": 0, "percent_statements_covered": 100.0, "percent_statements_covered_display": "100.00"}, "missing_lines": [], "excluded_lines": []}}}, "secbrain/agents/__init__.py": {"executed_lines": [1, 3, 4, 5, 6, 7, 8, 9, 10, 11, 12, 13, 15], "summary": {"covered_lines": 12, "num_statements": 12, "percent_covered": 100.0, "percent_covered_display": "100.00", "missing_lines": 0, "excluded_lines": 0, "percent_statements_covered": 100.0, "percent_statements_covered_display": "100.00"}, "missing_lines": [], "excluded_lines": [], "functions": {"": {"executed_lines": [1, 3, 4, 5, 6, 7, 8, 9, 10, 11, 12, 13, 15], "summary": {"covered_lines": 12, "num_statements": 12, "percent_covered": 100.0, "percent_covered_display": "100.00", "missing_lines": 0, "excluded_lines": 0, "percent_statements_covered": 100.0, "percent_statements_covered_display": "100.00"}, "missing_lines": [], "excluded_lines": []}}, "classes": {"": {"executed_lines": [1, 3, 4, 5, 6, 7, 8, 9, 10, 11, 12, 13, 15], "summary": {"covered_lines": 12, "num_statements": 12, "percent_covered": 100.0, "percent_covered_display": "100.00", "missing_lines": 0, "excluded_lines": 0, "percent_statements_covered": 100.0, "percent_statements_covered_display": "100.00"}, "missing_lines": [], "excluded_lines": []}}}, "secbrain/agents/base.py": {"executed_lines": [1, 3, 5, 6, 7, 8, 10, 19, 20, 21, 23, 24, 25, 26, 27, 28, 29, 30, 31, 32, 35, 36, 46, 47, 49, 58, 59, 60, 61, 62, 63, 64, 67, 68, 69, 71, 76, 78, 80, 82, 89, 96, 101, 103, 110, 146, 165, 197, 198, 207, 214, 223, 229, 237], "summary": {"covered_lines": 50, "num_statements": 112, "percent_covered": 44.642857142857146, "percent_covered_display": "44.64", "missing_lines": 62, "excluded_lines": 6, "percent_statements_covered": 44.642857142857146, "percent_statements_covered_display": "44.64"}, "missing_lines": [83, 84, 85, 86, 87, 91, 92, 93, 94, 97, 98, 99, 104, 105, 106, 107, 108, 117, 118, 120, 121, 122, 123, 124, 125, 126, 127, 128, 129, 131, 136, 138, 139, 140, 141, 142, 144, 153, 154, 156, 158, 163, 171, 172, 174, 176, 177, 178, 179, 180, 181, 182, 183, 185, 190, 191, 192, 193, 194, 195, 205, 243], "excluded_lines": [10, 11, 13, 14, 15, 16], "functions": {"BaseAgent.__init__": {"executed_lines": [58, 59, 60, 61, 62, 63, 64, 67, 68, 69, 71], "summary": {"covered_lines": 11, "num_statements": 11, "percent_covered": 100.0, "percent_covered_display": "100.00", "missing_lines": 0, "excluded_lines": 0, "percent_statements_covered": 100.0, "percent_statements_covered_display": "100.00"}, "missing_lines": [], "excluded_lines": []}, "BaseAgent._check_kill_switch": {"executed_lines": [78], "summary": {"covered_lines": 1, "num_statements": 1, "percent_covered": 100.0, "percent_covered_display": "100.00", "missing_lines": 0, "excluded_lines": 0, "percent_statements_covered": 100.0, "percent_statements_covered_display": "100.00"}, "missing_lines": [], "excluded_lines": []}, "BaseAgent._log": {"executed_lines": [82], "summary": {"covered_lines": 1, "num_statements": 6, "percent_covered": 16.666666666666668, "percent_covered_display": "16.67", "missing_lines": 5, "excluded_lines": 0, "percent_statements_covered": 16.666666666666668, "percent_statements_covered_display": "16.67"}, "missing_lines": [83, 84, 85, 86, 87], "excluded_lines": []}, "BaseAgent._record_reasoning": {"executed_lines": [], "summary": {"covered_lines": 0, "num_statements": 4, "percent_covered": 0.0, "percent_covered_display": "0.00", "missing_lines": 4, "excluded_lines": 0, "percent_statements_covered": 0.0, "percent_statements_covered_display": "0.00"}, "missing_lines": [91, 92, 93, 94], "excluded_lines": []}, "BaseAgent._drain_reasoning_chain": {"executed_lines": [], "summary": {"covered_lines": 0, "num_statements": 3, "percent_covered": 0.0, "percent_covered_display": "0.00", "missing_lines": 3, "excluded_lines": 0, "percent_statements_covered": 0.0, "percent_statements_covered_display": "0.00"}, "missing_lines": [97, 98, 99], "excluded_lines": []}, "BaseAgent._log_error": {"executed_lines": [103], "summary": {"covered_lines": 1, "num_statements": 6, "percent_covered": 16.666666666666668, "percent_covered_display": "16.67", "missing_lines": 5, "excluded_lines": 0, "percent_statements_covered": 16.666666666666668, "percent_statements_covered_display": "16.67"}, "missing_lines": [104, 105, 106, 107, 108], "excluded_lines": []}, "BaseAgent._call_worker": {"executed_lines": [], "summary": {"covered_lines": 0, "num_statements": 20, "percent_covered": 0.0, "percent_covered_display": "0.00", "missing_lines": 20, "excluded_lines": 0, "percent_statements_covered": 0.0, "percent_statements_covered_display": "0.00"}, "missing_lines": [117, 118, 120, 121, 122, 123, 124, 125, 126, 127, 128, 129, 131, 136, 138, 139, 140, 141, 142, 144], "excluded_lines": []}, "BaseAgent._call_advisor": {"executed_lines": [], "summary": {"covered_lines": 0, "num_statements": 5, "percent_covered": 0.0, "percent_covered_display": "0.00", "missing_lines": 5, "excluded_lines": 0, "percent_statements_covered": 0.0, "percent_statements_covered_display": "0.00"}, "missing_lines": [153, 154, 156, 158, 163], "excluded_lines": []}, "BaseAgent._research": {"executed_lines": [], "summary": {"covered_lines": 0, "num_statements": 18, "percent_covered": 0.0, "percent_covered_display": "0.00", "missing_lines": 18, "excluded_lines": 0, "percent_statements_covered": 0.0, "percent_statements_covered_display": "0.00"}, "missing_lines": [171, 172, 174, 176, 177, 178, 179, 180, 181, 182, 183, 185, 190, 191, 192, 193, 194, 195], "excluded_lines": []}, "BaseAgent.run": {"executed_lines": [], "summary": {"covered_lines": 0, "num_statements": 1, "percent_covered": 0.0, "percent_covered_display": "0.00", "missing_lines": 1, "excluded_lines": 0, "percent_statements_covered": 0.0, "percent_statements_covered_display": "0.00"}, "missing_lines": [205], "excluded_lines": []}, "BaseAgent._success": {"executed_lines": [214], "summary": {"covered_lines": 1, "num_statements": 1, "percent_covered": 100.0, "percent_covered_display": "100.00", "missing_lines": 0, "excluded_lines": 0, "percent_statements_covered": 100.0, "percent_statements_covered_display": "100.00"}, "missing_lines": [], "excluded_lines": []}, "BaseAgent._failure": {"executed_lines": [229], "summary": {"covered_lines": 1, "num_statements": 1, "percent_covered": 100.0, "percent_covered_display": "100.00", "missing_lines": 0, "excluded_lines": 0, "percent_statements_covered": 100.0, "percent_statements_covered_display": "100.00"}, "missing_lines": [], "excluded_lines": []}, "BaseAgent._needs_approval": {"executed_lines": [], "summary": {"covered_lines": 0, "num_statements": 1, "percent_covered": 0.0, "percent_covered_display": "0.00", "missing_lines": 1, "excluded_lines": 0, "percent_statements_covered": 0.0, "percent_statements_covered_display": "0.00"}, "missing_lines": [243], "excluded_lines": []}, "": {"executed_lines": [1, 3, 5, 6, 7, 8, 10, 19, 20, 21, 23, 24, 25, 26, 27, 28, 29, 30, 31, 32, 35, 36, 46, 47, 49, 76, 80, 89, 96, 101, 110, 146, 165, 197, 198, 207, 223, 237], "summary": {"covered_lines": 34, "num_statements": 34, "percent_covered": 100.0, "percent_covered_display": "100.00", "missing_lines": 0, "excluded_lines": 6, "percent_statements_covered": 100.0, "percent_statements_covered_display": "100.00"}, "missing_lines": [], "excluded_lines": [10, 11, 13, 14, 15, 16]}}, "classes": {"AgentResult": {"executed_lines": [], "summary": {"covered_lines": 0, "num_statements": 0, "percent_covered": 100.0, "percent_covered_display": "100.00", "missing_lines": 0, "excluded_lines": 0, "percent_statements_covered": 100.0, "percent_statements_covered_display": "100.00"}, "missing_lines": [], "excluded_lines": []}, "BaseAgent": {"executed_lines": [58, 59, 60, 61, 62, 63, 64, 67, 68, 69, 71, 78, 82, 103, 214, 229], "summary": {"covered_lines": 16, "num_statements": 78, "percent_covered": 20.512820512820515, "percent_covered_display": "20.51", "missing_lines": 62, "excluded_lines": 0, "percent_statements_covered": 20.512820512820515, "percent_statements_covered_display": "20.51"}, "missing_lines": [83, 84, 85, 86, 87, 91, 92, 93, 94, 97, 98, 99, 104, 105, 106, 107, 108, 117, 118, 120, 121, 122, 123, 124, 125, 126, 127, 128, 129, 131, 136, 138, 139, 140, 141, 142, 144, 153, 154, 156, 158, 163, 171, 172, 174, 176, 177, 178, 179, 180, 181, 182, 183, 185, 190, 191, 192, 193, 194, 195, 205, 243], "excluded_lines": []}, "": {"executed_lines": [1, 3, 5, 6, 7, 8, 10, 19, 20, 21, 23, 24, 25, 26, 27, 28, 29, 30, 31, 32, 35, 36, 46, 47, 49, 76, 80, 89, 96, 101, 110, 146, 165, 197, 198, 207, 223, 237], "summary": {"covered_lines": 34, "num_statements": 34, "percent_covered": 100.0, "percent_covered_display": "100.00", "missing_lines": 0, "excluded_lines": 6, "percent_statements_covered": 100.0, "percent_statements_covered_display": "100.00"}, "missing_lines": [], "excluded_lines": [10, 11, 13, 14, 15, 16]}}}, "secbrain/agents/exploit_agent.py": {"executed_lines": [1, 3, 5, 6, 7, 8, 9, 10, 11, 12, 13, 14, 15, 16, 18, 20, 21, 22, 23, 24, 25, 28, 29, 62, 105, 106, 108, 109, 110, 111, 113, 167, 195, 196, 198, 211, 212, 221, 222, 224, 299, 300, 301, 302, 304, 305, 306, 307, 310, 311, 313, 314, 315, 316, 318, 335, 337, 340, 341, 342, 343, 344, 348, 350, 351, 362, 363, 364, 365, 366, 367, 368, 369, 371, 373, 378, 380, 381, 382, 384, 385, 387, 389, 390, 391, 392, 393, 394, 395, 397, 399, 400, 401, 403, 406, 407, 408, 410, 456, 458, 460, 463, 464, 465, 468, 469, 470, 471, 472, 473, 474, 477, 478, 479, 485, 487, 488, 489, 490, 493, 494, 495, 504, 511, 512, 513, 516, 552, 553, 554, 556, 557, 558, 567, 570, 572, 574, 575, 576, 579, 581, 582, 604, 605, 608, 616, 620, 621, 622, 623, 624, 625, 628, 634, 637, 638, 640, 643, 647, 650, 664, 703, 896, 959, 969, 975, 976, 1050, 1062, 1146, 1148, 1149, 1150, 1153, 1155, 1157, 1188, 1214, 1224, 1254, 1488, 1520, 1552, 1565, 1567, 1571, 1574, 1577, 1583, 1585, 1591, 1594, 1595, 1596, 1601, 1602, 1604, 1606, 1608, 1609, 1610, 1613, 1621, 1623, 1691, 1693, 1695, 1696, 1700, 1702, 1703, 1707, 1708, 1712, 1713, 1714, 1716, 1725, 1727, 1740, 1746, 1749, 1789, 1832, 1863, 1878], "summary": {"covered_lines": 220, "num_statements": 898, "percent_covered": 24.498886414253896, "percent_covered_display": "24.50", "missing_lines": 678, "excluded_lines": 11, "percent_statements_covered": 24.498886414253896, "percent_statements_covered_display": "24.50"}, "missing_lines": [119, 120, 121, 122, 124, 129, 130, 131, 132, 138, 139, 140, 156, 179, 180, 183, 184, 187, 188, 189, 190, 192, 199, 200, 201, 202, 308, 309, 320, 321, 322, 325, 328, 333, 338, 345, 347, 375, 376, 425, 426, 427, 428, 429, 430, 431, 440, 441, 443, 444, 446, 447, 448, 449, 451, 452, 453, 454, 461, 466, 480, 499, 500, 501, 505, 506, 507, 508, 518, 519, 520, 521, 523, 524, 529, 530, 531, 539, 548, 549, 555, 559, 565, 566, 568, 577, 578, 584, 585, 586, 587, 588, 606, 609, 610, 611, 612, 613, 614, 629, 630, 631, 635, 648, 666, 667, 668, 669, 670, 671, 673, 674, 675, 676, 677, 678, 680, 694, 695, 696, 697, 698, 699, 700, 701, 704, 705, 706, 709, 710, 711, 712, 714, 715, 716, 717, 719, 720, 721, 722, 723, 724, 725, 726, 727, 728, 730, 732, 733, 734, 735, 736, 737, 738, 739, 740, 741, 742, 743, 744, 745, 746, 747, 748, 749, 750, 751, 752, 753, 754, 755, 756, 757, 758, 759, 761, 762, 763, 764, 765, 766, 767, 768, 769, 770, 771, 772, 773, 774, 775, 776, 777, 778, 779, 780, 781, 784, 785, 787, 788, 789, 790, 791, 793, 794, 796, 797, 798, 799, 813, 814, 816, 817, 818, 819, 820, 822, 823, 825, 826, 827, 828, 829, 830, 831, 832, 835, 836, 837, 838, 839, 840, 842, 843, 844, 845, 848, 849, 851, 852, 853, 855, 856, 857, 859, 860, 861, 863, 870, 871, 872, 874, 875, 876, 877, 878, 880, 882, 883, 892, 894, 903, 904, 905, 907, 908, 909, 910, 911, 912, 913, 914, 915, 916, 917, 919, 920, 921, 922, 923, 924, 925, 926, 927, 928, 929, 930, 931, 933, 934, 935, 937, 943, 944, 945, 946, 947, 948, 949, 950, 951, 953, 954, 955, 957, 960, 961, 962, 963, 964, 965, 966, 967, 978, 1009, 1010, 1012, 1013, 1014, 1015, 1017, 1018, 1019, 1020, 1021, 1028, 1029, 1031, 1039, 1041, 1042, 1044, 1052, 1053, 1054, 1055, 1056, 1057, 1058, 1059, 1060, 1069, 1070, 1072, 1073, 1074, 1075, 1076, 1077, 1078, 1080, 1081, 1083, 1085, 1086, 1088, 1089, 1090, 1091, 1092, 1093, 1094, 1097, 1098, 1105, 1106, 1107, 1110, 1114, 1115, 1120, 1123, 1124, 1125, 1128, 1131, 1132, 1133, 1136, 1137, 1142, 1144, 1151, 1152, 1154, 1167, 1168, 1169, 1170, 1171, 1172, 1173, 1174, 1175, 1183, 1184, 1185, 1186, 1190, 1191, 1196, 1197, 1198, 1199, 1200, 1201, 1202, 1203, 1204, 1205, 1206, 1207, 1208, 1209, 1210, 1211, 1212, 1216, 1217, 1221, 1222, 1234, 1235, 1236, 1237, 1238, 1239, 1240, 1248, 1249, 1250, 1251, 1252, 1267, 1274, 1275, 1277, 1278, 1279, 1280, 1281, 1282, 1283, 1284, 1285, 1286, 1287, 1288, 1289, 1290, 1291, 1292, 1294, 1295, 1297, 1298, 1301, 1302, 1305, 1306, 1308, 1309, 1310, 1311, 1316, 1322, 1323, 1324, 1327, 1328, 1330, 1339, 1340, 1341, 1342, 1344, 1345, 1346, 1347, 1355, 1356, 1357, 1358, 1360, 1361, 1363, 1364, 1366, 1367, 1378, 1379, 1380, 1382, 1383, 1385, 1386, 1388, 1391, 1392, 1393, 1394, 1395, 1396, 1436, 1437, 1438, 1439, 1440, 1441, 1443, 1444, 1447, 1448, 1449, 1450, 1451, 1452, 1453, 1455, 1456, 1457, 1466, 1467, 1468, 1469, 1478, 1480, 1494, 1495, 1496, 1497, 1498, 1500, 1501, 1502, 1503, 1504, 1505, 1506, 1507, 1508, 1509, 1510, 1511, 1518, 1527, 1528, 1529, 1531, 1532, 1533, 1534, 1535, 1536, 1537, 1538, 1539, 1541, 1542, 1543, 1545, 1546, 1547, 1548, 1549, 1550, 1568, 1597, 1598, 1614, 1615, 1618, 1619, 1634, 1635, 1637, 1638, 1639, 1640, 1641, 1643, 1644, 1645, 1647, 1648, 1649, 1650, 1651, 1652, 1653, 1655, 1656, 1657, 1660, 1661, 1662, 1663, 1664, 1665, 1666, 1667, 1669, 1670, 1671, 1672, 1673, 1674, 1675, 1676, 1677, 1678, 1679, 1680, 1681, 1684, 1685, 1686, 1687, 1689, 1697, 1698, 1704, 1705, 1709, 1710, 1756, 1758, 1759, 1761, 1762, 1763, 1765, 1766, 1769, 1770, 1771, 1772, 1774, 1776, 1786, 1787, 1795, 1796, 1799, 1801, 1802, 1805, 1806, 1807, 1808, 1810, 1822, 1823, 1825, 1826, 1827, 1828, 1830, 1838, 1839, 1840, 1841, 1847, 1849, 1865, 1866, 1867, 1869, 1870, 1871, 1872, 1873, 1874, 1875, 1876, 1883, 1885, 1886], "excluded_lines": [141, 142, 143, 144, 145, 146, 152, 153, 154, 1746, 1747], "functions": {"RPCRetryManager.__init__": {"executed_lines": [109, 110, 111], "summary": {"covered_lines": 3, "num_statements": 3, "percent_covered": 100.0, "percent_covered_display": "100.00", "missing_lines": 0, "excluded_lines": 0, "percent_statements_covered": 100.0, "percent_statements_covered_display": "100.00"}, "missing_lines": [], "excluded_lines": []}, "RPCRetryManager.run_with_retry": {"executed_lines": [], "summary": {"covered_lines": 0, "num_statements": 13, "percent_covered": 0.0, "percent_covered_display": "0.00", "missing_lines": 13, "excluded_lines": 9, "percent_statements_covered": 0.0, "percent_statements_covered_display": "0.00"}, "missing_lines": [119, 120, 121, 122, 124, 129, 130, 131, 132, 138, 139, 140, 156], "excluded_lines": [141, 142, 143, 144, 145, 146, 152, 153, 154]}, "validate_function_signature": {"executed_lines": [], "summary": {"covered_lines": 0, "num_statements": 9, "percent_covered": 0.0, "percent_covered_display": "0.00", "missing_lines": 9, "excluded_lines": 0, "percent_statements_covered": 0.0, "percent_statements_covered_display": "0.00"}, "missing_lines": [179, 180, 183, 184, 187, 188, 189, 190, 192], "excluded_lines": []}, "MempoolSimulator.simulate_sandwich": {"executed_lines": [], "summary": {"covered_lines": 0, "num_statements": 4, "percent_covered": 0.0, "percent_covered_display": "0.00", "missing_lines": 4, "excluded_lines": 0, "percent_statements_covered": 0.0, "percent_statements_covered_display": "0.00"}, "missing_lines": [199, 200, 201, 202], "excluded_lines": []}, "ExploitAgent.__init__": {"executed_lines": [305, 306, 307, 310, 311, 313, 314, 315, 316], "summary": {"covered_lines": 9, "num_statements": 11, "percent_covered": 81.81818181818181, "percent_covered_display": "81.82", "missing_lines": 2, "excluded_lines": 0, "percent_statements_covered": 81.81818181818181, "percent_statements_covered_display": "81.82"}, "missing_lines": [308, 309], "excluded_lines": []}, "ExploitAgent._calculate_profit_usd": {"executed_lines": [], "summary": {"covered_lines": 0, "num_statements": 6, "percent_covered": 0.0, "percent_covered_display": "0.00", "missing_lines": 6, "excluded_lines": 0, "percent_statements_covered": 0.0, "percent_statements_covered_display": "0.00"}, "missing_lines": [320, 321, 322, 325, 328, 333], "excluded_lines": []}, "ExploitAgent._build_token_specs_for_chain": {"executed_lines": [337, 340, 341, 342, 343, 344, 348], "summary": {"covered_lines": 7, "num_statements": 10, "percent_covered": 70.0, "percent_covered_display": "70.00", "missing_lines": 3, "excluded_lines": 0, "percent_statements_covered": 70.0, "percent_statements_covered_display": "70.00"}, "missing_lines": [338, 345, 347], "excluded_lines": []}, "ExploitAgent.AdaptiveRateLimiter.__init__": {"executed_lines": [363, 364, 365, 366, 367, 368, 369, 371], "summary": {"covered_lines": 8, "num_statements": 8, "percent_covered": 100.0, "percent_covered_display": "100.00", "missing_lines": 0, "excluded_lines": 0, "percent_statements_covered": 100.0, "percent_statements_covered_display": "100.00"}, "missing_lines": [], "excluded_lines": []}, "ExploitAgent.AdaptiveRateLimiter._resize": {"executed_lines": [], "summary": {"covered_lines": 0, "num_statements": 2, "percent_covered": 0.0, "percent_covered_display": "0.00", "missing_lines": 2, "excluded_lines": 0, "percent_statements_covered": 0.0, "percent_statements_covered_display": "0.00"}, "missing_lines": [375, 376], "excluded_lines": []}, "ExploitAgent.AdaptiveRateLimiter.__aenter__": {"executed_lines": [380, 381, 382, 384, 385], "summary": {"covered_lines": 5, "num_statements": 5, "percent_covered": 100.0, "percent_covered_display": "100.00", "missing_lines": 0, "excluded_lines": 0, "percent_statements_covered": 100.0, "percent_statements_covered_display": "100.00"}, "missing_lines": [], "excluded_lines": []}, "ExploitAgent.AdaptiveRateLimiter.__aexit__": {"executed_lines": [389, 390, 391, 392, 393, 394, 395, 397, 399, 400, 401, 403, 406, 407, 408], "summary": {"covered_lines": 15, "num_statements": 15, "percent_covered": 100.0, "percent_covered_display": "100.00", "missing_lines": 0, "excluded_lines": 0, "percent_statements_covered": 100.0, "percent_statements_covered_display": "100.00"}, "missing_lines": [], "excluded_lines": []}, "ExploitAgent._refine_exploit": {"executed_lines": [], "summary": {"covered_lines": 0, "num_statements": 19, "percent_covered": 0.0, "percent_covered_display": "0.00", "missing_lines": 19, "excluded_lines": 0, "percent_statements_covered": 0.0, "percent_statements_covered_display": "0.00"}, "missing_lines": [425, 426, 427, 428, 429, 430, 431, 440, 441, 443, 444, 446, 447, 448, 449, 451, 452, 453, 454], "excluded_lines": []}, "ExploitAgent.run": {"executed_lines": [458, 460, 463, 464, 465, 468, 469, 470, 471, 472, 473, 474, 477, 478, 479, 485, 487, 488, 489, 490, 493, 494, 495, 504, 511, 512, 513, 516, 552, 553, 554, 556, 557, 558, 567, 570, 572, 574, 575, 576, 579, 581, 582, 604, 605, 608, 616, 620, 621, 622, 623, 624, 625, 628, 634, 637, 638, 640, 643, 647, 650], "summary": {"covered_lines": 61, "num_statements": 107, "percent_covered": 57.00934579439252, "percent_covered_display": "57.01", "missing_lines": 46, "excluded_lines": 0, "percent_statements_covered": 57.00934579439252, "percent_statements_covered_display": "57.01"}, "missing_lines": [461, 466, 480, 499, 500, 501, 505, 506, 507, 508, 518, 519, 520, 521, 523, 524, 529, 530, 531, 539, 548, 549, 555, 559, 565, 566, 568, 577, 578, 584, 585, 586, 587, 588, 606, 609, 610, 611, 612, 613, 614, 629, 630, 631, 635, 648], "excluded_lines": []}, "ExploitAgent._generate_attack_body_snippet": {"executed_lines": [], "summary": {"covered_lines": 0, "num_statements": 21, "percent_covered": 0.0, "percent_covered_display": "0.00", "missing_lines": 21, "excluded_lines": 0, "percent_statements_covered": 0.0, "percent_statements_covered_display": "0.00"}, "missing_lines": [666, 667, 668, 669, 670, 671, 673, 674, 675, 676, 677, 678, 680, 694, 695, 696, 697, 698, 699, 700, 701], "excluded_lines": []}, "ExploitAgent._heuristic_attack_body": {"executed_lines": [], "summary": {"covered_lines": 0, "num_statements": 74, "percent_covered": 0.0, "percent_covered_display": "0.00", "missing_lines": 74, "excluded_lines": 0, "percent_statements_covered": 0.0, "percent_statements_covered_display": "0.00"}, "missing_lines": [704, 705, 706, 709, 710, 711, 712, 714, 715, 716, 717, 719, 720, 721, 722, 723, 724, 725, 726, 727, 728, 730, 732, 761, 784, 785, 787, 796, 797, 798, 799, 813, 814, 816, 825, 826, 827, 828, 829, 830, 831, 832, 835, 836, 837, 838, 839, 840, 842, 848, 849, 851, 852, 853, 855, 856, 857, 859, 860, 861, 863, 870, 871, 872, 874, 875, 876, 877, 878, 880, 882, 883, 892, 894], "excluded_lines": []}, "ExploitAgent._heuristic_attack_body._default_for": {"executed_lines": [], "summary": {"covered_lines": 0, "num_statements": 27, "percent_covered": 0.0, "percent_covered_display": "0.00", "missing_lines": 27, "excluded_lines": 0, "percent_statements_covered": 0.0, "percent_statements_covered_display": "0.00"}, "missing_lines": [733, 734, 735, 736, 737, 738, 739, 740, 741, 742, 743, 744, 745, 746, 747, 748, 749, 750, 751, 752, 753, 754, 755, 756, 757, 758, 759], "excluded_lines": []}, "ExploitAgent._heuristic_attack_body._arg_for": {"executed_lines": [], "summary": {"covered_lines": 0, "num_statements": 20, "percent_covered": 0.0, "percent_covered_display": "0.00", "missing_lines": 20, "excluded_lines": 0, "percent_statements_covered": 0.0, "percent_statements_covered_display": "0.00"}, "missing_lines": [762, 763, 764, 765, 766, 767, 768, 769, 770, 771, 772, 773, 774, 775, 776, 777, 778, 779, 780, 781], "excluded_lines": []}, "ExploitAgent._heuristic_attack_body._args_with_amount": {"executed_lines": [], "summary": {"covered_lines": 0, "num_statements": 6, "percent_covered": 0.0, "percent_covered_display": "0.00", "missing_lines": 6, "excluded_lines": 0, "percent_statements_covered": 0.0, "percent_statements_covered_display": "0.00"}, "missing_lines": [817, 818, 819, 820, 822, 823], "excluded_lines": []}, "ExploitAgent._heuristic_attack_body._encode_call": {"executed_lines": [], "summary": {"covered_lines": 0, "num_statements": 3, "percent_covered": 0.0, "percent_covered_display": "0.00", "missing_lines": 3, "excluded_lines": 0, "percent_statements_covered": 0.0, "percent_statements_covered_display": "0.00"}, "missing_lines": [843, 844, 845], "excluded_lines": []}, "ExploitAgent._state_machine_sequences": {"executed_lines": [], "summary": {"covered_lines": 0, "num_statements": 22, "percent_covered": 0.0, "percent_covered_display": "0.00", "missing_lines": 22, "excluded_lines": 0, "percent_statements_covered": 0.0, "percent_statements_covered_display": "0.00"}, "missing_lines": [903, 904, 905, 907, 919, 933, 934, 935, 937, 943, 944, 945, 946, 947, 948, 949, 950, 951, 953, 954, 955, 957], "excluded_lines": []}, "ExploitAgent._state_machine_sequences._sig_from_abi": {"executed_lines": [], "summary": {"covered_lines": 0, "num_statements": 10, "percent_covered": 0.0, "percent_covered_display": "0.00", "missing_lines": 10, "excluded_lines": 0, "percent_statements_covered": 0.0, "percent_statements_covered_display": "0.00"}, "missing_lines": [908, 909, 910, 911, 912, 913, 914, 915, 916, 917], "excluded_lines": []}, "ExploitAgent._state_machine_sequences._find_by_keywords": {"executed_lines": [], "summary": {"covered_lines": 0, "num_statements": 12, "percent_covered": 0.0, "percent_covered_display": "0.00", "missing_lines": 12, "excluded_lines": 0, "percent_statements_covered": 0.0, "percent_statements_covered_display": "0.00"}, "missing_lines": [920, 921, 922, 923, 924, 925, 926, 927, 928, 929, 930, 931], "excluded_lines": []}, "ExploitAgent._needs_flashloan": {"executed_lines": [], "summary": {"covered_lines": 0, "num_statements": 8, "percent_covered": 0.0, "percent_covered_display": "0.00", "missing_lines": 8, "excluded_lines": 0, "percent_statements_covered": 0.0, "percent_statements_covered_display": "0.00"}, "missing_lines": [960, 961, 962, 963, 964, 965, 966, 967], "excluded_lines": []}, "ExploitAgent._derive_failure_feedback": {"executed_lines": [975, 976], "summary": {"covered_lines": 2, "num_statements": 21, "percent_covered": 9.523809523809524, "percent_covered_display": "9.52", "missing_lines": 19, "excluded_lines": 0, "percent_statements_covered": 9.523809523809524, "percent_statements_covered_display": "9.52"}, "missing_lines": [978, 1009, 1010, 1012, 1013, 1014, 1015, 1017, 1018, 1019, 1020, 1021, 1028, 1029, 1031, 1039, 1041, 1042, 1044], "excluded_lines": []}, "ExploitAgent._persist_failure_feedback": {"executed_lines": [], "summary": {"covered_lines": 0, "num_statements": 9, "percent_covered": 0.0, "percent_covered_display": "0.00", "missing_lines": 9, "excluded_lines": 0, "percent_statements_covered": 0.0, "percent_statements_covered_display": "0.00"}, "missing_lines": [1052, 1053, 1054, 1055, 1056, 1057, 1058, 1059, 1060], "excluded_lines": []}, "ExploitAgent._generate_attack_mutations": {"executed_lines": [], "summary": {"covered_lines": 0, "num_statements": 41, "percent_covered": 0.0, "percent_covered_display": "0.00", "missing_lines": 41, "excluded_lines": 0, "percent_statements_covered": 0.0, "percent_statements_covered_display": "0.00"}, "missing_lines": [1069, 1070, 1072, 1073, 1074, 1075, 1076, 1077, 1078, 1080, 1081, 1083, 1085, 1086, 1088, 1089, 1090, 1091, 1092, 1093, 1094, 1097, 1098, 1105, 1106, 1107, 1110, 1114, 1115, 1120, 1123, 1124, 1125, 1128, 1131, 1132, 1133, 1136, 1137, 1142, 1144], "excluded_lines": []}, "ExploitAgent._cross_contract_pairs": {"executed_lines": [1148, 1149, 1150, 1153, 1155], "summary": {"covered_lines": 5, "num_statements": 8, "percent_covered": 62.5, "percent_covered_display": "62.50", "missing_lines": 3, "excluded_lines": 0, "percent_statements_covered": 62.5, "percent_statements_covered_display": "62.50"}, "missing_lines": [1151, 1152, 1154], "excluded_lines": []}, "ExploitAgent._differential_fuzz_stub": {"executed_lines": [], "summary": {"covered_lines": 0, "num_statements": 13, "percent_covered": 0.0, "percent_covered_display": "0.00", "missing_lines": 13, "excluded_lines": 0, "percent_statements_covered": 0.0, "percent_statements_covered_display": "0.00"}, "missing_lines": [1167, 1168, 1169, 1170, 1171, 1172, 1173, 1174, 1175, 1183, 1184, 1185, 1186], "excluded_lines": []}, "ExploitAgent._categorize_failure": {"executed_lines": [], "summary": {"covered_lines": 0, "num_statements": 19, "percent_covered": 0.0, "percent_covered_display": "0.00", "missing_lines": 19, "excluded_lines": 0, "percent_statements_covered": 0.0, "percent_statements_covered_display": "0.00"}, "missing_lines": [1190, 1191, 1196, 1197, 1198, 1199, 1200, 1201, 1202, 1203, 1204, 1205, 1206, 1207, 1208, 1209, 1210, 1211, 1212], "excluded_lines": []}, "ExploitAgent._is_close_to_success": {"executed_lines": [], "summary": {"covered_lines": 0, "num_statements": 4, "percent_covered": 0.0, "percent_covered_display": "0.00", "missing_lines": 4, "excluded_lines": 0, "percent_statements_covered": 0.0, "percent_statements_covered_display": "0.00"}, "missing_lines": [1216, 1217, 1221, 1222], "excluded_lines": []}, "ExploitAgent._retry_with_adjustments": {"executed_lines": [], "summary": {"covered_lines": 0, "num_statements": 12, "percent_covered": 0.0, "percent_covered_display": "0.00", "missing_lines": 12, "excluded_lines": 0, "percent_statements_covered": 0.0, "percent_statements_covered_display": "0.00"}, "missing_lines": [1234, 1235, 1236, 1237, 1238, 1239, 1240, 1248, 1249, 1250, 1251, 1252], "excluded_lines": []}, "ExploitAgent._run_contract_hypothesis": {"executed_lines": [], "summary": {"covered_lines": 0, "num_statements": 94, "percent_covered": 0.0, "percent_covered_display": "0.00", "missing_lines": 94, "excluded_lines": 0, "percent_statements_covered": 0.0, "percent_statements_covered_display": "0.00"}, "missing_lines": [1267, 1274, 1275, 1277, 1278, 1279, 1280, 1281, 1282, 1283, 1284, 1285, 1286, 1287, 1288, 1289, 1290, 1291, 1292, 1294, 1295, 1297, 1298, 1301, 1302, 1305, 1306, 1308, 1309, 1310, 1311, 1316, 1322, 1323, 1324, 1327, 1328, 1330, 1339, 1340, 1341, 1342, 1344, 1345, 1346, 1347, 1355, 1356, 1357, 1358, 1360, 1361, 1363, 1364, 1366, 1367, 1378, 1379, 1380, 1382, 1383, 1385, 1386, 1388, 1391, 1392, 1393, 1394, 1395, 1396, 1436, 1437, 1438, 1439, 1440, 1441, 1443, 1444, 1447, 1448, 1449, 1450, 1451, 1452, 1453, 1455, 1456, 1457, 1466, 1467, 1468, 1469, 1478, 1480], "excluded_lines": []}, "ExploitAgent._default_profit_tokens": {"executed_lines": [], "summary": {"covered_lines": 0, "num_statements": 18, "percent_covered": 0.0, "percent_covered_display": "0.00", "missing_lines": 18, "excluded_lines": 0, "percent_statements_covered": 0.0, "percent_statements_covered_display": "0.00"}, "missing_lines": [1494, 1495, 1496, 1497, 1498, 1500, 1501, 1502, 1503, 1504, 1505, 1506, 1507, 1508, 1509, 1510, 1511, 1518], "excluded_lines": []}, "ExploitAgent._resolve_token_spec": {"executed_lines": [], "summary": {"covered_lines": 0, "num_statements": 13, "percent_covered": 0.0, "percent_covered_display": "0.00", "missing_lines": 13, "excluded_lines": 0, "percent_statements_covered": 0.0, "percent_statements_covered_display": "0.00"}, "missing_lines": [1527, 1528, 1529, 1531, 1541, 1542, 1543, 1545, 1546, 1547, 1548, 1549, 1550], "excluded_lines": []}, "ExploitAgent._resolve_token_spec._match": {"executed_lines": [], "summary": {"covered_lines": 0, "num_statements": 8, "percent_covered": 0.0, "percent_covered_display": "0.00", "missing_lines": 8, "excluded_lines": 0, "percent_statements_covered": 0.0, "percent_statements_covered_display": "0.00"}, "missing_lines": [1532, 1533, 1534, 1535, 1536, 1537, 1538, 1539], "excluded_lines": []}, "ExploitAgent._compute_profit_eth_equiv": {"executed_lines": [1565, 1567, 1571, 1574, 1577, 1583], "summary": {"covered_lines": 6, "num_statements": 7, "percent_covered": 85.71428571428571, "percent_covered_display": "85.71", "missing_lines": 1, "excluded_lines": 0, "percent_statements_covered": 85.71428571428571, "percent_statements_covered_display": "85.71"}, "missing_lines": [1568], "excluded_lines": []}, "ExploitAgent._build_token_specs": {"executed_lines": [1591, 1594, 1595, 1596, 1601, 1602, 1604], "summary": {"covered_lines": 7, "num_statements": 9, "percent_covered": 77.77777777777777, "percent_covered_display": "77.78", "missing_lines": 2, "excluded_lines": 0, "percent_statements_covered": 77.77777777777777, "percent_statements_covered_display": "77.78"}, "missing_lines": [1597, 1598], "excluded_lines": []}, "ExploitAgent._get_eth_price_from_cache": {"executed_lines": [1608, 1609, 1610, 1613, 1621], "summary": {"covered_lines": 5, "num_statements": 9, "percent_covered": 55.55555555555556, "percent_covered_display": "55.56", "missing_lines": 4, "excluded_lines": 0, "percent_statements_covered": 55.55555555555556, "percent_statements_covered_display": "55.56"}, "missing_lines": [1614, 1615, 1618, 1619], "excluded_lines": []}, "ExploitAgent._prefetch_token_prices": {"executed_lines": [], "summary": {"covered_lines": 0, "num_statements": 46, "percent_covered": 0.0, "percent_covered_display": "0.00", "missing_lines": 46, "excluded_lines": 0, "percent_statements_covered": 0.0, "percent_statements_covered_display": "0.00"}, "missing_lines": [1634, 1635, 1637, 1638, 1639, 1640, 1641, 1643, 1644, 1645, 1647, 1648, 1649, 1650, 1651, 1652, 1653, 1655, 1656, 1657, 1660, 1661, 1662, 1663, 1664, 1665, 1666, 1667, 1669, 1670, 1671, 1672, 1673, 1674, 1675, 1676, 1677, 1678, 1679, 1680, 1681, 1684, 1685, 1686, 1687, 1689], "excluded_lines": []}, "ExploitAgent._run_http_hypothesis": {"executed_lines": [1693, 1695, 1696, 1700, 1702, 1703, 1707, 1708, 1712, 1713, 1714, 1716, 1725, 1727, 1740], "summary": {"covered_lines": 15, "num_statements": 21, "percent_covered": 71.42857142857143, "percent_covered_display": "71.43", "missing_lines": 6, "excluded_lines": 0, "percent_statements_covered": 71.42857142857143, "percent_statements_covered_display": "71.43"}, "missing_lines": [1697, 1698, 1704, 1705, 1709, 1710], "excluded_lines": []}, "ExploitAgent._generate_payloads": {"executed_lines": [], "summary": {"covered_lines": 0, "num_statements": 0, "percent_covered": 100.0, "percent_covered_display": "100.00", "missing_lines": 0, "excluded_lines": 1, "percent_statements_covered": 100.0, "percent_statements_covered_display": "100.00"}, "missing_lines": [], "excluded_lines": [1747]}, "ExploitAgent._execute_tests": {"executed_lines": [], "summary": {"covered_lines": 0, "num_statements": 16, "percent_covered": 0.0, "percent_covered_display": "0.00", "missing_lines": 16, "excluded_lines": 0, "percent_statements_covered": 0.0, "percent_statements_covered_display": "0.00"}, "missing_lines": [1756, 1758, 1759, 1761, 1762, 1763, 1765, 1766, 1769, 1770, 1771, 1772, 1774, 1776, 1786, 1787], "excluded_lines": []}, "ExploitAgent._analyze_results": {"executed_lines": [], "summary": {"covered_lines": 0, "num_statements": 17, "percent_covered": 0.0, "percent_covered_display": "0.00", "missing_lines": 17, "excluded_lines": 0, "percent_statements_covered": 0.0, "percent_statements_covered_display": "0.00"}, "missing_lines": [1795, 1796, 1799, 1801, 1802, 1805, 1806, 1807, 1808, 1810, 1822, 1823, 1825, 1826, 1827, 1828, 1830], "excluded_lines": []}, "ExploitAgent._create_finding": {"executed_lines": [], "summary": {"covered_lines": 0, "num_statements": 6, "percent_covered": 0.0, "percent_covered_display": "0.00", "missing_lines": 6, "excluded_lines": 0, "percent_statements_covered": 0.0, "percent_statements_covered_display": "0.00"}, "missing_lines": [1838, 1839, 1840, 1841, 1847, 1849], "excluded_lines": []}, "ExploitAgent._estimate_severity": {"executed_lines": [], "summary": {"covered_lines": 0, "num_statements": 11, "percent_covered": 0.0, "percent_covered_display": "0.00", "missing_lines": 11, "excluded_lines": 0, "percent_statements_covered": 0.0, "percent_statements_covered_display": "0.00"}, "missing_lines": [1865, 1866, 1867, 1869, 1870, 1871, 1872, 1873, 1874, 1875, 1876], "excluded_lines": []}, "ExploitAgent._research_exploitation_techniques": {"executed_lines": [], "summary": {"covered_lines": 0, "num_statements": 3, "percent_covered": 0.0, "percent_covered_display": "0.00", "missing_lines": 3, "excluded_lines": 0, "percent_statements_covered": 0.0, "percent_statements_covered_display": "0.00"}, "missing_lines": [1883, 1885, 1886], "excluded_lines": []}, "": {"executed_lines": [1, 3, 5, 6, 7, 8, 9, 10, 11, 12, 13, 14, 15, 16, 18, 20, 21, 22, 23, 24, 25, 28, 29, 62, 105, 106, 108, 113, 167, 195, 196, 198, 211, 212, 221, 222, 224, 299, 300, 301, 302, 304, 318, 335, 350, 351, 362, 373, 378, 387, 410, 456, 664, 703, 896, 959, 969, 1050, 1062, 1146, 1157, 1188, 1214, 1224, 1254, 1488, 1520, 1552, 1585, 1606, 1623, 1691, 1746, 1749, 1789, 1832, 1863, 1878], "summary": {"covered_lines": 72, "num_statements": 72, "percent_covered": 100.0, "percent_covered_display": "100.00", "missing_lines": 0, "excluded_lines": 1, "percent_statements_covered": 100.0, "percent_statements_covered_display": "100.00"}, "missing_lines": [], "excluded_lines": [1746]}}, "classes": {"RPCRetryManager": {"executed_lines": [109, 110, 111], "summary": {"covered_lines": 3, "num_statements": 16, "percent_covered": 18.75, "percent_covered_display": "18.75", "missing_lines": 13, "excluded_lines": 9, "percent_statements_covered": 18.75, "percent_statements_covered_display": "18.75"}, "missing_lines": [119, 120, 121, 122, 124, 129, 130, 131, 132, 138, 139, 140, 156], "excluded_lines": [141, 142, 143, 144, 145, 146, 152, 153, 154]}, "MempoolSimulator": {"executed_lines": [], "summary": {"covered_lines": 0, "num_statements": 4, "percent_covered": 0.0, "percent_covered_display": "0.00", "missing_lines": 4, "excluded_lines": 0, "percent_statements_covered": 0.0, "percent_statements_covered_display": "0.00"}, "missing_lines": [199, 200, 201, 202], "excluded_lines": []}, "ExploitAgent": {"executed_lines": [305, 306, 307, 310, 311, 313, 314, 315, 316, 337, 340, 341, 342, 343, 344, 348, 458, 460, 463, 464, 465, 468, 469, 470, 471, 472, 473, 474, 477, 478, 479, 485, 487, 488, 489, 490, 493, 494, 495, 504, 511, 512, 513, 516, 552, 553, 554, 556, 557, 558, 567, 570, 572, 574, 575, 576, 579, 581, 582, 604, 605, 608, 616, 620, 621, 622, 623, 624, 625, 628, 634, 637, 638, 640, 643, 647, 650, 975, 976, 1148, 1149, 1150, 1153, 1155, 1565, 1567, 1571, 1574, 1577, 1583, 1591, 1594, 1595, 1596, 1601, 1602, 1604, 1608, 1609, 1610, 1613, 1621, 1693, 1695, 1696, 1700, 1702, 1703, 1707, 1708, 1712, 1713, 1714, 1716, 1725, 1727, 1740], "summary": {"covered_lines": 117, "num_statements": 767, "percent_covered": 15.254237288135593, "percent_covered_display": "15.25", "missing_lines": 650, "excluded_lines": 1, "percent_statements_covered": 15.254237288135593, "percent_statements_covered_display": "15.25"}, "missing_lines": [308, 309, 320, 321, 322, 325, 328, 333, 338, 345, 347, 425, 426, 427, 428, 429, 430, 431, 440, 441, 443, 444, 446, 447, 448, 449, 451, 452, 453, 454, 461, 466, 480, 499, 500, 501, 505, 506, 507, 508, 518, 519, 520, 521, 523, 524, 529, 530, 531, 539, 548, 549, 555, 559, 565, 566, 568, 577, 578, 584, 585, 586, 587, 588, 606, 609, 610, 611, 612, 613, 614, 629, 630, 631, 635, 648, 666, 667, 668, 669, 670, 671, 673, 674, 675, 676, 677, 678, 680, 694, 695, 696, 697, 698, 699, 700, 701, 704, 705, 706, 709, 710, 711, 712, 714, 715, 716, 717, 719, 720, 721, 722, 723, 724, 725, 726, 727, 728, 730, 732, 733, 734, 735, 736, 737, 738, 739, 740, 741, 742, 743, 744, 745, 746, 747, 748, 749, 750, 751, 752, 753, 754, 755, 756, 757, 758, 759, 761, 762, 763, 764, 765, 766, 767, 768, 769, 770, 771, 772, 773, 774, 775, 776, 777, 778, 779, 780, 781, 784, 785, 787, 788, 789, 790, 791, 793, 794, 796, 797, 798, 799, 813, 814, 816, 817, 818, 819, 820, 822, 823, 825, 826, 827, 828, 829, 830, 831, 832, 835, 836, 837, 838, 839, 840, 842, 843, 844, 845, 848, 849, 851, 852, 853, 855, 856, 857, 859, 860, 861, 863, 870, 871, 872, 874, 875, 876, 877, 878, 880, 882, 883, 892, 894, 903, 904, 905, 907, 908, 909, 910, 911, 912, 913, 914, 915, 916, 917, 919, 920, 921, 922, 923, 924, 925, 926, 927, 928, 929, 930, 931, 933, 934, 935, 937, 943, 944, 945, 946, 947, 948, 949, 950, 951, 953, 954, 955, 957, 960, 961, 962, 963, 964, 965, 966, 967, 978, 1009, 1010, 1012, 1013, 1014, 1015, 1017, 1018, 1019, 1020, 1021, 1028, 1029, 1031, 1039, 1041, 1042, 1044, 1052, 1053, 1054, 1055, 1056, 1057, 1058, 1059, 1060, 1069, 1070, 1072, 1073, 1074, 1075, 1076, 1077, 1078, 1080, 1081, 1083, 1085, 1086, 1088, 1089, 1090, 1091, 1092, 1093, 1094, 1097, 1098, 1105, 1106, 1107, 1110, 1114, 1115, 1120, 1123, 1124, 1125, 1128, 1131, 1132, 1133, 1136, 1137, 1142, 1144, 1151, 1152, 1154, 1167, 1168, 1169, 1170, 1171, 1172, 1173, 1174, 1175, 1183, 1184, 1185, 1186, 1190, 1191, 1196, 1197, 1198, 1199, 1200, 1201, 1202, 1203, 1204, 1205, 1206, 1207, 1208, 1209, 1210, 1211, 1212, 1216, 1217, 1221, 1222, 1234, 1235, 1236, 1237, 1238, 1239, 1240, 1248, 1249, 1250, 1251, 1252, 1267, 1274, 1275, 1277, 1278, 1279, 1280, 1281, 1282, 1283, 1284, 1285, 1286, 1287, 1288, 1289, 1290, 1291, 1292, 1294, 1295, 1297, 1298, 1301, 1302, 1305, 1306, 1308, 1309, 1310, 1311, 1316, 1322, 1323, 1324, 1327, 1328, 1330, 1339, 1340, 1341, 1342, 1344, 1345, 1346, 1347, 1355, 1356, 1357, 1358, 1360, 1361, 1363, 1364, 1366, 1367, 1378, 1379, 1380, 1382, 1383, 1385, 1386, 1388, 1391, 1392, 1393, 1394, 1395, 1396, 1436, 1437, 1438, 1439, 1440, 1441, 1443, 1444, 1447, 1448, 1449, 1450, 1451, 1452, 1453, 1455, 1456, 1457, 1466, 1467, 1468, 1469, 1478, 1480, 1494, 1495, 1496, 1497, 1498, 1500, 1501, 1502, 1503, 1504, 1505, 1506, 1507, 1508, 1509, 1510, 1511, 1518, 1527, 1528, 1529, 1531, 1532, 1533, 1534, 1535, 1536, 1537, 1538, 1539, 1541, 1542, 1543, 1545, 1546, 1547, 1548, 1549, 1550, 1568, 1597, 1598, 1614, 1615, 1618, 1619, 1634, 1635, 1637, 1638, 1639, 1640, 1641, 1643, 1644, 1645, 1647, 1648, 1649, 1650, 1651, 1652, 1653, 1655, 1656, 1657, 1660, 1661, 1662, 1663, 1664, 1665, 1666, 1667, 1669, 1670, 1671, 1672, 1673, 1674, 1675, 1676, 1677, 1678, 1679, 1680, 1681, 1684, 1685, 1686, 1687, 1689, 1697, 1698, 1704, 1705, 1709, 1710, 1756, 1758, 1759, 1761, 1762, 1763, 1765, 1766, 1769, 1770, 1771, 1772, 1774, 1776, 1786, 1787, 1795, 1796, 1799, 1801, 1802, 1805, 1806, 1807, 1808, 1810, 1822, 1823, 1825, 1826, 1827, 1828, 1830, 1838, 1839, 1840, 1841, 1847, 1849, 1865, 1866, 1867, 1869, 1870, 1871, 1872, 1873, 1874, 1875, 1876, 1883, 1885, 1886], "excluded_lines": [1747]}, "ExploitAgent.AdaptiveRateLimiter": {"executed_lines": [363, 364, 365, 366, 367, 368, 369, 371, 380, 381, 382, 384, 385, 389, 390, 391, 392, 393, 394, 395, 397, 399, 400, 401, 403, 406, 407, 408], "summary": {"covered_lines": 28, "num_statements": 30, "percent_covered": 93.33333333333333, "percent_covered_display": "93.33", "missing_lines": 2, "excluded_lines": 0, "percent_statements_covered": 93.33333333333333, "percent_statements_covered_display": "93.33"}, "missing_lines": [375, 376], "excluded_lines": []}, "": {"executed_lines": [1, 3, 5, 6, 7, 8, 9, 10, 11, 12, 13, 14, 15, 16, 18, 20, 21, 22, 23, 24, 25, 28, 29, 62, 105, 106, 108, 113, 167, 195, 196, 198, 211, 212, 221, 222, 224, 299, 300, 301, 302, 304, 318, 335, 350, 351, 362, 373, 378, 387, 410, 456, 664, 703, 896, 959, 969, 1050, 1062, 1146, 1157, 1188, 1214, 1224, 1254, 1488, 1520, 1552, 1585, 1606, 1623, 1691, 1746, 1749, 1789, 1832, 1863, 1878], "summary": {"covered_lines": 72, "num_statements": 81, "percent_covered": 88.88888888888889, "percent_covered_display": "88.89", "missing_lines": 9, "excluded_lines": 1, "percent_statements_covered": 88.88888888888889, "percent_statements_covered_display": "88.89"}, "missing_lines": [179, 180, 183, 184, 187, 188, 189, 190, 192], "excluded_lines": [1746]}}}, "secbrain/agents/exploit_pattern_db.py": {"executed_lines": [1, 3, 4, 5, 6, 7, 10, 11, 12, 13, 14, 15, 16, 17, 19, 30, 31, 33, 34, 35, 36, 37, 39, 40, 41, 46, 53, 65], "summary": {"covered_lines": 27, "num_statements": 52, "percent_covered": 51.92307692307692, "percent_covered_display": "51.92", "missing_lines": 25, "excluded_lines": 0, "percent_statements_covered": 51.92307692307692, "percent_statements_covered_display": "51.92"}, "missing_lines": [20, 42, 43, 44, 47, 48, 49, 50, 51, 54, 62, 63, 67, 68, 69, 70, 71, 72, 73, 74, 75, 76, 77, 78, 79], "excluded_lines": [], "functions": {"ExploitPattern.to_dict": {"executed_lines": [], "summary": {"covered_lines": 0, "num_statements": 1, "percent_covered": 0.0, "percent_covered_display": "0.00", "missing_lines": 1, "excluded_lines": 0, "percent_statements_covered": 0.0, "percent_statements_covered_display": "0.00"}, "missing_lines": [20], "excluded_lines": []}, "ExploitPatternDatabase.__init__": {"executed_lines": [34, 35, 36, 37], "summary": {"covered_lines": 4, "num_statements": 4, "percent_covered": 100.0, "percent_covered_display": "100.00", "missing_lines": 0, "excluded_lines": 0, "percent_statements_covered": 100.0, "percent_statements_covered_display": "100.00"}, "missing_lines": [], "excluded_lines": []}, "ExploitPatternDatabase._load": {"executed_lines": [40, 41], "summary": {"covered_lines": 2, "num_statements": 5, "percent_covered": 40.0, "percent_covered_display": "40.00", "missing_lines": 3, "excluded_lines": 0, "percent_statements_covered": 40.0, "percent_statements_covered_display": "40.00"}, "missing_lines": [42, 43, 44], "excluded_lines": []}, "ExploitPatternDatabase._save": {"executed_lines": [], "summary": {"covered_lines": 0, "num_statements": 5, "percent_covered": 0.0, "percent_covered_display": "0.00", "missing_lines": 5, "excluded_lines": 0, "percent_statements_covered": 0.0, "percent_statements_covered_display": "0.00"}, "missing_lines": [47, 48, 49, 50, 51], "excluded_lines": []}, "ExploitPatternDatabase.record_successful_exploit": {"executed_lines": [], "summary": {"covered_lines": 0, "num_statements": 3, "percent_covered": 0.0, "percent_covered_display": "0.00", "missing_lines": 3, "excluded_lines": 0, "percent_statements_covered": 0.0, "percent_statements_covered_display": "0.00"}, "missing_lines": [54, 62, 63], "excluded_lines": []}, "ExploitPatternDatabase.find_similar": {"executed_lines": [], "summary": {"covered_lines": 0, "num_statements": 13, "percent_covered": 0.0, "percent_covered_display": "0.00", "missing_lines": 13, "excluded_lines": 0, "percent_statements_covered": 0.0, "percent_statements_covered_display": "0.00"}, "missing_lines": [67, 68, 69, 70, 71, 72, 73, 74, 75, 76, 77, 78, 79], "excluded_lines": []}, "": {"executed_lines": [1, 3, 4, 5, 6, 7, 10, 11, 12, 13, 14, 15, 16, 17, 19, 30, 31, 33, 39, 46, 53, 65], "summary": {"covered_lines": 21, "num_statements": 21, "percent_covered": 100.0, "percent_covered_display": "100.00", "missing_lines": 0, "excluded_lines": 0, "percent_statements_covered": 100.0, "percent_statements_covered_display": "100.00"}, "missing_lines": [], "excluded_lines": []}}, "classes": {"ExploitPattern": {"executed_lines": [], "summary": {"covered_lines": 0, "num_statements": 1, "percent_covered": 0.0, "percent_covered_display": "0.00", "missing_lines": 1, "excluded_lines": 0, "percent_statements_covered": 0.0, "percent_statements_covered_display": "0.00"}, "missing_lines": [20], "excluded_lines": []}, "ExploitPatternDatabase": {"executed_lines": [34, 35, 36, 37, 40, 41], "summary": {"covered_lines": 6, "num_statements": 30, "percent_covered": 20.0, "percent_covered_display": "20.00", "missing_lines": 24, "excluded_lines": 0, "percent_statements_covered": 20.0, "percent_statements_covered_display": "20.00"}, "missing_lines": [42, 43, 44, 47, 48, 49, 50, 51, 54, 62, 63, 67, 68, 69, 70, 71, 72, 73, 74, 75, 76, 77, 78, 79], "excluded_lines": []}, "": {"executed_lines": [1, 3, 4, 5, 6, 7, 10, 11, 12, 13, 14, 15, 16, 17, 19, 30, 31, 33, 39, 46, 53, 65], "summary": {"covered_lines": 21, "num_statements": 21, "percent_covered": 100.0, "percent_covered_display": "100.00", "missing_lines": 0, "excluded_lines": 0, "percent_statements_covered": 100.0, "percent_statements_covered_display": "100.00"}, "missing_lines": [], "excluded_lines": []}}}, "secbrain/agents/exploit_specialists.py": {"executed_lines": [1, 3, 4, 5, 7, 17, 18, 21, 22, 24, 26, 27, 29, 30, 31, 33, 36, 48, 103, 104, 106, 107, 114, 124, 125, 126, 128, 143, 145, 146, 147, 149, 150, 151, 153, 154, 163, 166, 167, 168, 180, 182, 184, 197, 198, 203, 206, 207, 209, 217, 232, 233, 235, 243, 258, 259, 261, 269, 284, 285, 286, 292, 303, 322, 392, 393, 395, 403, 419, 420, 422, 426, 453, 454, 456, 459, 474, 475, 477, 478, 479, 490, 491, 492, 493, 496, 506, 507, 508, 509, 511, 522, 525, 526, 529, 530], "summary": {"covered_lines": 94, "num_statements": 183, "percent_covered": 51.36612021857923, "percent_covered_display": "51.37", "missing_lines": 89, "excluded_lines": 0, "percent_statements_covered": 51.36612021857923, "percent_statements_covered_display": "51.37"}, "missing_lines": [34, 46, 61, 63, 64, 65, 67, 68, 69, 71, 72, 81, 94, 95, 97, 98, 100, 171, 172, 173, 174, 200, 201, 211, 227, 228, 229, 236, 253, 254, 255, 262, 279, 280, 281, 298, 299, 300, 301, 313, 314, 315, 320, 333, 335, 336, 337, 338, 340, 343, 344, 346, 347, 348, 349, 358, 359, 360, 361, 363, 364, 365, 366, 367, 368, 369, 370, 371, 373, 386, 387, 389, 396, 413, 414, 424, 437, 438, 439, 440, 441, 443, 450, 457, 469, 470, 471, 494, 512], "excluded_lines": [], "functions": {"ExploitSpecialist.__init__": {"executed_lines": [27], "summary": {"covered_lines": 1, "num_statements": 1, "percent_covered": 100.0, "percent_covered_display": "100.00", "missing_lines": 0, "excluded_lines": 0, "percent_statements_covered": 100.0, "percent_statements_covered_display": "100.00"}, "missing_lines": [], "excluded_lines": []}, "ExploitSpecialist.can_handle": {"executed_lines": [30, 31], "summary": {"covered_lines": 2, "num_statements": 2, "percent_covered": 100.0, "percent_covered_display": "100.00", "missing_lines": 0, "excluded_lines": 0, "percent_statements_covered": 100.0, "percent_statements_covered_display": "100.00"}, "missing_lines": [], "excluded_lines": []}, "ExploitSpecialist.generate_payloads": {"executed_lines": [], "summary": {"covered_lines": 0, "num_statements": 1, "percent_covered": 0.0, "percent_covered_display": "0.00", "missing_lines": 1, "excluded_lines": 0, "percent_statements_covered": 0.0, "percent_statements_covered_display": "0.00"}, "missing_lines": [34], "excluded_lines": []}, "ExploitSpecialist.verify": {"executed_lines": [], "summary": {"covered_lines": 0, "num_statements": 1, "percent_covered": 0.0, "percent_covered_display": "0.00", "missing_lines": 1, "excluded_lines": 0, "percent_statements_covered": 0.0, "percent_statements_covered_display": "0.00"}, "missing_lines": [46], "excluded_lines": []}, "ExploitSpecialist.run_with_adaptation": {"executed_lines": [], "summary": {"covered_lines": 0, "num_statements": 15, "percent_covered": 0.0, "percent_covered_display": "0.00", "missing_lines": 15, "excluded_lines": 0, "percent_statements_covered": 0.0, "percent_statements_covered_display": "0.00"}, "missing_lines": [61, 63, 64, 65, 67, 68, 69, 71, 72, 81, 94, 95, 97, 98, 100], "excluded_lines": []}, "XSSSpecialist.generate_payloads": {"executed_lines": [107], "summary": {"covered_lines": 1, "num_statements": 1, "percent_covered": 100.0, "percent_covered_display": "100.00", "missing_lines": 0, "excluded_lines": 0, "percent_statements_covered": 100.0, "percent_statements_covered_display": "100.00"}, "missing_lines": [], "excluded_lines": []}, "XSSSpecialist.verify": {"executed_lines": [124, 125, 126], "summary": {"covered_lines": 3, "num_statements": 3, "percent_covered": 100.0, "percent_covered_display": "100.00", "missing_lines": 0, "excluded_lines": 0, "percent_statements_covered": 100.0, "percent_statements_covered_display": "100.00"}, "missing_lines": [], "excluded_lines": []}, "XSSSpecialist.run_with_adaptation": {"executed_lines": [143, 145, 146, 147, 149, 150, 151, 153, 154, 163, 166, 167, 168, 180, 182, 184, 197, 198, 203], "summary": {"covered_lines": 19, "num_statements": 25, "percent_covered": 76.0, "percent_covered_display": "76.00", "missing_lines": 6, "excluded_lines": 0, "percent_statements_covered": 76.0, "percent_statements_covered_display": "76.00"}, "missing_lines": [171, 172, 173, 174, 200, 201], "excluded_lines": []}, "SSTISpecialist.generate_payloads": {"executed_lines": [], "summary": {"covered_lines": 0, "num_statements": 1, "percent_covered": 0.0, "percent_covered_display": "0.00", "missing_lines": 1, "excluded_lines": 0, "percent_statements_covered": 0.0, "percent_statements_covered_display": "0.00"}, "missing_lines": [211], "excluded_lines": []}, "SSTISpecialist.verify": {"executed_lines": [], "summary": {"covered_lines": 0, "num_statements": 3, "percent_covered": 0.0, "percent_covered_display": "0.00", "missing_lines": 3, "excluded_lines": 0, "percent_statements_covered": 0.0, "percent_statements_covered_display": "0.00"}, "missing_lines": [227, 228, 229], "excluded_lines": []}, "SQLiSpecialist.generate_payloads": {"executed_lines": [], "summary": {"covered_lines": 0, "num_statements": 1, "percent_covered": 0.0, "percent_covered_display": "0.00", "missing_lines": 1, "excluded_lines": 0, "percent_statements_covered": 0.0, "percent_statements_covered_display": "0.00"}, "missing_lines": [236], "excluded_lines": []}, "SQLiSpecialist.verify": {"executed_lines": [], "summary": {"covered_lines": 0, "num_statements": 3, "percent_covered": 0.0, "percent_covered_display": "0.00", "missing_lines": 3, "excluded_lines": 0, "percent_statements_covered": 0.0, "percent_statements_covered_display": "0.00"}, "missing_lines": [253, 254, 255], "excluded_lines": []}, "NoSQLiSpecialist.generate_payloads": {"executed_lines": [], "summary": {"covered_lines": 0, "num_statements": 1, "percent_covered": 0.0, "percent_covered_display": "0.00", "missing_lines": 1, "excluded_lines": 0, "percent_statements_covered": 0.0, "percent_statements_covered_display": "0.00"}, "missing_lines": [262], "excluded_lines": []}, "NoSQLiSpecialist.verify": {"executed_lines": [], "summary": {"covered_lines": 0, "num_statements": 3, "percent_covered": 0.0, "percent_covered_display": "0.00", "missing_lines": 3, "excluded_lines": 0, "percent_statements_covered": 0.0, "percent_statements_covered_display": "0.00"}, "missing_lines": [279, 280, 281], "excluded_lines": []}, "SSRFSpecialist.generate_payloads": {"executed_lines": [], "summary": {"covered_lines": 0, "num_statements": 4, "percent_covered": 0.0, "percent_covered_display": "0.00", "missing_lines": 4, "excluded_lines": 0, "percent_statements_covered": 0.0, "percent_statements_covered_display": "0.00"}, "missing_lines": [298, 299, 300, 301], "excluded_lines": []}, "SSRFSpecialist.verify": {"executed_lines": [], "summary": {"covered_lines": 0, "num_statements": 4, "percent_covered": 0.0, "percent_covered_display": "0.00", "missing_lines": 4, "excluded_lines": 0, "percent_statements_covered": 0.0, "percent_statements_covered_display": "0.00"}, "missing_lines": [313, 314, 315, 320], "excluded_lines": []}, "SSRFSpecialist.run_with_context": {"executed_lines": [], "summary": {"covered_lines": 0, "num_statements": 29, "percent_covered": 0.0, "percent_covered_display": "0.00", "missing_lines": 29, "excluded_lines": 0, "percent_statements_covered": 0.0, "percent_statements_covered_display": "0.00"}, "missing_lines": [333, 335, 336, 337, 338, 340, 343, 344, 346, 347, 348, 349, 358, 359, 360, 361, 363, 364, 365, 366, 367, 368, 369, 370, 371, 373, 386, 387, 389], "excluded_lines": []}, "PathTraversalSpecialist.generate_payloads": {"executed_lines": [], "summary": {"covered_lines": 0, "num_statements": 1, "percent_covered": 0.0, "percent_covered_display": "0.00", "missing_lines": 1, "excluded_lines": 0, "percent_statements_covered": 0.0, "percent_statements_covered_display": "0.00"}, "missing_lines": [396], "excluded_lines": []}, "PathTraversalSpecialist.verify": {"executed_lines": [], "summary": {"covered_lines": 0, "num_statements": 2, "percent_covered": 0.0, "percent_covered_display": "0.00", "missing_lines": 2, "excluded_lines": 0, "percent_statements_covered": 0.0, "percent_statements_covered_display": "0.00"}, "missing_lines": [413, 414], "excluded_lines": []}, "IDORSpecialist.generate_payloads": {"executed_lines": [], "summary": {"covered_lines": 0, "num_statements": 1, "percent_covered": 0.0, "percent_covered_display": "0.00", "missing_lines": 1, "excluded_lines": 0, "percent_statements_covered": 0.0, "percent_statements_covered_display": "0.00"}, "missing_lines": [424], "excluded_lines": []}, "IDORSpecialist.verify": {"executed_lines": [], "summary": {"covered_lines": 0, "num_statements": 7, "percent_covered": 0.0, "percent_covered_display": "0.00", "missing_lines": 7, "excluded_lines": 0, "percent_statements_covered": 0.0, "percent_statements_covered_display": "0.00"}, "missing_lines": [437, 438, 439, 440, 441, 443, 450], "excluded_lines": []}, "GenericSpecialist.generate_payloads": {"executed_lines": [], "summary": {"covered_lines": 0, "num_statements": 1, "percent_covered": 0.0, "percent_covered_display": "0.00", "missing_lines": 1, "excluded_lines": 0, "percent_statements_covered": 0.0, "percent_statements_covered_display": "0.00"}, "missing_lines": [457], "excluded_lines": []}, "GenericSpecialist.verify": {"executed_lines": [], "summary": {"covered_lines": 0, "num_statements": 3, "percent_covered": 0.0, "percent_covered_display": "0.00", "missing_lines": 3, "excluded_lines": 0, "percent_statements_covered": 0.0, "percent_statements_covered_display": "0.00"}, "missing_lines": [469, 470, 471], "excluded_lines": []}, "ExploitRouter.__init__": {"executed_lines": [478, 479], "summary": {"covered_lines": 2, "num_statements": 2, "percent_covered": 100.0, "percent_covered_display": "100.00", "missing_lines": 0, "excluded_lines": 0, "percent_statements_covered": 100.0, "percent_statements_covered_display": "100.00"}, "missing_lines": [], "excluded_lines": []}, "ExploitRouter.select": {"executed_lines": [491, 492, 493], "summary": {"covered_lines": 3, "num_statements": 4, "percent_covered": 75.0, "percent_covered_display": "75.00", "missing_lines": 1, "excluded_lines": 0, "percent_statements_covered": 75.0, "percent_statements_covered_display": "75.00"}, "missing_lines": [494], "excluded_lines": []}, "ExploitRouter.run": {"executed_lines": [506, 507, 508, 509, 511, 522, 525, 526, 529, 530], "summary": {"covered_lines": 10, "num_statements": 11, "percent_covered": 90.9090909090909, "percent_covered_display": "90.91", "missing_lines": 1, "excluded_lines": 0, "percent_statements_covered": 90.9090909090909, "percent_statements_covered_display": "90.91"}, "missing_lines": [512], "excluded_lines": []}, "": {"executed_lines": [1, 3, 4, 5, 7, 17, 18, 21, 22, 24, 26, 29, 33, 36, 48, 103, 104, 106, 114, 128, 206, 207, 209, 217, 232, 233, 235, 243, 258, 259, 261, 269, 284, 285, 286, 292, 303, 322, 392, 393, 395, 403, 419, 420, 422, 426, 453, 454, 456, 459, 474, 475, 477, 490, 496], "summary": {"covered_lines": 53, "num_statements": 53, "percent_covered": 100.0, "percent_covered_display": "100.00", "missing_lines": 0, "excluded_lines": 0, "percent_statements_covered": 100.0, "percent_statements_covered_display": "100.00"}, "missing_lines": [], "excluded_lines": []}}, "classes": {"ExploitSpecialist": {"executed_lines": [27, 30, 31], "summary": {"covered_lines": 3, "num_statements": 20, "percent_covered": 15.0, "percent_covered_display": "15.00", "missing_lines": 17, "excluded_lines": 0, "percent_statements_covered": 15.0, "percent_statements_covered_display": "15.00"}, "missing_lines": [34, 46, 61, 63, 64, 65, 67, 68, 69, 71, 72, 81, 94, 95, 97, 98, 100], "excluded_lines": []}, "XSSSpecialist": {"executed_lines": [107, 124, 125, 126, 143, 145, 146, 147, 149, 150, 151, 153, 154, 163, 166, 167, 168, 180, 182, 184, 197, 198, 203], "summary": {"covered_lines": 23, "num_statements": 29, "percent_covered": 79.3103448275862, "percent_covered_display": "79.31", "missing_lines": 6, "excluded_lines": 0, "percent_statements_covered": 79.3103448275862, "percent_statements_covered_display": "79.31"}, "missing_lines": [171, 172, 173, 174, 200, 201], "excluded_lines": []}, "SSTISpecialist": {"executed_lines": [], "summary": {"covered_lines": 0, "num_statements": 4, "percent_covered": 0.0, "percent_covered_display": "0.00", "missing_lines": 4, "excluded_lines": 0, "percent_statements_covered": 0.0, "percent_statements_covered_display": "0.00"}, "missing_lines": [211, 227, 228, 229], "excluded_lines": []}, "SQLiSpecialist": {"executed_lines": [], "summary": {"covered_lines": 0, "num_statements": 4, "percent_covered": 0.0, "percent_covered_display": "0.00", "missing_lines": 4, "excluded_lines": 0, "percent_statements_covered": 0.0, "percent_statements_covered_display": "0.00"}, "missing_lines": [236, 253, 254, 255], "excluded_lines": []}, "NoSQLiSpecialist": {"executed_lines": [], "summary": {"covered_lines": 0, "num_statements": 4, "percent_covered": 0.0, "percent_covered_display": "0.00", "missing_lines": 4, "excluded_lines": 0, "percent_statements_covered": 0.0, "percent_statements_covered_display": "0.00"}, "missing_lines": [262, 279, 280, 281], "excluded_lines": []}, "SSRFSpecialist": {"executed_lines": [], "summary": {"covered_lines": 0, "num_statements": 37, "percent_covered": 0.0, "percent_covered_display": "0.00", "missing_lines": 37, "excluded_lines": 0, "percent_statements_covered": 0.0, "percent_statements_covered_display": "0.00"}, "missing_lines": [298, 299, 300, 301, 313, 314, 315, 320, 333, 335, 336, 337, 338, 340, 343, 344, 346, 347, 348, 349, 358, 359, 360, 361, 363, 364, 365, 366, 367, 368, 369, 370, 371, 373, 386, 387, 389], "excluded_lines": []}, "PathTraversalSpecialist": {"executed_lines": [], "summary": {"covered_lines": 0, "num_statements": 3, "percent_covered": 0.0, "percent_covered_display": "0.00", "missing_lines": 3, "excluded_lines": 0, "percent_statements_covered": 0.0, "percent_statements_covered_display": "0.00"}, "missing_lines": [396, 413, 414], "excluded_lines": []}, "IDORSpecialist": {"executed_lines": [], "summary": {"covered_lines": 0, "num_statements": 8, "percent_covered": 0.0, "percent_covered_display": "0.00", "missing_lines": 8, "excluded_lines": 0, "percent_statements_covered": 0.0, "percent_statements_covered_display": "0.00"}, "missing_lines": [424, 437, 438, 439, 440, 441, 443, 450], "excluded_lines": []}, "GenericSpecialist": {"executed_lines": [], "summary": {"covered_lines": 0, "num_statements": 4, "percent_covered": 0.0, "percent_covered_display": "0.00", "missing_lines": 4, "excluded_lines": 0, "percent_statements_covered": 0.0, "percent_statements_covered_display": "0.00"}, "missing_lines": [457, 469, 470, 471], "excluded_lines": []}, "ExploitRouter": {"executed_lines": [478, 479, 491, 492, 493, 506, 507, 508, 509, 511, 522, 525, 526, 529, 530], "summary": {"covered_lines": 15, "num_statements": 17, "percent_covered": 88.23529411764706, "percent_covered_display": "88.24", "missing_lines": 2, "excluded_lines": 0, "percent_statements_covered": 88.23529411764706, "percent_statements_covered_display": "88.24"}, "missing_lines": [494, 512], "excluded_lines": []}, "": {"executed_lines": [1, 3, 4, 5, 7, 17, 18, 21, 22, 24, 26, 29, 33, 36, 48, 103, 104, 106, 114, 128, 206, 207, 209, 217, 232, 233, 235, 243, 258, 259, 261, 269, 284, 285, 286, 292, 303, 322, 392, 393, 395, 403, 419, 420, 422, 426, 453, 454, 456, 459, 474, 475, 477, 490, 496], "summary": {"covered_lines": 53, "num_statements": 53, "percent_covered": 100.0, "percent_covered_display": "100.00", "missing_lines": 0, "excluded_lines": 0, "percent_statements_covered": 100.0, "percent_statements_covered_display": "100.00"}, "missing_lines": [], "excluded_lines": []}}}, "secbrain/agents/hypothesis_enhancement.py": {"executed_lines": [1, 3, 5, 7, 11, 12, 13, 14, 17, 18, 27, 28, 30, 45, 48, 54, 56, 107, 122, 123, 124, 125, 126, 129, 132, 134, 147, 149, 164, 165, 168, 169, 170, 171, 172, 175, 178, 179, 180, 182, 184, 192, 194, 202, 204, 212], "summary": {"covered_lines": 43, "num_statements": 61, "percent_covered": 70.49180327868852, "percent_covered_display": "70.49", "missing_lines": 18, "excluded_lines": 2, "percent_statements_covered": 70.49180327868852, "percent_statements_covered_display": "70.49"}, "missing_lines": [59, 60, 64, 83, 85, 86, 89, 90, 91, 92, 95, 96, 97, 98, 99, 101, 103, 105], "excluded_lines": [7, 8], "functions": {"HypothesisEnhancer.__init__": {"executed_lines": [28], "summary": {"covered_lines": 1, "num_statements": 1, "percent_covered": 100.0, "percent_covered_display": "100.00", "missing_lines": 0, "excluded_lines": 0, "percent_statements_covered": 100.0, "percent_statements_covered_display": "100.00"}, "missing_lines": [], "excluded_lines": []}, "HypothesisEnhancer.enhance_contract_hypotheses": {"executed_lines": [45, 48, 54, 56], "summary": {"covered_lines": 4, "num_statements": 22, "percent_covered": 18.181818181818183, "percent_covered_display": "18.18", "missing_lines": 18, "excluded_lines": 0, "percent_statements_covered": 18.181818181818183, "percent_statements_covered_display": "18.18"}, "missing_lines": [59, 60, 64, 83, 85, 86, 89, 90, 91, 92, 95, 96, 97, 98, 99, 101, 103, 105], "excluded_lines": []}, "HypothesisEnhancer.generate_targeted_llm_prompt": {"executed_lines": [122, 123, 124, 125, 126, 129, 132, 134, 147], "summary": {"covered_lines": 9, "num_statements": 9, "percent_covered": 100.0, "percent_covered_display": "100.00", "missing_lines": 0, "excluded_lines": 0, "percent_statements_covered": 100.0, "percent_statements_covered_display": "100.00"}, "missing_lines": [], "excluded_lines": []}, "HypothesisEnhancer.refine_from_failures": {"executed_lines": [164, 165, 168, 169, 170, 171, 172, 175, 178, 179, 180, 182, 184, 192, 194, 202, 204, 212], "summary": {"covered_lines": 18, "num_statements": 18, "percent_covered": 100.0, "percent_covered_display": "100.00", "missing_lines": 0, "excluded_lines": 0, "percent_statements_covered": 100.0, "percent_statements_covered_display": "100.00"}, "missing_lines": [], "excluded_lines": []}, "": {"executed_lines": [1, 3, 5, 7, 11, 12, 13, 14, 17, 18, 27, 30, 107, 149], "summary": {"covered_lines": 11, "num_statements": 11, "percent_covered": 100.0, "percent_covered_display": "100.00", "missing_lines": 0, "excluded_lines": 2, "percent_statements_covered": 100.0, "percent_statements_covered_display": "100.00"}, "missing_lines": [], "excluded_lines": [7, 8]}}, "classes": {"HypothesisEnhancer": {"executed_lines": [28, 45, 48, 54, 56, 122, 123, 124, 125, 126, 129, 132, 134, 147, 164, 165, 168, 169, 170, 171, 172, 175, 178, 179, 180, 182, 184, 192, 194, 202, 204, 212], "summary": {"covered_lines": 32, "num_statements": 50, "percent_covered": 64.0, "percent_covered_display": "64.00", "missing_lines": 18, "excluded_lines": 0, "percent_statements_covered": 64.0, "percent_statements_covered_display": "64.00"}, "missing_lines": [59, 60, 64, 83, 85, 86, 89, 90, 91, 92, 95, 96, 97, 98, 99, 101, 103, 105], "excluded_lines": []}, "": {"executed_lines": [1, 3, 5, 7, 11, 12, 13, 14, 17, 18, 27, 30, 107, 149], "summary": {"covered_lines": 11, "num_statements": 11, "percent_covered": 100.0, "percent_covered_display": "100.00", "missing_lines": 0, "excluded_lines": 2, "percent_statements_covered": 100.0, "percent_statements_covered_display": "100.00"}, "missing_lines": [], "excluded_lines": [7, 8]}}}, "secbrain/agents/hypothesis_enhancer.py": {"executed_lines": [], "summary": {"covered_lines": 0, "num_statements": 110, "percent_covered": 0.0, "percent_covered_display": "0.00", "missing_lines": 110, "excluded_lines": 0, "percent_statements_covered": 0.0, "percent_statements_covered_display": "0.00"}, "missing_lines": [3, 5, 7, 9, 12, 15, 24, 25, 27, 34, 35, 38, 44, 46, 49, 50, 51, 52, 53, 54, 57, 58, 59, 60, 61, 67, 68, 69, 71, 73, 81, 82, 83, 85, 87, 90, 91, 92, 93, 94, 95, 98, 100, 107, 108, 110, 111, 124, 126, 133, 134, 136, 137, 149, 151, 158, 159, 160, 163, 165, 168, 170, 201, 204, 210, 211, 213, 214, 215, 217, 219, 222, 223, 225, 227, 228, 229, 231, 233, 235, 238, 239, 240, 241, 242, 243, 244, 245, 246, 247, 249, 251, 261, 262, 263, 264, 265, 268, 269, 272, 273, 276, 277, 278, 280, 282, 283, 285, 286, 289], "excluded_lines": [], "functions": {"HypothesisEnhancer.__init__": {"executed_lines": [], "summary": {"covered_lines": 0, "num_statements": 1, "percent_covered": 0.0, "percent_covered_display": "0.00", "missing_lines": 1, "excluded_lines": 0, "percent_statements_covered": 0.0, "percent_statements_covered_display": "0.00"}, "missing_lines": [25], "excluded_lines": []}, "HypothesisEnhancer.enhance_contract_hypotheses": {"executed_lines": [], "summary": {"covered_lines": 0, "num_statements": 20, "percent_covered": 0.0, "percent_covered_display": "0.00", "missing_lines": 20, "excluded_lines": 0, "percent_statements_covered": 0.0, "percent_statements_covered_display": "0.00"}, "missing_lines": [34, 35, 38, 44, 46, 49, 50, 51, 52, 53, 54, 57, 58, 59, 60, 61, 67, 68, 69, 71], "excluded_lines": []}, "HypothesisEnhancer.refine_from_failures": {"executed_lines": [], "summary": {"covered_lines": 0, "num_statements": 24, "percent_covered": 0.0, "percent_covered_display": "0.00", "missing_lines": 24, "excluded_lines": 0, "percent_statements_covered": 0.0, "percent_statements_covered_display": "0.00"}, "missing_lines": [81, 82, 83, 85, 87, 90, 91, 92, 93, 94, 95, 98, 100, 107, 108, 110, 111, 124, 126, 133, 134, 136, 137, 149], "excluded_lines": []}, "HypothesisEnhancer.generate_targeted_llm_prompt": {"executed_lines": [], "summary": {"covered_lines": 0, "num_statements": 7, "percent_covered": 0.0, "percent_covered_display": "0.00", "missing_lines": 7, "excluded_lines": 0, "percent_statements_covered": 0.0, "percent_statements_covered_display": "0.00"}, "missing_lines": [158, 159, 160, 163, 165, 168, 170], "excluded_lines": []}, "HypothesisEnhancer._extract_vulnerability_types": {"executed_lines": [], "summary": {"covered_lines": 0, "num_statements": 7, "percent_covered": 0.0, "percent_covered_display": "0.00", "missing_lines": 7, "excluded_lines": 0, "percent_statements_covered": 0.0, "percent_statements_covered_display": "0.00"}, "missing_lines": [204, 210, 211, 213, 214, 215, 217], "excluded_lines": []}, "HypothesisEnhancer._extract_patterns_from_research": {"executed_lines": [], "summary": {"covered_lines": 0, "num_statements": 7, "percent_covered": 0.0, "percent_covered_display": "0.00", "missing_lines": 7, "excluded_lines": 0, "percent_statements_covered": 0.0, "percent_statements_covered_display": "0.00"}, "missing_lines": [222, 223, 225, 227, 228, 229, 231], "excluded_lines": []}, "HypothesisEnhancer._categorize_failure": {"executed_lines": [], "summary": {"covered_lines": 0, "num_statements": 12, "percent_covered": 0.0, "percent_covered_display": "0.00", "missing_lines": 12, "excluded_lines": 0, "percent_statements_covered": 0.0, "percent_statements_covered_display": "0.00"}, "missing_lines": [235, 238, 239, 240, 241, 242, 243, 244, 245, 246, 247, 249], "excluded_lines": []}, "HypothesisEnhancer.calibrate_confidence": {"executed_lines": [], "summary": {"covered_lines": 0, "num_statements": 18, "percent_covered": 0.0, "percent_covered_display": "0.00", "missing_lines": 18, "excluded_lines": 0, "percent_statements_covered": 0.0, "percent_statements_covered_display": "0.00"}, "missing_lines": [261, 262, 263, 264, 265, 268, 269, 272, 273, 276, 277, 278, 280, 282, 283, 285, 286, 289], "excluded_lines": []}, "": {"executed_lines": [], "summary": {"covered_lines": 0, "num_statements": 14, "percent_covered": 0.0, "percent_covered_display": "0.00", "missing_lines": 14, "excluded_lines": 0, "percent_statements_covered": 0.0, "percent_statements_covered_display": "0.00"}, "missing_lines": [3, 5, 7, 9, 12, 15, 24, 27, 73, 151, 201, 219, 233, 251], "excluded_lines": []}}, "classes": {"HypothesisEnhancer": {"executed_lines": [], "summary": {"covered_lines": 0, "num_statements": 96, "percent_covered": 0.0, "percent_covered_display": "0.00", "missing_lines": 96, "excluded_lines": 0, "percent_statements_covered": 0.0, "percent_statements_covered_display": "0.00"}, "missing_lines": [25, 34, 35, 38, 44, 46, 49, 50, 51, 52, 53, 54, 57, 58, 59, 60, 61, 67, 68, 69, 71, 81, 82, 83, 85, 87, 90, 91, 92, 93, 94, 95, 98, 100, 107, 108, 110, 111, 124, 126, 133, 134, 136, 137, 149, 158, 159, 160, 163, 165, 168, 170, 204, 210, 211, 213, 214, 215, 217, 222, 223, 225, 227, 228, 229, 231, 235, 238, 239, 240, 241, 242, 243, 244, 245, 246, 247, 249, 261, 262, 263, 264, 265, 268, 269, 272, 273, 276, 277, 278, 280, 282, 283, 285, 286, 289], "excluded_lines": []}, "": {"executed_lines": [], "summary": {"covered_lines": 0, "num_statements": 14, "percent_covered": 0.0, "percent_covered_display": "0.00", "missing_lines": 14, "excluded_lines": 0, "percent_statements_covered": 0.0, "percent_statements_covered_display": "0.00"}, "missing_lines": [3, 5, 7, 9, 12, 15, 24, 27, 73, 151, 201, 219, 233, 251], "excluded_lines": []}}}, "secbrain/agents/meta_learning_agent.py": {"executed_lines": [1, 3, 5, 6, 7, 9, 12, 13, 22, 23, 25, 85, 130, 177, 246, 271, 322], "summary": {"covered_lines": 15, "num_statements": 115, "percent_covered": 13.043478260869565, "percent_covered_display": "13.04", "missing_lines": 100, "excluded_lines": 0, "percent_statements_covered": 13.043478260869565, "percent_statements_covered_display": "13.04"}, "missing_lines": [27, 29, 30, 33, 34, 35, 36, 37, 40, 48, 55, 56, 60, 63, 69, 78, 80, 94, 95, 98, 99, 102, 103, 104, 107, 108, 110, 137, 138, 141, 142, 144, 146, 147, 148, 149, 151, 154, 155, 156, 157, 158, 161, 165, 196, 199, 200, 201, 202, 211, 212, 213, 216, 217, 218, 219, 222, 226, 227, 228, 229, 230, 233, 234, 235, 238, 242, 244, 252, 253, 256, 257, 258, 261, 266, 277, 280, 281, 282, 285, 286, 291, 292, 293, 294, 299, 300, 301, 306, 307, 317, 318, 320, 325, 326, 337, 338, 340, 341, 343], "excluded_lines": [], "functions": {"MetaLearningAgent.run": {"executed_lines": [], "summary": {"covered_lines": 0, "num_statements": 17, "percent_covered": 0.0, "percent_covered_display": "0.00", "missing_lines": 17, "excluded_lines": 0, "percent_statements_covered": 0.0, "percent_statements_covered_display": "0.00"}, "missing_lines": [27, 29, 30, 33, 34, 35, 36, 37, 40, 48, 55, 56, 60, 63, 69, 78, 80], "excluded_lines": []}, "MetaLearningAgent._calculate_metrics": {"executed_lines": [], "summary": {"covered_lines": 0, "num_statements": 10, "percent_covered": 0.0, "percent_covered_display": "0.00", "missing_lines": 10, "excluded_lines": 0, "percent_statements_covered": 0.0, "percent_statements_covered_display": "0.00"}, "missing_lines": [94, 95, 98, 99, 102, 103, 104, 107, 108, 110], "excluded_lines": []}, "MetaLearningAgent._analyze_effectiveness": {"executed_lines": [], "summary": {"covered_lines": 0, "num_statements": 17, "percent_covered": 0.0, "percent_covered_display": "0.00", "missing_lines": 17, "excluded_lines": 0, "percent_statements_covered": 0.0, "percent_statements_covered_display": "0.00"}, "missing_lines": [137, 138, 141, 142, 144, 146, 147, 148, 149, 151, 154, 155, 156, 157, 158, 161, 165], "excluded_lines": []}, "MetaLearningAgent._calculate_hypothesis_effectiveness": {"executed_lines": [], "summary": {"covered_lines": 0, "num_statements": 24, "percent_covered": 0.0, "percent_covered_display": "0.00", "missing_lines": 24, "excluded_lines": 0, "percent_statements_covered": 0.0, "percent_statements_covered_display": "0.00"}, "missing_lines": [196, 199, 200, 201, 202, 211, 212, 213, 216, 217, 218, 219, 222, 226, 227, 228, 229, 230, 233, 234, 235, 238, 242, 244], "excluded_lines": []}, "MetaLearningAgent._research_patterns": {"executed_lines": [], "summary": {"covered_lines": 0, "num_statements": 7, "percent_covered": 0.0, "percent_covered_display": "0.00", "missing_lines": 7, "excluded_lines": 0, "percent_statements_covered": 0.0, "percent_statements_covered_display": "0.00"}, "missing_lines": [252, 253, 256, 257, 258, 261, 266], "excluded_lines": []}, "MetaLearningAgent._generate_recommendations": {"executed_lines": [], "summary": {"covered_lines": 0, "num_statements": 18, "percent_covered": 0.0, "percent_covered_display": "0.00", "missing_lines": 18, "excluded_lines": 0, "percent_statements_covered": 0.0, "percent_statements_covered_display": "0.00"}, "missing_lines": [277, 280, 281, 282, 285, 286, 291, 292, 293, 294, 299, 300, 301, 306, 307, 317, 318, 320], "excluded_lines": []}, "MetaLearningAgent._store_learnings": {"executed_lines": [], "summary": {"covered_lines": 0, "num_statements": 7, "percent_covered": 0.0, "percent_covered_display": "0.00", "missing_lines": 7, "excluded_lines": 0, "percent_statements_covered": 0.0, "percent_statements_covered_display": "0.00"}, "missing_lines": [325, 326, 337, 338, 340, 341, 343], "excluded_lines": []}, "": {"executed_lines": [1, 3, 5, 6, 7, 9, 12, 13, 22, 23, 25, 85, 130, 177, 246, 271, 322], "summary": {"covered_lines": 15, "num_statements": 15, "percent_covered": 100.0, "percent_covered_display": "100.00", "missing_lines": 0, "excluded_lines": 0, "percent_statements_covered": 100.0, "percent_statements_covered_display": "100.00"}, "missing_lines": [], "excluded_lines": []}}, "classes": {"MetaLearningAgent": {"executed_lines": [], "summary": {"covered_lines": 0, "num_statements": 100, "percent_covered": 0.0, "percent_covered_display": "0.00", "missing_lines": 100, "excluded_lines": 0, "percent_statements_covered": 0.0, "percent_statements_covered_display": "0.00"}, "missing_lines": [27, 29, 30, 33, 34, 35, 36, 37, 40, 48, 55, 56, 60, 63, 69, 78, 80, 94, 95, 98, 99, 102, 103, 104, 107, 108, 110, 137, 138, 141, 142, 144, 146, 147, 148, 149, 151, 154, 155, 156, 157, 158, 161, 165, 196, 199, 200, 201, 202, 211, 212, 213, 216, 217, 218, 219, 222, 226, 227, 228, 229, 230, 233, 234, 235, 238, 242, 244, 252, 253, 256, 257, 258, 261, 266, 277, 280, 281, 282, 285, 286, 291, 292, 293, 294, 299, 300, 301, 306, 307, 317, 318, 320, 325, 326, 337, 338, 340, 341, 343], "excluded_lines": []}, "": {"executed_lines": [1, 3, 5, 6, 7, 9, 12, 13, 22, 23, 25, 85, 130, 177, 246, 271, 322], "summary": {"covered_lines": 15, "num_statements": 15, "percent_covered": 100.0, "percent_covered_display": "100.00", "missing_lines": 0, "excluded_lines": 0, "percent_statements_covered": 100.0, "percent_statements_covered_display": "100.00"}, "missing_lines": [], "excluded_lines": []}}}, "secbrain/agents/oracle_manipulation_detector.py": {"executed_lines": [1, 3, 5, 6, 9, 10, 11, 12, 13, 16, 17, 19, 27, 61, 120], "summary": {"covered_lines": 13, "num_statements": 62, "percent_covered": 20.967741935483872, "percent_covered_display": "20.97", "missing_lines": 49, "excluded_lines": 0, "percent_statements_covered": 20.967741935483872, "percent_statements_covered_display": "20.97"}, "missing_lines": [29, 30, 31, 32, 33, 34, 35, 38, 39, 40, 41, 42, 43, 44, 45, 46, 47, 48, 49, 50, 51, 52, 53, 55, 81, 82, 84, 85, 88, 89, 90, 91, 93, 94, 95, 96, 97, 99, 100, 101, 103, 105, 106, 112, 118, 127, 128, 129, 131], "excluded_lines": [], "functions": {"OracleManipulationDetector.detect_oracle_dependency": {"executed_lines": [], "summary": {"covered_lines": 0, "num_statements": 24, "percent_covered": 0.0, "percent_covered_display": "0.00", "missing_lines": 24, "excluded_lines": 0, "percent_statements_covered": 0.0, "percent_statements_covered_display": "0.00"}, "missing_lines": [29, 30, 31, 32, 33, 34, 35, 38, 39, 40, 41, 42, 43, 44, 45, 46, 47, 48, 49, 50, 51, 52, 53, 55], "excluded_lines": []}, "OracleManipulationDetector._resolve_pool_and_token": {"executed_lines": [], "summary": {"covered_lines": 0, "num_statements": 17, "percent_covered": 0.0, "percent_covered_display": "0.00", "missing_lines": 17, "excluded_lines": 0, "percent_statements_covered": 0.0, "percent_statements_covered_display": "0.00"}, "missing_lines": [81, 82, 84, 85, 88, 89, 90, 91, 93, 99, 100, 101, 103, 105, 106, 112, 118], "excluded_lines": []}, "OracleManipulationDetector._resolve_pool_and_token._pick": {"executed_lines": [], "summary": {"covered_lines": 0, "num_statements": 4, "percent_covered": 0.0, "percent_covered_display": "0.00", "missing_lines": 4, "excluded_lines": 0, "percent_statements_covered": 0.0, "percent_statements_covered_display": "0.00"}, "missing_lines": [94, 95, 96, 97], "excluded_lines": []}, "OracleManipulationDetector.generate_manipulation_exploit": {"executed_lines": [], "summary": {"covered_lines": 0, "num_statements": 4, "percent_covered": 0.0, "percent_covered_display": "0.00", "missing_lines": 4, "excluded_lines": 0, "percent_statements_covered": 0.0, "percent_statements_covered_display": "0.00"}, "missing
[...]
_display": "100.00"}, "missing_lines": [], "excluded_lines": []}, "diff_keywords": {"executed_lines": [45, 46, 47, 48, 49, 50, 51], "summary": {"covered_lines": 7, "num_statements": 7, "percent_covered": 100.0, "percent_covered_display": "100.00", "missing_lines": 0, "excluded_lines": 0, "percent_statements_covered": 100.0, "percent_statements_covered_display": "100.00"}, "missing_lines": [], "excluded_lines": []}, "diff_json_semantic": {"executed_lines": [55, 56, 57, 58, 59, 61], "summary": {"covered_lines": 6, "num_statements": 6, "percent_covered": 100.0, "percent_covered_display": "100.00", "missing_lines": 0, "excluded_lines": 0, "percent_statements_covered": 100.0, "percent_statements_covered_display": "100.00"}, "missing_lines": [], "excluded_lines": []}, "": {"executed_lines": [1, 3, 5, 6, 7, 8, 9, 12, 16, 20, 29, 37, 44, 54], "summary": {"covered_lines": 13, "num_statements": 13, "percent_covered": 100.0, "percent_covered_display": "100.00", "missing_lines": 0, "excluded_lines": 0, "percent_statements_covered": 100.0, "percent_statements_covered_display": "100.00"}, "missing_lines": [], "excluded_lines": []}}, "classes": {"": {"executed_lines": [1, 3, 5, 6, 7, 8, 9, 12, 13, 16, 17, 20, 21, 22, 23, 24, 25, 26, 29, 30, 31, 32, 33, 34, 37, 38, 44, 45, 46, 47, 48, 49, 50, 51, 54, 55, 56, 57, 58, 59, 61], "summary": {"covered_lines": 40, "num_statements": 40, "percent_covered": 100.0, "percent_covered_display": "100.00", "missing_lines": 0, "excluded_lines": 0, "percent_statements_covered": 100.0, "percent_statements_covered_display": "100.00"}, "missing_lines": [], "excluded_lines": []}}}, "secbrain/verification.py": {"executed_lines": [1, 7, 9, 10, 11, 12, 15, 19, 20, 21, 23, 24, 25, 26, 27, 29, 30, 39, 40, 41, 43, 44, 45, 46, 48, 49, 57, 58, 60, 62, 71, 72, 74, 118, 119, 121, 133, 197], "summary": {"covered_lines": 33, "num_statements": 69, "percent_covered": 47.82608695652174, "percent_covered_display": "47.83", "missing_lines": 36, "excluded_lines": 9, "percent_statements_covered": 47.82608695652174, "percent_statements_covered_display": "47.83"}, "missing_lines": [16, 81, 82, 83, 89, 90, 91, 92, 102, 110, 141, 143, 144, 145, 146, 148, 149, 151, 152, 153, 155, 156, 157, 159, 160, 171, 172, 178, 187, 189, 198, 199, 200, 201, 202, 203], "excluded_lines": [62, 63, 64, 65, 66, 67, 68, 69, 70], "functions": {"_sha256_text": {"executed_lines": [], "summary": {"covered_lines": 0, "num_statements": 1, "percent_covered": 0.0, "percent_covered_display": "0.00", "missing_lines": 1, "excluded_lines": 0, "percent_statements_covered": 0.0, "percent_statements_covered_display": "0.00"}, "missing_lines": [16], "excluded_lines": []}, "EvidenceBundle.to_dict": {"executed_lines": [30], "summary": {"covered_lines": 1, "num_statements": 1, "percent_covered": 100.0, "percent_covered_display": "100.00", "missing_lines": 0, "excluded_lines": 0, "percent_statements_covered": 100.0, "percent_statements_covered_display": "100.00"}, "missing_lines": [], "excluded_lines": []}, "VerificationResult.to_dict": {"executed_lines": [49], "summary": {"covered_lines": 1, "num_statements": 1, "percent_covered": 100.0, "percent_covered_display": "100.00", "missing_lines": 0, "excluded_lines": 0, "percent_statements_covered": 100.0, "percent_statements_covered_display": "100.00"}, "missing_lines": [], "excluded_lines": []}, "ExploitVerifier.verify": {"executed_lines": [], "summary": {"covered_lines": 0, "num_statements": 0, "percent_covered": 100.0, "percent_covered_display": "100.00", "missing_lines": 0, "excluded_lines": 1, "percent_statements_covered": 100.0, "percent_statements_covered_display": "100.00"}, "missing_lines": [], "excluded_lines": [68]}, "ReflectedXSSVerifier.verify": {"executed_lines": [], "summary": {"covered_lines": 0, "num_statements": 9, "percent_covered": 0.0, "percent_covered_display": "0.00", "missing_lines": 9, "excluded_lines": 0, "percent_statements_covered": 0.0, "percent_statements_covered_display": "0.00"}, "missing_lines": [81, 82, 83, 89, 90, 91, 92, 102, 110], "excluded_lines": []}, "BasicSQLiVerifier.verify": {"executed_lines": [], "summary": {"covered_lines": 0, "num_statements": 20, "percent_covered": 0.0, "percent_covered_display": "0.00", "missing_lines": 20, "excluded_lines": 0, "percent_statements_covered": 0.0, "percent_statements_covered_display": "0.00"}, "missing_lines": [141, 143, 144, 145, 146, 148, 149, 151, 152, 153, 155, 156, 157, 159, 160, 171, 172, 178, 187, 189], "excluded_lines": []}, "get_default_verifier": {"executed_lines": [], "summary": {"covered_lines": 0, "num_statements": 6, "percent_covered": 0.0, "percent_covered_display": "0.00", "missing_lines": 6, "excluded_lines": 0, "percent_statements_covered": 0.0, "percent_statements_covered_display": "0.00"}, "missing_lines": [198, 199, 200, 201, 202, 203], "excluded_lines": []}, "": {"executed_lines": [1, 7, 9, 10, 11, 12, 15, 19, 20, 21, 23, 24, 25, 26, 27, 29, 39, 40, 41, 43, 44, 45, 46, 48, 57, 58, 60, 62, 71, 72, 74, 118, 119, 121, 133, 197], "summary": {"covered_lines": 31, "num_statements": 31, "percent_covered": 100.0, "percent_covered_display": "100.00", "missing_lines": 0, "excluded_lines": 8, "percent_statements_covered": 100.0, "percent_statements_covered_display": "100.00"}, "missing_lines": [], "excluded_lines": [62, 63, 64, 65, 66, 67, 69, 70]}}, "classes": {"EvidenceBundle": {"executed_lines": [30], "summary": {"covered_lines": 1, "num_statements": 1, "percent_covered": 100.0, "percent_covered_display": "100.00", "missing_lines": 0, "excluded_lines": 0, "percent_statements_covered": 100.0, "percent_statements_covered_display": "100.00"}, "missing_lines": [], "excluded_lines": []}, "VerificationResult": {"executed_lines": [49], "summary": {"covered_lines": 1, "num_statements": 1, "percent_covered": 100.0, "percent_covered_display": "100.00", "missing_lines": 0, "excluded_lines": 0, "percent_statements_covered": 100.0, "percent_statements_covered_display": "100.00"}, "missing_lines": [], "excluded_lines": []}, "ExploitVerifier": {"executed_lines": [], "summary": {"covered_lines": 0, "num_statements": 0, "percent_covered": 100.0, "percent_covered_display": "100.00", "missing_lines": 0, "excluded_lines": 1, "percent_statements_covered": 100.0, "percent_statements_covered_display": "100.00"}, "missing_lines": [], "excluded_lines": [68]}, "ReflectedXSSVerifier": {"executed_lines": [], "summary": {"covered_lines": 0, "num_statements": 9, "percent_covered": 0.0, "percent_covered_display": "0.00", "missing_lines": 9, "excluded_lines": 0, "percent_statements_covered": 0.0, "percent_statements_covered_display": "0.00"}, "missing_lines": [81, 82, 83, 89, 90, 91, 92, 102, 110], "excluded_lines": []}, "BasicSQLiVerifier": {"executed_lines": [], "summary": {"covered_lines": 0, "num_statements": 20, "percent_covered": 0.0, "percent_covered_display": "0.00", "missing_lines": 20, "excluded_lines": 0, "percent_statements_covered": 0.0, "percent_statements_covered_display": "0.00"}, "missing_lines": [141, 143, 144, 145, 146, 148, 149, 151, 152, 153, 155, 156, 157, 159, 160, 171, 172, 178, 187, 189], "excluded_lines": []}, "": {"executed_lines": [1, 7, 9, 10, 11, 12, 15, 19, 20, 21, 23, 24, 25, 26, 27, 29, 39, 40, 41, 43, 44, 45, 46, 48, 57, 58, 60, 62, 71, 72, 74, 118, 119, 121, 133, 197], "summary": {"covered_lines": 31, "num_statements": 38, "percent_covered": 81.57894736842105, "percent_covered_display": "81.58", "missing_lines": 7, "excluded_lines": 8, "percent_statements_covered": 81.57894736842105, "percent_statements_covered_display": "81.58"}, "missing_lines": [16, 198, 199, 200, 201, 202, 203], "excluded_lines": [62, 63, 64, 65, 66, 67, 69, 70]}}}, "secbrain/workflows/__init__.py": {"executed_lines": [1, 3, 5], "summary": {"covered_lines": 2, "num_statements": 2, "percent_covered": 100.0, "percent_covered_display": "100.00", "missing_lines": 0, "excluded_lines": 0, "percent_statements_covered": 100.0, "percent_statements_covered_display": "100.00"}, "missing_lines": [], "excluded_lines": [], "functions": {"": {"executed_lines": [1, 3, 5], "summary": {"covered_lines": 2, "num_statements": 2, "percent_covered": 100.0, "percent_covered_display": "100.00", "missing_lines": 0, "excluded_lines": 0, "percent_statements_covered": 100.0, "percent_statements_covered_display": "100.00"}, "missing_lines": [], "excluded_lines": []}}, "classes": {"": {"executed_lines": [1, 3, 5], "summary": {"covered_lines": 2, "num_statements": 2, "percent_covered": 100.0, "percent_covered_display": "100.00", "missing_lines": 0, "excluded_lines": 0, "percent_statements_covered": 100.0, "percent_statements_covered_display": "100.00"}, "missing_lines": [], "excluded_lines": []}}}, "secbrain/workflows/bug_bounty_run.py": {"executed_lines": [1, 3, 5, 6, 7, 8, 9, 10, 12, 17, 18, 19, 20, 21, 22, 23, 24, 25, 26, 27, 30, 31, 33, 34, 35, 36, 37, 38, 39, 40, 41, 44, 45, 46, 48, 49, 50, 51, 52, 55, 56, 57, 59, 60, 61, 62, 63, 64, 65, 66, 67, 71, 84, 85, 95, 107, 138, 323, 333, 351, 412, 465], "summary": {"covered_lines": 56, "num_statements": 190, "percent_covered": 29.473684210526315, "percent_covered_display": "29.47", "missing_lines": 134, "excluded_lines": 3, "percent_statements_covered": 29.473684210526315, "percent_statements_covered_display": "29.47"}, "missing_lines": [100, 101, 102, 105, 109, 114, 115, 116, 117, 118, 119, 120, 121, 122, 123, 126, 159, 160, 163, 165, 173, 175, 177, 178, 179, 180, 181, 182, 185, 190, 191, 192, 193, 196, 206, 208, 209, 210, 212, 213, 215, 217, 218, 221, 227, 228, 230, 231, 232, 233, 236, 237, 240, 241, 242, 244, 245, 248, 249, 250, 251, 252, 253, 256, 266, 277, 278, 298, 299, 300, 301, 317, 318, 319, 321, 325, 327, 328, 331, 339, 340, 341, 343, 344, 345, 347, 348, 349, 362, 364, 370, 371, 372, 378, 380, 391, 393, 395, 403, 404, 405, 423, 425, 426, 428, 429, 431, 432, 434, 435, 436, 437, 438, 439, 440, 442, 443, 444, 446, 447, 448, 450, 451, 453, 454, 455, 456, 457, 458, 459, 460, 462, 488, 489], "excluded_lines": [12, 13, 15], "functions": {"BugBountyWorkflow.__init__": {"executed_lines": [], "summary": {"covered_lines": 0, "num_statements": 4, "percent_covered": 0.0, "percent_covered_display": "0.00", "missing_lines": 4, "excluded_lines": 0, "percent_statements_covered": 0.0, "percent_statements_covered_display": "0.00"}, "missing_lines": [100, 101, 102, 105], "excluded_lines": []}, "BugBountyWorkflow._init_agents": {"executed_lines": [], "summary": {"covered_lines": 0, "num_statements": 12, "percent_covered": 0.0, "percent_covered_display": "0.00", "missing_lines": 12, "excluded_lines": 0, "percent_statements_covered": 0.0, "percent_statements_covered_display": "0.00"}, "missing_lines": [109, 114, 115, 116, 117, 118, 119, 120, 121, 122, 123, 126], "excluded_lines": []}, "BugBountyWorkflow.run": {"executed_lines": [], "summary": {"covered_lines": 0, "num_statements": 59, "percent_covered": 0.0, "percent_covered_display": "0.00", "missing_lines": 59, "excluded_lines": 0, "percent_statements_covered": 0.0, "percent_statements_covered_display": "0.00"}, "missing_lines": [159, 160, 163, 165, 173, 175, 177, 178, 179, 180, 181, 182, 185, 190, 191, 192, 193, 196, 206, 208, 209, 210, 212, 213, 215, 217, 218, 221, 227, 228, 230, 231, 232, 233, 236, 237, 240, 241, 242, 244, 245, 248, 249, 250, 251, 252, 253, 256, 266, 277, 278, 298, 299, 300, 301, 317, 318, 319, 321], "excluded_lines": []}, "BugBountyWorkflow._determine_phases": {"executed_lines": [], "summary": {"covered_lines": 0, "num_statements": 4, "percent_covered": 0.0, "percent_covered_display": "0.00", "missing_lines": 4, "excluded_lines": 0, "percent_statements_covered": 0.0, "percent_statements_covered_display": "0.00"}, "missing_lines": [325, 327, 328, 331], "excluded_lines": []}, "BugBountyWorkflow._get_next_phase": {"executed_lines": [], "summary": {"covered_lines": 0, "num_statements": 9, "percent_covered": 0.0, "percent_covered_display": "0.00", "missing_lines": 9, "excluded_lines": 0, "percent_statements_covered": 0.0, "percent_statements_covered_display": "0.00"}, "missing_lines": [339, 340, 341, 343, 344, 345, 347, 348, 349], "excluded_lines": []}, "BugBountyWorkflow._execute_phase": {"executed_lines": [], "summary": {"covered_lines": 0, "num_statements": 13, "percent_covered": 0.0, "percent_covered_display": "0.00", "missing_lines": 13, "excluded_lines": 0, "percent_statements_covered": 0.0, "percent_statements_covered_display": "0.00"}, "missing_lines": [362, 364, 370, 371, 372, 378, 380, 391, 393, 395, 403, 404, 405], "excluded_lines": []}, "BugBountyWorkflow._build_phase_kwargs": {"executed_lines": [], "summary": {"covered_lines": 0, "num_statements": 31, "percent_covered": 0.0, "percent_covered_display": "0.00", "missing_lines": 31, "excluded_lines": 0, "percent_statements_covered": 0.0, "percent_statements_covered_display": "0.00"}, "missing_lines": [423, 425, 426, 428, 429, 431, 432, 434, 435, 436, 437, 438, 439, 440, 442, 443, 444, 446, 447, 448, 450, 451, 453, 454, 455, 456, 457, 458, 459, 460, 462], "excluded_lines": []}, "run_bug_bounty": {"executed_lines": [], "summary": {"covered_lines": 0, "num_statements": 2, "percent_covered": 0.0, "percent_covered_display": "0.00", "missing_lines": 2, "excluded_lines": 0, "percent_statements_covered": 0.0, "percent_statements_covered_display": "0.00"}, "missing_lines": [488, 489], "excluded_lines": []}, "": {"executed_lines": [1, 3, 5, 6, 7, 8, 9, 10, 12, 17, 18, 19, 20, 21, 22, 23, 24, 25, 26, 27, 30, 31, 33, 34, 35, 36, 37, 38, 39, 40, 41, 44, 45, 46, 48, 49, 50, 51, 52, 55, 56, 57, 59, 60, 61, 62, 63, 64, 65, 66, 67, 71, 84, 85, 95, 107, 138, 323, 333, 351, 412, 465], "summary": {"covered_lines": 56, "num_statements": 56, "percent_covered": 100.0, "percent_covered_display": "100.00", "missing_lines": 0, "excluded_lines": 3, "percent_statements_covered": 100.0, "percent_statements_covered_display": "100.00"}, "missing_lines": [], "excluded_lines": [12, 13, 15]}}, "classes": {"Phase": {"executed_lines": [], "summary": {"covered_lines": 0, "num_statements": 0, "percent_covered": 100.0, "percent_covered_display": "100.00", "missing_lines": 0, "excluded_lines": 0, "percent_statements_covered": 100.0, "percent_statements_covered_display": "100.00"}, "missing_lines": [], "excluded_lines": []}, "PhaseResult": {"executed_lines": [], "summary": {"covered_lines": 0, "num_statements": 0, "percent_covered": 100.0, "percent_covered_display": "100.00", "missing_lines": 0, "excluded_lines": 0, "percent_statements_covered": 100.0, "percent_statements_covered_display": "100.00"}, "missing_lines": [], "excluded_lines": []}, "WorkflowResult": {"executed_lines": [], "summary": {"covered_lines": 0, "num_statements": 0, "percent_covered": 100.0, "percent_covered_display": "100.00", "missing_lines": 0, "excluded_lines": 0, "percent_statements_covered": 100.0, "percent_statements_covered_display": "100.00"}, "missing_lines": [], "excluded_lines": []}, "BugBountyWorkflow": {"executed_lines": [], "summary": {"covered_lines": 0, "num_statements": 132, "percent_covered": 0.0, "percent_covered_display": "0.00", "missing_lines": 132, "excluded_lines": 0, "percent_statements_covered": 0.0, "percent_statements_covered_display": "0.00"}, "missing_lines": [100, 101, 102, 105, 109, 114, 115, 116, 117, 118, 119, 120, 121, 122, 123, 126, 159, 160, 163, 165, 173, 175, 177, 178, 179, 180, 181, 182, 185, 190, 191, 192, 193, 196, 206, 208, 209, 210, 212, 213, 215, 217, 218, 221, 227, 228, 230, 231, 232, 233, 236, 237, 240, 241, 242, 244, 245, 248, 249, 250, 251, 252, 253, 256, 266, 277, 278, 298, 299, 300, 301, 317, 318, 319, 321, 325, 327, 328, 331, 339, 340, 341, 343, 344, 345, 347, 348, 349, 362, 364, 370, 371, 372, 378, 380, 391, 393, 395, 403, 404, 405, 423, 425, 426, 428, 429, 431, 432, 434, 435, 436, 437, 438, 439, 440, 442, 443, 444, 446, 447, 448, 450, 451, 453, 454, 455, 456, 457, 458, 459, 460, 462], "excluded_lines": []}, "": {"executed_lines": [1, 3, 5, 6, 7, 8, 9, 10, 12, 17, 18, 19, 20, 21, 22, 23, 24, 25, 26, 27, 30, 31, 33, 34, 35, 36, 37, 38, 39, 40, 41, 44, 45, 46, 48, 49, 50, 51, 52, 55, 56, 57, 59, 60, 61, 62, 63, 64, 65, 66, 67, 71, 84, 85, 95, 107, 138, 323, 333, 351, 412, 465], "summary": {"covered_lines": 56, "num_statements": 58, "percent_covered": 96.55172413793103, "percent_covered_display": "96.55", "missing_lines": 2, "excluded_lines": 3, "percent_statements_covered": 96.55172413793103, "percent_statements_covered_display": "96.55"}, "missing_lines": [488, 489], "excluded_lines": [12, 13, 15]}}}, "secbrain/workflows/http_workflow.py": {"executed_lines": [1, 3, 5, 6, 7, 8, 10, 13, 14, 15, 16, 17, 18, 19, 20, 21, 22, 23, 26, 27, 28, 29, 30, 31, 32, 35, 36, 38, 39, 40, 42, 43, 44, 45, 46, 48, 49, 59, 60, 61, 62, 66, 67, 68, 89, 90, 91], "summary": {"covered_lines": 45, "num_statements": 45, "percent_covered": 100.0, "percent_covered_display": "100.00", "missing_lines": 0, "excluded_lines": 0, "percent_statements_covered": 100.0, "percent_statements_covered_display": "100.00"}, "missing_lines": [], "excluded_lines": [], "functions": {"MultiStepHTTPWorkflow.__init__": {"executed_lines": [39, 40], "summary": {"covered_lines": 2, "num_statements": 2, "percent_covered": 100.0, "percent_covered_display": "100.00", "missing_lines": 0, "excluded_lines": 0, "percent_statements_covered": 100.0, "percent_statements_covered_display": "100.00"}, "missing_lines": [], "excluded_lines": []}, "MultiStepHTTPWorkflow.run": {"executed_lines": [43, 44, 45, 46, 48, 49, 59, 60, 61, 62, 66, 67, 68, 89, 90, 91], "summary": {"covered_lines": 16, "num_statements": 16, "percent_covered": 100.0, "percent_covered_display": "100.00", "missing_lines": 0, "excluded_lines": 0, "percent_statements_covered": 100.0, "percent_statements_covered_display": "100.00"}, "missing_lines": [], "excluded_lines": []}, "": {"executed_lines": [1, 3, 5, 6, 7, 8, 10, 13, 14, 15, 16, 17, 18, 19, 20, 21, 22, 23, 26, 27, 28, 29, 30, 31, 32, 35, 36, 38, 42], "summary": {"covered_lines": 27, "num_statements": 27, "percent_covered": 100.0, "percent_covered_display": "100.00", "missing_lines": 0, "excluded_lines": 0, "percent_statements_covered": 100.0, "percent_statements_covered_display": "100.00"}, "missing_lines": [], "excluded_lines": []}}, "classes": {"HTTPWorkflowStep": {"executed_lines": [], "summary": {"covered_lines": 0, "num_statements": 0, "percent_covered": 100.0, "percent_covered_display": "100.00", "missing_lines": 0, "excluded_lines": 0, "percent_statements_covered": 100.0, "percent_statements_covered_display": "100.00"}, "missing_lines": [], "excluded_lines": []}, "HTTPWorkflowResult": {"executed_lines": [], "summary": {"covered_lines": 0, "num_statements": 0, "percent_covered": 100.0, "percent_covered_display": "100.00", "missing_lines": 0, "excluded_lines": 0, "percent_statements_covered": 100.0, "percent_statements_covered_display": "100.00"}, "missing_lines": [], "excluded_lines": []}, "MultiStepHTTPWorkflow": {"executed_lines": [39, 40, 43, 44, 45, 46, 48, 49, 59, 60, 61, 62, 66, 67, 68, 89, 90, 91], "summary": {"covered_lines": 18, "num_statements": 18, "percent_covered": 100.0, "percent_covered_display": "100.00", "missing_lines": 0, "excluded_lines": 0, "percent_statements_covered": 100.0, "percent_statements_covered_display": "100.00"}, "missing_lines": [], "excluded_lines": []}, "": {"executed_lines": [1, 3, 5, 6, 7, 8, 10, 13, 14, 15, 16, 17, 18, 19, 20, 21, 22, 23, 26, 27, 28, 29, 30, 31, 32, 35, 36, 38, 42], "summary": {"covered_lines": 27, "num_statements": 27, "percent_covered": 100.0, "percent_covered_display": "100.00", "missing_lines": 0, "excluded_lines": 0, "percent_statements_covered": 100.0, "percent_statements_covered_display": "100.00"}, "missing_lines": [], "excluded_lines": []}}}}, "totals": {"covered_lines": 2600, "num_statements": 6608, "percent_covered": 39.346246973365616, "percent_covered_display": "39.35", "missing_lines": 4008, "excluded_lines": 77, "percent_statements_covered": 39.346246973365616, "percent_statements_covered_display": "39.35"}}