{"meta": {"format": 3, "version": "7.13.0", "timestamp": "2025-12-25T15:37:12.730187", "branch_coverage": false, "show_contexts": false}, "files": {"secbrain/__init__.py": {"executed_lines": [1, 12], "summary": {"covered_lines": 1, "num_statements": 1, "percent_covered": 100.0, "percent_covered_display": "100.00", "missing_lines": 0, "excluded_lines": 0, "percent_statements_covered": 100.0, "percent_statements_covered_display": "100.00"}, "missing_lines": [], "excluded_lines": [], "functions": {"": {"executed_lines": [1, 12], "summary": {"covered_lines": 1, "num_statements": 1, "percent_covered": 100.0, "percent_covered_display": "100.00", "missing_lines": 0, "excluded_lines": 0, "percent_statements_covered": 100.0, "percent_statements_covered_display": "100.00"}, "missing_lines": [], "excluded_lines": []}}, "classes": {"": {"executed_lines": [1, 12], "summary": {"covered_lines": 1, "num_statements": 1, "percent_covered": 100.0, "percent_covered_display": "100.00", "missing_lines": 0, "excluded_lines": 0, "percent_statements_covered": 100.0, "percent_statements_covered_display": "100.00"}, "missing_lines": [], "excluded_lines": []}}}, "secbrain/agents/__init__.py": {"executed_lines": [1, 3, 4, 5, 6, 7, 8, 9, 10, 11, 12, 13, 15], "summary": {"covered_lines": 12, "num_statements": 12, "percent_covered": 100.0, "percent_covered_display": "100.00", "missing_lines": 0, "excluded_lines": 0, "percent_statements_covered": 100.0, "percent_statements_covered_display": "100.00"}, "missing_lines": [], "excluded_lines": [], "functions": {"": {"executed_lines": [1, 3, 4, 5, 6, 7, 8, 9, 10, 11, 12, 13, 15], "summary": {"covered_lines": 12, "num_statements": 12, "percent_covered": 100.0, "percent_covered_display": "100.00", "missing_lines": 0, "excluded_lines": 0, "percent_statements_covered": 100.0, "percent_statements_covered_display": "100.00"}, "missing_lines": [], "excluded_lines": []}}, "classes": {"": {"executed_lines": [1, 3, 4, 5, 6, 7, 8, 9, 10, 11, 12, 13, 15], "summary": {"covered_lines": 12, "num_statements": 12, "percent_covered": 100.0, "percent_covered_display": "100.00", "missing_lines": 0, "excluded_lines": 0, "percent_statements_covered": 100.0, "percent_statements_covered_display": "100.00"}, "missing_lines": [], "excluded_lines": []}}}, "secbrain/agents/advanced_research_agent.py": {"executed_lines": [1, 11, 13, 14, 15, 17, 21, 24, 25, 26, 28, 29, 30, 31, 32, 33, 34, 35, 36, 37, 39, 41, 53, 54, 65, 70, 71, 72, 74, 87, 90, 106, 108, 132, 134, 135, 137, 139, 331, 384, 459, 474, 477, 480, 481, 482, 483, 484, 485, 487, 488, 490, 494], "summary": {"covered_lines": 49, "num_statements": 83, "percent_covered": 59.036144578313255, "percent_covered_display": "59.04", "missing_lines": 34, "excluded_lines": 3, "percent_statements_covered": 59.036144578313255, "percent_statements_covered_display": "59.04"}, "missing_lines": [109, 110, 118, 127, 128, 129, 346, 348, 360, 362, 363, 364, 370, 378, 379, 381, 382, 397, 399, 400, 401, 403, 415, 417, 418, 419, 425, 433, 434, 437, 456, 457, 492, 499], "excluded_lines": [17, 18, 19], "functions": {"ResearchFinding.to_hypothesis": {"executed_lines": [41], "summary": {"covered_lines": 1, "num_statements": 1, "percent_covered": 100.0, "percent_covered_display": "100.00", "missing_lines": 0, "excluded_lines": 0, "percent_statements_covered": 100.0, "percent_statements_covered_display": "100.00"}, "missing_lines": [], "excluded_lines": []}, "AdvancedResearchAgent.__init__": {"executed_lines": [70, 71, 72], "summary": {"covered_lines": 3, "num_statements": 3, "percent_covered": 100.0, "percent_covered_display": "100.00", "missing_lines": 0, "excluded_lines": 0, "percent_statements_covered": 100.0, "percent_statements_covered_display": "100.00"}, "missing_lines": [], "excluded_lines": []}, "AdvancedResearchAgent.research_emerging_patterns": {"executed_lines": [87, 90, 106, 108, 132, 134, 135], "summary": {"covered_lines": 7, "num_statements": 13, "percent_covered": 53.84615384615385, "percent_covered_display": "53.85", "missing_lines": 6, "excluded_lines": 0, "percent_statements_covered": 53.84615384615385, "percent_statements_covered_display": "53.85"}, "missing_lines": [109, 110, 118, 127, 128, 129], "excluded_lines": []}, "AdvancedResearchAgent._get_curated_emerging_patterns": {"executed_lines": [139], "summary": {"covered_lines": 1, "num_statements": 1, "percent_covered": 100.0, "percent_covered_display": "100.00", "missing_lines": 0, "excluded_lines": 0, "percent_statements_covered": 100.0, "percent_statements_covered_display": "100.00"}, "missing_lines": [], "excluded_lines": []}, "AdvancedResearchAgent.analyze_protocol_specific": {"executed_lines": [], "summary": {"covered_lines": 0, "num_statements": 11, "percent_covered": 0.0, "percent_covered_display": "0.00", "missing_lines": 11, "excluded_lines": 0, "percent_statements_covered": 0.0, "percent_statements_covered_display": "0.00"}, "missing_lines": [346, 348, 360, 362, 363, 364, 370, 378, 379, 381, 382], "excluded_lines": []}, "AdvancedResearchAgent.correlate_cross_protocol": {"executed_lines": [], "summary": {"covered_lines": 0, "num_statements": 15, "percent_covered": 0.0, "percent_covered_display": "0.00", "missing_lines": 15, "excluded_lines": 0, "percent_statements_covered": 0.0, "percent_statements_covered_display": "0.00"}, "missing_lines": [397, 399, 400, 401, 403, 415, 417, 418, 419, 425, 433, 434, 437, 456, 457], "excluded_lines": []}, "AdvancedResearchAgent.generate_novel_hypotheses": {"executed_lines": [474, 477, 480, 481, 482, 483, 484, 485, 487, 488], "summary": {"covered_lines": 10, "num_statements": 10, "percent_covered": 100.0, "percent_covered_display": "100.00", "missing_lines": 0, "excluded_lines": 0, "percent_statements_covered": 100.0, "percent_statements_covered_display": "100.00"}, "missing_lines": [], "excluded_lines": []}, "AdvancedResearchAgent.get_all_findings": {"executed_lines": [], "summary": {"covered_lines": 0, "num_statements": 1, "percent_covered": 0.0, "percent_covered_display": "0.00", "missing_lines": 1, "excluded_lines": 0, "percent_statements_covered": 0.0, "percent_statements_covered_display": "0.00"}, "missing_lines": [492], "excluded_lines": []}, "AdvancedResearchAgent.get_high_confidence_findings": {"executed_lines": [], "summary": {"covered_lines": 0, "num_statements": 1, "percent_covered": 0.0, "percent_covered_display": "0.00", "missing_lines": 1, "excluded_lines": 0, "percent_statements_covered": 0.0, "percent_statements_covered_display": "0.00"}, "missing_lines": [499], "excluded_lines": []}, "": {"executed_lines": [1, 11, 13, 14, 15, 17, 21, 24, 25, 26, 28, 29, 30, 31, 32, 33, 34, 35, 36, 37, 39, 53, 54, 65, 74, 137, 331, 384, 459, 490, 494], "summary": {"covered_lines": 27, "num_statements": 27, "percent_covered": 100.0, "percent_covered_display": "100.00", "missing_lines": 0, "excluded_lines": 3, "percent_statements_covered": 100.0, "percent_statements_covered_display": "100.00"}, "missing_lines": [], "excluded_lines": [17, 18, 19]}}, "classes": {"ResearchFinding": {"executed_lines": [41], "summary": {"covered_lines": 1, "num_statements": 1, "percent_covered": 100.0, "percent_covered_display": "100.00", "missing_lines": 0, "excluded_lines": 0, "percent_statements_covered": 100.0, "percent_statements_covered_display": "100.00"}, "missing_lines": [], "excluded_lines": []}, "AdvancedResearchAgent": {"executed_lines": [70, 71, 72, 87, 90, 106, 108, 132, 134, 135, 139, 474, 477, 480, 481, 482, 483, 484, 485, 487, 488], "summary": {"covered_lines": 21, "num_statements": 55, "percent_covered": 38.18181818181818, "percent_covered_display": "38.18", "missing_lines": 34, "excluded_lines": 0, "percent_statements_covered": 38.18181818181818, "percent_statements_covered_display": "38.18"}, "missing_lines": [109, 110, 118, 127, 128, 129, 346, 348, 360, 362, 363, 364, 370, 378, 379, 381, 382, 397, 399, 400, 401, 403, 415, 417, 418, 419, 425, 433, 434, 437, 456, 457, 492, 499], "excluded_lines": []}, "": {"executed_lines": [1, 11, 13, 14, 15, 17, 21, 24, 25, 26, 28, 29, 30, 31, 32, 33, 34, 35, 36, 37, 39, 53, 54, 65, 74, 137, 331, 384, 459, 490, 494], "summary": {"covered_lines": 27, "num_statements": 27, "percent_covered": 100.0, "percent_covered_display": "100.00", "missing_lines": 0, "excluded_lines": 3, "percent_statements_covered": 100.0, "percent_statements_covered_display": "100.00"}, "missing_lines": [], "excluded_lines": [17, 18, 19]}}}, "secbrain/agents/base.py": {"executed_lines": [1, 3, 5, 6, 7, 8, 9, 10, 11, 12, 14, 23, 24, 25, 27, 28, 29, 30, 31, 32, 33, 34, 35, 36, 39, 40, 50, 51, 53, 62, 63, 64, 65, 66, 67, 68, 71, 72, 73, 75, 80, 82, 84, 86, 93, 100, 105, 107, 114, 121, 124, 125, 126, 135, 140, 142, 146, 148, 155, 158, 160, 165, 167, 173, 176, 178, 179, 180, 181, 182, 183, 184, 187, 192, 193, 194, 195, 197, 198, 206, 213, 222, 228, 236, 255, 256, 258, 259, 260, 262, 263, 264, 266, 267, 268, 269, 270, 272], "summary": {"covered_lines": 92, "num_statements": 143, "percent_covered": 64.33566433566433, "percent_covered_display": "64.34", "missing_lines": 51, "excluded_lines": 10, "percent_statements_covered": 64.33566433566433, "percent_statements_covered_display": "64.34"}, "missing_lines": [87, 88, 89, 90, 91, 95, 96, 97, 98, 101, 102, 103, 108, 109, 110, 111, 112, 122, 127, 128, 129, 130, 131, 132, 133, 143, 144, 156, 174, 185, 242, 274, 277, 278, 281, 282, 283, 287, 288, 289, 294, 295, 296, 297, 301, 302, 303, 304, 305, 307, 309], "excluded_lines": [14, 15, 17, 18, 19, 20, 290, 291, 298, 299], "functions": {"BaseAgent.__init__": {"executed_lines": [62, 63, 64, 65, 66, 67, 68, 71, 72, 73, 75], "summary": {"covered_lines": 11, "num_statements": 11, "percent_covered": 100.0, "percent_covered_display": "100.00", "missing_lines": 0, "excluded_lines": 0, "percent_statements_covered": 100.0, "percent_statements_covered_display": "100.00"}, "missing_lines": [], "excluded_lines": []}, "BaseAgent._check_kill_switch": {"executed_lines": [82], "summary": {"covered_lines": 1, "num_statements": 1, "percent_covered": 100.0, "percent_covered_display": "100.00", "missing_lines": 0, "excluded_lines": 0, "percent_statements_covered": 100.0, "percent_statements_covered_display": "100.00"}, "missing_lines": [], "excluded_lines": []}, "BaseAgent._log": {"executed_lines": [86], "summary": {"covered_lines": 1, "num_statements": 6, "percent_covered": 16.666666666666668, "percent_covered_display": "16.67", "missing_lines": 5, "excluded_lines": 0, "percent_statements_covered": 16.666666666666668, "percent_statements_covered_display": "16.67"}, "missing_lines": [87, 88, 89, 90, 91], "excluded_lines": []}, "BaseAgent._record_reasoning": {"executed_lines": [], "summary": {"covered_lines": 0, "num_statements": 4, "percent_covered": 0.0, "percent_covered_display": "0.00", "missing_lines": 4, "excluded_lines": 0, "percent_statements_covered": 0.0, "percent_statements_covered_display": "0.00"}, "missing_lines": [95, 96, 97, 98], "excluded_lines": []}, "BaseAgent._drain_reasoning_chain": {"executed_lines": [], "summary": {"covered_lines": 0, "num_statements": 3, "percent_covered": 0.0, "percent_covered_display": "0.00", "missing_lines": 3, "excluded_lines": 0, "percent_statements_covered": 0.0, "percent_statements_covered_display": "0.00"}, "missing_lines": [101, 102, 103], "excluded_lines": []}, "BaseAgent._log_error": {"executed_lines": [107], "summary": {"covered_lines": 1, "num_statements": 6, "percent_covered": 16.666666666666668, "percent_covered_display": "16.67", "missing_lines": 5, "excluded_lines": 0, "percent_statements_covered": 16.666666666666668, "percent_statements_covered_display": "16.67"}, "missing_lines": [108, 109, 110, 111, 112], "excluded_lines": []}, "BaseAgent._call_worker": {"executed_lines": [121, 124, 125, 126, 135, 140, 142, 146], "summary": {"covered_lines": 8, "num_statements": 18, "percent_covered": 44.44444444444444, "percent_covered_display": "44.44", "missing_lines": 10, "excluded_lines": 0, "percent_statements_covered": 44.44444444444444, "percent_statements_covered_display": "44.44"}, "missing_lines": [122, 127, 128, 129, 130, 131, 132, 133, 143, 144], "excluded_lines": []}, "BaseAgent._call_advisor": {"executed_lines": [155, 158, 160, 165], "summary": {"covered_lines": 4, "num_statements": 5, "percent_covered": 80.0, "percent_covered_display": "80.00", "missing_lines": 1, "excluded_lines": 0, "percent_statements_covered": 80.0, "percent_statements_covered_display": "80.00"}, "missing_lines": [156], "excluded_lines": []}, "BaseAgent._research": {"executed_lines": [173, 176, 178, 179, 180, 181, 182, 183, 184, 187, 192, 193, 194, 195], "summary": {"covered_lines": 14, "num_statements": 16, "percent_covered": 87.5, "percent_covered_display": "87.50", "missing_lines": 2, "excluded_lines": 0, "percent_statements_covered": 87.5, "percent_statements_covered_display": "87.50"}, "missing_lines": [174, 185], "excluded_lines": []}, "BaseAgent.run": {"executed_lines": [], "summary": {"covered_lines": 0, "num_statements": 0, "percent_covered": 100.0, "percent_covered_display": "100.00", "missing_lines": 0, "excluded_lines": 0, "percent_statements_covered": 100.0, "percent_statements_covered_display": "100.00"}, "missing_lines": [], "excluded_lines": []}, "BaseAgent._success": {"executed_lines": [213], "summary": {"covered_lines": 1, "num_statements": 1, "percent_covered": 100.0, "percent_covered_display": "100.00", "missing_lines": 0, "excluded_lines": 0, "percent_statements_covered": 100.0, "percent_statements_covered_display": "100.00"}, "missing_lines": [], "excluded_lines": []}, "BaseAgent._failure": {"executed_lines": [228], "summary": {"covered_lines": 1, "num_statements": 1, "percent_covered": 100.0, "percent_covered_display": "100.00", "missing_lines": 0, "excluded_lines": 0, "percent_statements_covered": 100.0, "percent_statements_covered_display": "100.00"}, "missing_lines": [], "excluded_lines": []}, "BaseAgent._needs_approval": {"executed_lines": [], "summary": {"covered_lines": 0, "num_statements": 1, "percent_covered": 0.0, "percent_covered_display": "0.00", "missing_lines": 1, "excluded_lines": 0, "percent_statements_covered": 0.0, "percent_statements_covered_display": "0.00"}, "missing_lines": [242], "excluded_lines": []}, "BaseAgent.health_check": {"executed_lines": [], "summary": {"covered_lines": 0, "num_statements": 20, "percent_covered": 0.0, "percent_covered_display": "0.00", "missing_lines": 20, "excluded_lines": 4, "percent_statements_covered": 0.0, "percent_statements_covered_display": "0.00"}, "missing_lines": [274, 277, 278, 281, 282, 283, 287, 288, 289, 294, 295, 296, 297, 301, 302, 303, 304, 305, 307, 309], "excluded_lines": [290, 291, 298, 299]}, "": {"executed_lines": [1, 3, 5, 6, 7, 8, 9, 10, 11, 12, 14, 23, 24, 25, 27, 28, 29, 30, 31, 32, 33, 34, 35, 36, 39, 40, 50, 51, 53, 80, 84, 93, 100, 105, 114, 148, 167, 197, 198, 206, 222, 236, 255, 256, 258, 259, 260, 262, 263, 264, 266, 267, 268, 269, 270, 272], "summary": {"covered_lines": 50, "num_statements": 50, "percent_covered": 100.0, "percent_covered_display": "100.00", "missing_lines": 0, "excluded_lines": 6, "percent_statements_covered": 100.0, "percent_statements_covered_display": "100.00"}, "missing_lines": [], "excluded_lines": [14, 15, 17, 18, 19, 20]}}, "classes": {"AgentResult": {"executed_lines": [], "summary": {"covered_lines": 0, "num_statements": 0, "percent_covered": 100.0, "percent_covered_display": "100.00", "missing_lines": 0, "excluded_lines": 0, "percent_statements_covered": 100.0, "percent_statements_covered_display": "100.00"}, "missing_lines": [], "excluded_lines": []}, "BaseAgent": {"executed_lines": [62, 63, 64, 65, 66, 67, 68, 71, 72, 73, 75, 82, 86, 107, 121, 124, 125, 126, 135, 140, 142, 146, 155, 158, 160, 165, 173, 176, 178, 179, 180, 181, 182, 183, 184, 187, 192, 193, 194, 195, 213, 228], "summary": {"covered_lines": 42, "num_statements": 93, "percent_covered": 45.16129032258065, "percent_covered_display": "45.16", "missing_lines": 51, "excluded_lines": 4, "percent_statements_covered": 45.16129032258065, "percent_statements_covered_display": "45.16"}, "missing_lines": [87, 88, 89, 90, 91, 95, 96, 97, 98, 101, 102, 103, 108, 109, 110, 111, 112, 122, 127, 128, 129, 130, 131, 132, 133, 143, 144, 156, 174, 185, 242, 274, 277, 278, 281, 282, 283, 287, 288, 289, 294, 295, 296, 297, 301, 302, 303, 304, 305, 307, 309], "excluded_lines": [290, 291, 298, 299]}, "BaseAgent.HealthStatus": {"executed_lines": [], "summary": {"covered_lines": 0, "num_statements": 0, "percent_covered": 100.0, "percent_covered_display": "100.00", "missing_lines": 0, "excluded_lines": 0, "percent_statements_covered": 100.0, "percent_statements_covered_display": "100.00"}, "missing_lines": [], "excluded_lines": []}, "BaseAgent.HealthCheck": {"executed_lines": [], "summary": {"covered_lines": 0, "num_statements": 0, "percent_covered": 100.0, "percent_covered_display": "100.00", "missing_lines": 0, "excluded_lines": 0, "percent_statements_covered": 100.0, "percent_statements_covered_display": "100.00"}, "missing_lines": [], "excluded_lines": []}, "": {"executed_lines": [1, 3, 5, 6, 7, 8, 9, 10, 11, 12, 14, 23, 24, 25, 27, 28, 29, 30, 31, 32, 33, 34, 35, 36, 39, 40, 50, 51, 53, 80, 84, 93, 100, 105, 114, 148, 167, 197, 198, 206, 222, 236, 255, 256, 258, 259, 260, 262, 263, 264, 266, 267, 268, 269, 270, 272], "summary": {"covered_lines": 50, "num_statements": 50, "percent_covered": 100.0, "percent_covered_display": "100.00", "missing_lines": 0, "excluded_lines": 6, "percent_statements_covered": 100.0, "percent_statements_covered_display": "100.00"}, "missing_lines": [], "excluded_lines": [14, 15, 17, 18, 19, 20]}}}, "secbrain/agents/exploit_agent.py": {"executed_lines": [1, 3, 5, 6, 7, 8, 9, 10, 11, 12, 13, 14, 15, 16, 17, 19, 21, 22, 23, 24, 25, 29, 30, 31, 34, 35, 68, 111, 114, 115, 117, 124, 125, 126, 127, 133, 202, 214, 215, 218, 220, 224, 225, 228, 229, 232, 235, 236, 238, 251, 252, 261, 262, 264, 339, 340, 341, 342, 344, 345, 346, 347, 350, 351, 353, 354, 355, 356, 357, 362, 379, 381, 384, 385, 386, 387, 388, 392, 394, 395, 397, 398, 399, 400, 401, 402, 403, 404, 406, 407, 408, 409, 410, 411, 413, 414, 415, 416, 417, 418, 419, 420, 421, 422, 423, 424, 426, 427, 428, 429, 430, 431, 433, 434, 436, 482, 484, 486, 489, 490, 491, 494, 495, 496, 497, 498, 499, 500, 503, 504, 505, 511, 513, 514, 515, 516, 519, 520, 521, 530, 535, 536, 537, 540, 576, 577, 578, 580, 581, 583, 592, 601, 604, 606, 608, 609, 610, 613, 615, 616, 638, 639, 642, 650, 654, 655, 656, 657, 658, 659, 662, 668, 671, 672, 674, 677, 681, 684, 698, 739, 751, 797, 815, 1008, 1071, 1079, 1085, 1086, 1160, 1172, 1256, 1258, 1259, 1260, 1263, 1265, 1267, 1298, 1324, 1334, 1364, 1599, 1657, 1689, 1702, 1704, 1708, 1711, 1714, 1720, 1722, 1728, 1731, 1732, 1733, 1738, 1739, 1741, 1743, 1751, 1753, 1754, 1755, 1758, 1763, 1765, 1836, 1838, 1840, 1841, 1845, 1847, 1848, 1852, 1853, 1857, 1858, 1859, 1861, 1870, 1872, 1885, 1891, 1894, 1934, 1977, 2008, 2023], "summary": {"covered_lines": 242, "num_statements": 980, "percent_covered": 24.693877551020407, "percent_covered_display": "24.69", "missing_lines": 738, "excluded_lines": 14, "percent_statements_covered": 24.693877551020407, "percent_statements_covered_display": "24.69"}, "missing_lines": [139, 140, 141, 142, 143, 145, 147, 152, 153, 154, 155, 161, 162, 163, 164, 165, 166, 167, 191, 221, 230, 239, 240, 241, 242, 348, 349, 364, 365, 366, 369, 372, 377, 382, 389, 391, 451, 452, 453, 454, 455, 456, 457, 466, 467, 469, 470, 472, 473, 474, 475, 477, 478, 479, 480, 487, 492, 506, 525, 526, 527, 531, 532, 542, 543, 544, 545, 547, 548, 553, 554, 555, 563, 572, 573, 579, 584, 585, 586, 593, 599, 600, 602, 611, 612, 618, 619, 620, 621, 622, 640, 643, 644, 645, 646, 647, 648, 663, 664, 665, 669, 682, 700, 701, 702, 703, 704, 705, 707, 708, 709, 710, 711, 712, 714, 728, 729, 730, 731, 732, 733, 734, 735, 736, 737, 741, 742, 743, 749, 753, 754, 756, 757, 758, 759, 760, 761, 762, 763, 764, 765, 766, 767, 768, 769, 770, 771, 772, 773, 774, 775, 776, 777, 778, 779, 780, 793, 794, 795, 798, 799, 800, 801, 802, 803, 804, 805, 806, 807, 808, 810, 811, 812, 813, 816, 817, 818, 821, 822, 823, 824, 826, 827, 828, 829, 831, 832, 833, 834, 835, 836, 837, 838, 839, 840, 842, 844, 845, 846, 847, 848, 849, 850, 851, 852, 853, 854, 855, 856, 857, 858, 859, 860, 861, 862, 863, 864, 865, 866, 867, 868, 869, 870, 871, 873, 874, 875, 876, 877, 878, 879, 880, 881, 882, 883, 884, 885, 886, 887, 888, 889, 890, 891, 892, 893, 896, 897, 899, 900, 901, 902, 903, 905, 906, 908, 909, 910, 911, 925, 926, 928, 929, 930, 931, 932, 934, 935, 937, 938, 939, 940, 941, 942, 943, 944, 947, 948, 949, 950, 951, 952, 954, 955, 956, 957, 960, 961, 963, 964, 965, 967, 968, 969, 971, 972, 973, 975, 982, 983, 984, 986, 987, 988, 989, 990, 992, 994, 995, 1004, 1006, 1015, 1016, 1017, 1019, 1020, 1021, 1022, 1023, 1024, 1025, 1026, 1027, 1028, 1029, 1031, 1032, 1033, 1034, 1035, 1036, 1037, 1038, 1039, 1040, 1041, 1042, 1043, 1045, 1046, 1047, 1049, 1055, 1056, 1057, 1058, 1059, 1060, 1061, 1062, 1063, 1065, 1066, 1067, 1069, 1072, 1073, 1074, 1075, 1076, 1077, 1088, 1119, 1120, 1122, 1123, 1124, 1125, 1127, 1128, 1129, 1130, 1131, 1138, 1139, 1141, 1149, 1151, 1152, 1154, 1162, 1163, 1164, 1165, 1166, 1167, 1168, 1169, 1170, 1179, 1180, 1182, 1183, 1184, 1185, 1186, 1187, 1188, 1190, 1191, 1193, 1195, 1196, 1198, 1199, 1200, 1201, 1202, 1203, 1204, 1207, 1208, 1215, 1216, 1217, 1220, 1224, 1225, 1230, 1233, 1234, 1235, 1238, 1241, 1242, 1243, 1246, 1247, 1252, 1254, 1261, 1262, 1264, 1277, 1278, 1279, 1280, 1281, 1282, 1283, 1284, 1285, 1293, 1294, 1295, 1296, 1300, 1301, 1306, 1307, 1308, 1309, 1310, 1311, 1312, 1313, 1314, 1315, 1316, 1317, 1318, 1319, 1320, 1321, 1322, 1326, 1327, 1331, 1332, 1344, 1345, 1346, 1347, 1348, 1349, 1350, 1358, 1359, 1360, 1361, 1362, 1377, 1384, 1385, 1387, 1388, 1389, 1390, 1391, 1392, 1393, 1394, 1395, 1396, 1397, 1398, 1399, 1400, 1401, 1402, 1404, 1405, 1407, 1408, 1411, 1412, 1415, 1416, 1418, 1419, 1420, 1421, 1426, 1432, 1433, 1434, 1437, 1438, 1440, 1449, 1450, 1451, 1452, 1454, 1455, 1456, 1457, 1465, 1466, 1467, 1468, 1470, 1471, 1473, 1474, 1476, 1477, 1488, 1489, 1490, 1492, 1493, 1495, 1496, 1498, 1501, 1502, 1503, 1504, 1506, 1507, 1509, 1510, 1511, 1513, 1553, 1554, 1555, 1556, 1557, 1558, 1559, 1562, 1563, 1564, 1573, 1574, 1580, 1589, 1591, 1605, 1606, 1607, 1608, 1609, 1610, 1611, 1612, 1613, 1614, 1615, 1616, 1617, 1618, 1619, 1621, 1622, 1624, 1625, 1626, 1628, 1629, 1630, 1631, 1632, 1633, 1634, 1635, 1637, 1647, 1648, 1653, 1655, 1664, 1665, 1666, 1668, 1669, 1670, 1671, 1672, 1673, 1674, 1675, 1676, 1678, 1679, 1680, 1682, 1683, 1684, 1685, 1686, 1687, 1705, 1734, 1735, 1745, 1746, 1747, 1748, 1749, 1759, 1760, 1761, 1771, 1772, 1774, 1775, 1776, 1777, 1778, 1780, 1781, 1782, 1785, 1786, 1788, 1789, 1792, 1793, 1794, 1797, 1798, 1799, 1800, 1801, 1802, 1803, 1805, 1806, 1807, 1808, 1809, 1811, 1812, 1813, 1814, 1815, 1821, 1822, 1823, 1824, 1825, 1826, 1827, 1830, 1831, 1832, 1834, 1842, 1843, 1849, 1850, 1854, 1855, 1901, 1903, 1904, 1906, 1907, 1908, 1910, 1911, 1914, 1915, 1916, 1917, 1919, 1921, 1931, 1932, 1940, 1941, 1944, 1946, 1947, 1950, 1951, 1952, 1953, 1955, 1967, 1968, 1970, 1971, 1972, 1973, 1975, 1983, 1984, 1985, 1986, 1992, 1994, 2010, 2011, 2012, 2014, 2015, 2016, 2017, 2018, 2019, 2020, 2021, 2028, 2030, 2031], "excluded_lines": [176, 177, 178, 179, 180, 181, 187, 188, 189, 1816, 1817, 1818, 1891, 1892], "functions": {"RPCRetryManager.__init__": {"executed_lines": [124, 125, 126, 127], "summary": {"covered_lines": 4, "num_statements": 4, "percent_covered": 100.0, "percent_covered_display": "100.00", "missing_lines": 0, "excluded_lines": 0, "percent_statements_covered": 100.0, "percent_statements_covered_display": "100.00"}, "missing_lines": [], "excluded_lines": []}, "RPCRetryManager.run_with_retry": {"executed_lines": [], "summary": {"covered_lines": 0, "num_statements": 18, "percent_covered": 0.0, "percent_covered_display": "0.00", "missing_lines": 18, "excluded_lines": 9, "percent_statements_covered": 0.0, "percent_statements_covered_display": "0.00"}, "missing_lines": [139, 140, 141, 142, 145, 147, 152, 153, 154, 155, 161, 162, 163, 164, 165, 166, 167, 191], "excluded_lines": [176, 177, 178, 179, 180, 181, 187, 188, 189]}, "RPCRetryManager.run_with_retry._rpc_call": {"executed_lines": [], "summary": {"covered_lines": 0, "num_statements": 1, "percent_covered": 0.0, "percent_covered_display": "0.00", "missing_lines": 1, "excluded_lines": 0, "percent_statements_covered": 0.0, "percent_statements_covered_display": "0.00"}, "missing_lines": [143], "excluded_lines": []}, "validate_function_signature": {"executed_lines": [214, 215, 218, 220, 224, 225, 228, 229, 232], "summary": {"covered_lines": 9, "num_statements": 11, "percent_covered": 81.81818181818181, "percent_covered_display": "81.82", "missing_lines": 2, "excluded_lines": 0, "percent_statements_covered": 81.81818181818181, "percent_statements_covered_display": "81.82"}, "missing_lines": [221, 230], "excluded_lines": []}, "MempoolSimulator.simulate_sandwich": {"executed_lines": [], "summary": {"covered_lines": 0, "num_statements": 4, "percent_covered": 0.0, "percent_covered_display": "0.00", "missing_lines": 4, "excluded_lines": 0, "percent_statements_covered": 0.0, "percent_statements_covered_display": "0.00"}, "missing_lines": [239, 240, 241, 242], "excluded_lines": []}, "ExploitAgent.__init__": {"executed_lines": [345, 346, 347, 350, 351, 353, 354, 355, 356, 357], "summary": {"covered_lines": 10, "num_statements": 12, "percent_covered": 83.33333333333333, "percent_covered_display": "83.33", "missing_lines": 2, "excluded_lines": 0, "percent_statements_covered": 83.33333333333333, "percent_statements_covered_display": "83.33"}, "missing_lines": [348, 349], "excluded_lines": []}, "ExploitAgent._calculate_profit_usd": {"executed_lines": [], "summary": {"covered_lines": 0, "num_statements": 6, "percent_covered": 0.0, "percent_covered_display": "0.00", "missing_lines": 6, "excluded_lines": 0, "percent_statements_covered": 0.0, "percent_statements_covered_display": "0.00"}, "missing_lines": [364, 365, 366, 369, 372, 377], "excluded_lines": []}, "ExploitAgent._build_token_specs_for_chain": {"executed_lines": [381, 384, 385, 386, 387, 388, 392], "summary": {"covered_lines": 7, "num_statements": 10, "percent_covered": 70.0, "percent_covered_display": "70.00", "missing_lines": 3, "excluded_lines": 0, "percent_statements_covered": 70.0, "percent_statements_covered_display": "70.00"}, "missing_lines": [382, 389, 391], "excluded_lines": []}, "ExploitAgent.AdaptiveRateLimiter.__init__": {"executed_lines": [398, 399, 400, 401, 402, 403, 404], "summary": {"covered_lines": 7, "num_statements": 7, "percent_covered": 100.0, "percent_covered_display": "100.00", "missing_lines": 0, "excluded_lines": 0, "percent_statements_covered": 100.0, "percent_statements_covered_display": "100.00"}, "missing_lines": [], "excluded_lines": []}, "ExploitAgent.AdaptiveRateLimiter.__aenter__": {"executed_lines": [407, 408, 409, 410, 411], "summary": {"covered_lines": 5, "num_statements": 5, "percent_covered": 100.0, "percent_covered_display": "100.00", "missing_lines": 0, "excluded_lines": 0, "percent_statements_covered": 100.0, "percent_statements_covered_display": "100.00"}, "missing_lines": [], "excluded_lines": []}, "ExploitAgent.AdaptiveRateLimiter.__aexit__": {"executed_lines": [414, 415, 416, 417, 418, 419, 420, 421, 422, 423, 424, 426, 427, 428, 429, 430, 431, 433, 434], "summary": {"covered_lines": 19, "num_statements": 19, "percent_covered": 100.0, "percent_covered_display": "100.00", "missing_lines": 0, "excluded_lines": 0, "percent_statements_covered": 100.0, "percent_statements_covered_display": "100.00"}, "missing_lines": [], "excluded_lines": []}, "ExploitAgent._refine_exploit": {"executed_lines": [], "summary": {"covered_lines": 0, "num_statements": 19, "percent_covered": 0.0, "percent_covered_display": "0.00", "missing_lines": 19, "excluded_lines": 0, "percent_statements_covered": 0.0, "percent_statements_covered_display": "0.00"}, "missing_lines": [451, 452, 453, 454, 455, 456, 457, 466, 467, 469, 470, 472, 473, 474, 475, 477, 478, 479, 480], "excluded_lines": []}, "ExploitAgent.run": {"executed_lines": [484, 486, 489, 490, 491, 494, 495, 496, 497, 498, 499, 500, 503, 504, 505, 511, 513, 514, 515, 516, 519, 520, 521, 530, 535, 536, 537, 540, 576, 577, 578, 580, 581, 583, 592, 601, 604, 606, 608, 609, 610, 613, 615, 616, 638, 639, 642, 650, 654, 655, 656, 657, 658, 659, 662, 668, 671, 672, 674, 677, 681, 684], "summary": {"covered_lines": 62, "num_statements": 109, "percent_covered": 56.88073394495413, "percent_covered_display": "56.88", "missing_lines": 47, "excluded_lines": 0, "percent_statements_covered": 56.88073394495413, "percent_statements_covered_display": "56.88"}, "missing_lines": [487, 492, 506, 525, 526, 527, 531, 532, 542, 543, 544, 545, 547, 548, 553, 554, 555, 563, 572, 573, 579, 584, 585, 586, 593, 599, 600, 602, 611, 612, 618, 619, 620, 621, 622, 640, 643, 644, 645, 646, 647, 648, 663, 664, 665, 669, 682], "excluded_lines": []}, "ExploitAgent._generate_attack_body_snippet": {"executed_lines": [], "summary": {"covered_lines": 0, "num_statements": 23, "percent_covered": 0.0, "percent_covered_display": "0.00", "missing_lines": 23, "excluded_lines": 0, "percent_statements_covered": 0.0, "percent_statements_covered_display": "0.00"}, "missing_lines": [700, 701, 702, 703, 704, 705, 707, 708, 709, 710, 711, 712, 714, 728, 729, 730, 731, 732, 733, 734, 735, 736, 737], "excluded_lines": []}, "ExploitAgent._attack_body_has_forbidden_constructs": {"executed_lines": [], "summary": {"covered_lines": 0, "num_statements": 4, "percent_covered": 0.0, "percent_covered_display": "0.00", "missing_lines": 4, "excluded_lines": 0, "percent_statements_covered": 0.0, "percent_statements_covered_display": "0.00"}, "missing_lines": [741, 742, 743, 749], "excluded_lines": []}, "ExploitAgent._sanitize_attack_body": {"executed_lines": [], "summary": {"covered_lines": 0, "num_statements": 30, "percent_covered": 0.0, "percent_covered_display": "0.00", "missing_lines": 30, "excluded_lines": 0, "percent_statements_covered": 0.0, "percent_statements_covered_display": "0.00"}, "missing_lines": [753, 754, 756, 757, 758, 759, 760, 761, 762, 763, 764, 765, 766, 767, 768, 769, 770, 771, 772, 773, 774, 775, 776, 777, 778, 779, 780, 793, 794, 795], "excluded_lines": []}, "ExploitAgent._rebalance_braces": {"executed_lines": [], "summary": {"covered_lines": 0, "num_statements": 15, "percent_covered": 0.0, "percent_covered_display": "0.00", "missing_lines": 15, "excluded_lines": 0, "percent_statements_covered": 0.0, "percent_statements_covered_display": "0.00"}, "missing_lines": [798, 799, 800, 801, 802, 803, 804, 805, 806, 807, 808, 810, 811, 812, 813], "excluded_lines": []}, "ExploitAgent._heuristic_attack_body": {"executed_lines": [], "summary": {"covered_lines": 0, "num_statements": 74, "percent_covered": 0.0, "percent_covered_display": "0.00", "missing_lines": 74, "excluded_lines": 0, "percent_statements_covered": 0.0, "percent_statements_covered_display": "0.00"}, "missing_lines": [816, 817, 818, 821, 822, 823, 824, 826, 827, 828, 829, 831, 832, 833, 834, 835, 836, 837, 838, 839, 840, 842, 844, 873, 896, 897, 899, 908, 909, 910, 911, 925, 926, 928, 937, 938, 939, 940, 941, 942, 943, 944, 947, 948, 949, 950, 951, 952, 954, 960, 961, 963, 964, 965, 967, 968, 969, 971, 972, 973, 975, 982, 983, 984, 986, 987, 988, 989, 990, 992, 994, 995, 1004, 1006], "excluded_lines": []}, "ExploitAgent._heuristic_attack_body._default_for": {"executed_lines": [], "summary": {"covered_lines": 0, "num_statements": 27, "percent_covered": 0.0, "percent_covered_display": "0.00", "missing_lines": 27, "excluded_lines": 0, "percent_statements_covered": 0.0, "percent_statements_covered_display": "0.00"}, "missing_lines": [845, 846, 847, 848, 849, 850, 851, 852, 853, 854, 855, 856, 857, 858, 859, 860, 861, 862, 863, 864, 865, 866, 867, 868, 869, 870, 871], "excluded_lines": []}, "ExploitAgent._heuristic_attack_body._arg_for": {"executed_lines": [], "summary": {"covered_lines": 0, "num_statements": 20, "percent_covered": 0.0, "percent_covered_display": "0.00", "missing_lines": 20, "excluded_lines": 0, "percent_statements_covered": 0.0, "percent_statements_covered_display": "0.00"}, "missing_lines": [874, 875, 876, 877, 878, 879, 880, 881, 882, 883, 884, 885, 886, 887, 888, 889, 890, 891, 892, 893], "excluded_lines": []}, "ExploitAgent._heuristic_attack_body._args_with_amount": {"executed_lines": [], "summary": {"covered_lines": 0, "num_statements": 6, "percent_covered": 0.0, "percent_covered_display": "0.00", "missing_lines": 6, "excluded_lines": 0, "percent_statements_covered": 0.0, "percent_statements_covered_display": "0.00"}, "missing_lines": [929, 930, 931, 932, 934, 935], "excluded_lines": []}, "ExploitAgent._heuristic_attack_body._encode_call": {"executed_lines": [], "summary": {"covered_lines": 0, "num_statements": 3, "percent_covered": 0.0, "percent_covered_display": "0.00", "missing_lines": 3, "excluded_lines": 0, "percent_statements_covered": 0.0, "percent_statements_covered_display": "0.00"}, "missing_lines": [955, 956, 957], "excluded_lines": []}, "ExploitAgent._state_machine_sequences": {"executed_lines": [], "summary": {"covered_lines": 0, "num_statements": 22, "percent_covered": 0.0, "percent_covered_display": "0.00", "missing_lines": 22, "excluded_lines": 0, "percent_statements_covered": 0.0, "percent_statements_covered_display": "0.00"}, "missing_lines": [1015, 1016, 1017, 1019, 1031, 1045, 1046, 1047, 1049, 1055, 1056, 1057, 1058, 1059, 1060, 1061, 1062, 1063, 1065, 1066, 1067, 1069], "excluded_lines": []}, "ExploitAgent._state_machine_sequences._sig_from_abi": {"executed_lines": [], "summary": {"covered_lines": 0, "num_statements": 10, "percent_covered": 0.0, "percent_covered_display": "0.00", "missing_lines": 10, "excluded_lines": 0, "percent_statements_covered": 0.0, "percent_statements_covered_display": "0.00"}, "missing_lines": [1020, 1021, 1022, 1023, 1024, 1025, 1026, 1027, 1028, 1029], "excluded_lines": []}, "ExploitAgent._state_machine_sequences._find_by_keywords": {"executed_lines": [], "summary": {"covered_lines": 0, "num_statements": 12, "percent_covered": 0.0, "percent_covered_display": "0.00", "missing_lines": 12, "excluded_lines": 0, "percent_statements_covered": 0.0, "percent_statements_covered_display": "0.00"}, "missing_lines": [1032, 1033, 1034, 1035, 1036, 1037, 1038, 1039, 1040, 1041, 1042, 1043], "excluded_lines": []}, "ExploitAgent._needs_flashloan": {"executed_lines": [], "summary": {"covered_lines": 0, "num_statements": 6, "percent_covered": 0.0, "percent_covered_display": "0.00", "missing_lines": 6, "excluded_lines": 0, "percent_statements_covered": 0.0, "percent_statements_covered_display": "0.00"}, "missing_lines": [1072, 1073, 1074, 1075, 1076, 1077], "excluded_lines": []}, "ExploitAgent._derive_failure_feedback": {"executed_lines": [1085, 1086], "summary": {"covered_lines": 2, "num_statements": 21, "percent_covered": 9.523809523809524, "percent_covered_display": "9.52", "missing_lines": 19, "excluded_lines": 0, "percent_statements_covered": 9.523809523809524, "percent_statements_covered_display": "9.52"}, "missing_lines": [1088, 1119, 1120, 1122, 1123, 1124, 1125, 1127, 1128, 1129, 1130, 1131, 1138, 1139, 1141, 1149, 1151, 1152, 1154], "excluded_lines": []}, "ExploitAgent._persist_failure_feedback": {"executed_lines": [], "summary": {"covered_lines": 0, "num_statements": 9, "percent_covered": 0.0, "percent_covered_display": "0.00", "missing_lines": 9, "excluded_lines": 0, "percent_statements_covered": 0.0, "percent_statements_covered_display": "0.00"}, "missing_lines": [1162, 1163, 1164, 1165, 1166, 1167, 1168, 1169, 1170], "excluded_lines": []}, "ExploitAgent._generate_attack_mutations": {"executed_lines": [], "summary": {"covered_lines": 0, "num_statements": 41, "percent_covered": 0.0, "percent_covered_display": "0.00", "missing_lines": 41, "excluded_lines": 0, "percent_statements_covered": 0.0, "percent_statements_covered_display": "0.00"}, "missing_lines": [1179, 1180, 1182, 1183, 1184, 1185, 1186, 1187, 1188, 1190, 1191, 1193, 1195, 1196, 1198, 1199, 1200, 1201, 1202, 1203, 1204, 1207, 1208, 1215, 1216, 1217, 1220, 1224, 1225, 1230, 1233, 1234, 1235, 1238, 1241, 1242, 1243, 1246, 1247, 1252, 1254], "excluded_lines": []}, "ExploitAgent._cross_contract_pairs": {"executed_lines": [1258, 1259, 1260, 1263, 1265], "summary": {"covered_lines": 5, "num_statements": 8, "percent_covered": 62.5, "percent_covered_display": "62.50", "missing_lines": 3, "excluded_lines": 0, "percent_statements_covered": 62.5, "percent_statements_covered_display": "62.50"}, "missing_lines": [1261, 1262, 1264], "excluded_lines": []}, "ExploitAgent._differential_fuzz_stub": {"executed_lines": [], "summary": {"covered_lines": 0, "num_statements": 13, "percent_covered": 0.0, "percent_covered_display": "0.00", "missing_lines": 13, "excluded_lines": 0, "percent_statements_covered": 0.0, "percent_statements_covered_display": "0.00"}, "missing_lines": [1277, 1278, 1279, 1280, 1281, 1282, 1283, 1284, 1285, 1293, 1294, 1295, 1296], "excluded_lines": []}, "ExploitAgent._categorize_failure": {"executed_lines": [], "summary": {"covered_lines": 0, "num_statements": 19, "percent_covered": 0.0, "percent_covered_display": "0.00", "missing_lines": 19, "excluded_lines": 0, "percent_statements_covered": 0.0, "percent_statements_covered_display": "0.00"}, "missing_lines": [1300, 1301, 1306, 1307, 1308, 1309, 1310, 1311, 1312, 1313, 1314, 1315, 1316, 1317, 1318, 1319, 1320, 1321, 1322], "excluded_lines": []}, "ExploitAgent._is_close_to_success": {"executed_lines": [], "summary": {"covered_lines": 0, "num_statements": 4, "percent_covered": 0.0, "percent_covered_display": "0.00", "missing_lines": 4, "excluded_lines": 0, "percent_statements_covered": 0.0, "percent_statements_covered_display": "0.00"}, "missing_lines": [1326, 1327, 1331, 1332], "excluded_lines": []}, "ExploitAgent._retry_with_adjustments": {"executed_lines": [], "summary": {"covered_lines": 0, "num_statements": 12, "percent_covered": 0.0, "percent_covered_display": "0.00", "missing_lines": 12, "excluded_lines": 0, "percent_statements_covered": 0.0, "percent_statements_covered_display": "0.00"}, "missing_lines": [1344, 1345, 1346, 1347, 1348, 1349, 1350, 1358, 1359, 1360, 1361, 1362], "excluded_lines": []}, "ExploitAgent._run_contract_hypothesis": {"executed_lines": [], "summary": {"covered_lines": 0, "num_statements": 89, "percent_covered": 0.0, "percent_covered_display": "0.00", "missing_lines": 89, "excluded_lines": 0, "percent_statements_covered": 0.0, "percent_statements_covered_display": "0.00"}, "missing_lines": [1377, 1384, 1385, 1387, 1388, 1389, 1390, 1391, 1392, 1393, 1394, 1395, 1396, 1397, 1398, 1399, 1400, 1401, 1402, 1404, 1405, 1407, 1408, 1411, 1412, 1415, 1416, 1418, 1419, 1420, 1421, 1426, 1432, 1433, 1434, 1437, 1438, 1440, 1449, 1450, 1451, 1452, 1454, 1455, 1456, 1457, 1465, 1466, 1467, 1468, 1470, 1471, 1473, 1474, 1476, 1477, 1488, 1489, 1490, 1492, 1493, 1495, 1496, 1498, 1501, 1502, 1503, 1504, 1506, 1507, 1509, 1510, 1511, 1513, 1553, 1554, 1555, 1556, 1557, 1558, 1559, 1562, 1563, 1564, 1573, 1574, 1580, 1589, 1591], "excluded_lines": []}, "ExploitAgent._default_profit_tokens": {"executed_lines": [], "summary": {"covered_lines": 0, "num_statements": 33, "percent_covered": 0.0, "percent_covered_display": "0.00", "missing_lines": 33, "excluded_lines": 0, "percent_statements_covered": 0.0, "percent_statements_covered_display": "0.00"}, "missing_lines": [1605, 1606, 1607, 1608, 1609, 1610, 1611, 1612, 1613, 1614, 1615, 1616, 1617, 1618, 1619, 1621, 1622, 1624, 1625, 1626, 1628, 1629, 1630, 1631, 1632, 1633, 1634, 1635, 1637, 1647, 1648, 1653, 1655], "excluded_lines": []}, "ExploitAgent._resolve_token_spec": {"executed_lines": [], "summary": {"covered_lines": 0, "num_statements": 13, "percent_covered": 0.0, "percent_covered_display": "0.00", "missing_lines": 13, "excluded_lines": 0, "percent_statements_covered": 0.0, "percent_statements_covered_display": "0.00"}, "missing_lines": [1664, 1665, 1666, 1668, 1678, 1679, 1680, 1682, 1683, 1684, 1685, 1686, 1687], "excluded_lines": []}, "ExploitAgent._resolve_token_spec._match": {"executed_lines": [], "summary": {"covered_lines": 0, "num_statements": 8, "percent_covered": 0.0, "percent_covered_display": "0.00", "missing_lines": 8, "excluded_lines": 0, "percent_statements_covered": 0.0, "percent_statements_covered_display": "0.00"}, "missing_lines": [1669, 1670, 1671, 1672, 1673, 1674, 1675, 1676], "excluded_lines": []}, "ExploitAgent._compute_profit_eth_equiv": {"executed_lines": [1702, 1704, 1708, 1711, 1714, 1720], "summary": {"covered_lines": 6, "num_statements": 7, "percent_covered": 85.71428571428571, "percent_covered_display": "85.71", "missing_lines": 1, "excluded_lines": 0, "percent_statements_covered": 85.71428571428571, "percent_statements_covered_display": "85.71"}, "missing_lines": [1705], "excluded_lines": []}, "ExploitAgent._build_token_specs": {"executed_lines": [1728, 1731, 1732, 1733, 1738, 1739, 1741], "summary": {"covered_lines": 7, "num_statements": 9, "percent_covered": 77.77777777777777, "percent_covered_display": "77.78", "missing_lines": 2, "excluded_lines": 0, "percent_statements_covered": 77.77777777777777, "percent_statements_covered_display": "77.78"}, "missing_lines": [1734, 1735], "excluded_lines": []}, "ExploitAgent._get_eth_price_usd": {"executed_lines": [], "summary": {"covered_lines": 0, "num_statements": 5, "percent_covered": 0.0, "percent_covered_display": "0.00", "missing_lines": 5, "excluded_lines": 0, "percent_statements_covered": 0.0, "percent_statements_covered_display": "0.00"}, "missing_lines": [1745, 1746, 1747, 1748, 1749], "excluded_lines": []}, "ExploitAgent._get_eth_price_from_cache": {"executed_lines": [1753, 1754, 1755, 1758, 1763], "summary": {"covered_lines": 5, "num_statements": 8, "percent_covered": 62.5, "percent_covered_display": "62.50", "missing_lines": 3, "excluded_lines": 0, "percent_statements_covered": 62.5, "percent_statements_covered_display": "62.50"}, "missing_lines": [1759, 1760, 1761], "excluded_lines": []}, "ExploitAgent._prefetch_token_prices": {"executed_lines": [], "summary": {"covered_lines": 0, "num_statements": 41, "percent_covered": 0.0, "percent_covered_display": "0.00", "missing_lines": 41, "excluded_lines": 3, "percent_statements_covered": 0.0, "percent_statements_covered_display": "0.00"}, "missing_lines": [1771, 1772, 1774, 1775, 1776, 1777, 1778, 1780, 1781, 1782, 1785, 1786, 1788, 1789, 1792, 1793, 1794, 1797, 1798, 1799, 1800, 1801, 1802, 1803, 1805, 1811, 1812, 1813, 1814, 1815, 1821, 1822, 1823, 1824, 1825, 1826, 1827, 1830, 1831, 1832, 1834], "excluded_lines": [1816, 1817, 1818]}, "ExploitAgent._prefetch_token_prices._fetch_prices": {"executed_lines": [], "summary": {"covered_lines": 0, "num_statements": 4, "percent_covered": 0.0, "percent_covered_display": "0.00", "missing_lines": 4, "excluded_lines": 0, "percent_statements_covered": 0.0, "percent_statements_covered_display": "0.00"}, "missing_lines": [1806, 1807, 1808, 1809], "excluded_lines": []}, "ExploitAgent._run_http_hypothesis": {"executed_lines": [1838, 1840, 1841, 1845, 1847, 1848, 1852, 1853, 1857, 1858, 1859, 1861, 1870, 1872, 1885], "summary": {"covered_lines": 15, "num_statements": 21, "percent_covered": 71.42857142857143, "percent_covered_display": "71.43", "missing_lines": 6, "excluded_lines": 0, "percent_statements_covered": 71.42857142857143, "percent_statements_covered_display": "71.43"}, "missing_lines": [1842, 1843, 1849, 1850, 1854, 1855], "excluded_lines": []}, "ExploitAgent._generate_payloads": {"executed_lines": [], "summary": {"covered_lines": 0, "num_statements": 0, "percent_covered": 100.0, "percent_covered_display": "100.00", "missing_lines": 0, "excluded_lines": 1, "percent_statements_covered": 100.0, "percent_statements_covered_display": "100.00"}, "missing_lines": [], "excluded_lines": [1892]}, "ExploitAgent._execute_tests": {"executed_lines": [], "summary": {"covered_lines": 0, "num_statements": 16, "percent_covered": 0.0, "percent_covered_display": "0.00", "missing_lines": 16, "excluded_lines": 0, "percent_statements_covered": 0.0, "percent_statements_covered_display": "0.00"}, "missing_lines": [1901, 1903, 1904, 1906, 1907, 1908, 1910, 1911, 1914, 1915, 1916, 1917, 1919, 1921, 1931, 1932], "excluded_lines": []}, "ExploitAgent._analyze_results": {"executed_lines": [], "summary": {"covered_lines": 0, "num_statements": 17, "percent_covered": 0.0, "percent_covered_display": "0.00", "missing_lines": 17, "excluded_lines": 0, "percent_statements_covered": 0.0, "percent_statements_covered_display": "0.00"}, "missing_lines": [1940, 1941, 1944, 1946, 1947, 1950, 1951, 1952, 1953, 1955, 1967, 1968, 1970, 1971, 1972, 1973, 1975], "excluded_lines": []}, "ExploitAgent._create_finding": {"executed_lines": [], "summary": {"covered_lines": 0, "num_statements": 6, "percent_covered": 0.0, "percent_covered_display": "0.00", "missing_lines": 6, "excluded_lines": 0, "percent_statements_covered": 0.0, "percent_statements_covered_display": "0.00"}, "missing_lines": [1983, 1984, 1985, 1986, 1992, 1994], "excluded_lines": []}, "ExploitAgent._estimate_severity": {"executed_lines": [], "summary": {"covered_lines": 0, "num_statements": 11, "percent_covered": 0.0, "percent_covered_display": "0.00", "missing_lines": 11, "excluded_lines": 0, "percent_statements_covered": 0.0, "percent_statements_covered_display": "0.00"}, "missing_lines": [2010, 2011, 2012, 2014, 2015, 2016, 2017, 2018, 2019, 2020, 2021], "excluded_lines": []}, "ExploitAgent._research_exploitation_techniques": {"executed_lines": [], "summary": {"covered_lines": 0, "num_statements": 3, "percent_covered": 0.0, "percent_covered_display": "0.00", "missing_lines": 3, "excluded_lines": 0, "percent_statements_covered": 0.0, "percent_statements_covered_display": "0.00"}, "missing_lines": [2028, 2030, 2031], "excluded_lines": []}, "": {"executed_lines": [1, 3, 5, 6, 7, 8, 9, 10, 11, 12, 13, 14, 15, 16, 17, 19, 21, 22, 23, 24, 25, 29, 30, 31, 34, 35, 68, 111, 114, 115, 117, 133, 202, 235, 236, 238, 251, 252, 261, 262, 264, 339, 340, 341, 342, 344, 362, 379, 394, 395, 397, 406, 413, 436, 482, 698, 739, 751, 797, 815, 1008, 1071, 1079, 1160, 1172, 1256, 1267, 1298, 1324, 1334, 1364, 1599, 1657, 1689, 1722, 1743, 1751, 1765, 1836, 1891, 1894, 1934, 1977, 2008, 2023], "summary": {"covered_lines": 79, "num_statements": 79, "percent_covered": 100.0, "percent_covered_display": "100.00", "missing_lines": 0, "excluded_lines": 1, "percent_statements_covered": 100.0, "percent_statements_covered_display": "100.00"}, "missing_lines": [], "excluded_lines": [1891]}}, "classes": {"RPCRetryManager": {"executed_lines": [124, 125, 126, 127], "summary": {"covered_lines": 4, "num_statements": 23, "percent_covered": 17.391304347826086, "percent_covered_display": "17.39", "missing_lines": 19, "excluded_lines": 9, "percent_statements_covered": 17.391304347826086, "percent_statements_covered_display": "17.39"}, "missing_lines": [139, 140, 141, 142, 143, 145, 147, 152, 153, 154, 155, 161, 162, 163, 164, 165, 166, 167, 191], "excluded_lines": [176, 177, 178, 179, 180, 181, 187, 188, 189]}, "MempoolSimulator": {"executed_lines": [], "summary": {"covered_lines": 0, "num_statements": 4, "percent_covered": 0.0, "percent_covered_display": "0.00", "missing_lines": 4, "excluded_lines": 0, "percent_statements_covered": 0.0, "percent_statements_covered_display": "0.00"}, "missing_lines": [239, 240, 241, 242], "excluded_lines": []}, "ExploitAgent": {"executed_lines": [345, 346, 347, 350, 351, 353, 354, 355, 356, 357, 381, 384, 385, 386, 387, 388, 392, 484, 486, 489, 490, 491, 494, 495, 496, 497, 498, 499, 500, 503, 504, 505, 511, 513, 514, 515, 516, 519, 520, 521, 530, 535, 536, 537, 540, 576, 577, 578, 580, 581, 583, 592, 601, 604, 606, 608, 609, 610, 613, 615, 616, 638, 639, 642, 650, 654, 655, 656, 657, 658, 659, 662, 668, 671, 672, 674, 677, 681, 684, 1085, 1086, 1258, 1259, 1260, 1263, 1265, 1702, 1704, 1708, 1711, 1714, 1720, 1728, 1731, 1732, 1733, 1738, 1739, 1741, 1753, 1754, 1755, 1758, 1763, 1838, 1840, 1841, 1845, 1847, 1848, 1852, 1853, 1857, 1858, 1859, 1861, 1870, 1872, 1885], "summary": {"covered_lines": 119, "num_statements": 832, "percent_covered": 14.302884615384615, "percent_covered_display": "14.30", "missing_lines": 713, "excluded_lines": 4, "percent_statements_covered": 14.302884615384615, "percent_statements_covered_display": "14.30"}, "missing_lines": [348, 349, 364, 365, 366, 369, 372, 377, 382, 389, 391, 451, 452, 453, 454, 455, 456, 457, 466, 467, 469, 470, 472, 473, 474, 475, 477, 478, 479, 480, 487, 492, 506, 525, 526, 527, 531, 532, 542, 543, 544, 545, 547, 548, 553, 554, 555, 563, 572, 573, 579, 584, 585, 586, 593, 599, 600, 602, 611, 612, 618, 619, 620, 621, 622, 640, 643, 644, 645, 646, 647, 648, 663, 664, 665, 669, 682, 700, 701, 702, 703, 704, 705, 707, 708, 709, 710, 711, 712, 714, 728, 729, 730, 731, 732, 733, 734, 735, 736, 737, 741, 742, 743, 749, 753, 754, 756, 757, 758, 759, 760, 761, 762, 763, 764, 765, 766, 767, 768, 769, 770, 771, 772, 773, 774, 775, 776, 777, 778, 779, 780, 793, 794, 795, 798, 799, 800, 801, 802, 803, 804, 805, 806, 807, 808, 810, 811, 812, 813, 816, 817, 818, 821, 822, 823, 824, 826, 827, 828, 829, 831, 832, 833, 834, 835, 836, 837, 838, 839, 840, 842, 844, 845, 846, 847, 848, 849, 850, 851, 852, 853, 854, 855, 856, 857, 858, 859, 860, 861, 862, 863, 864, 865, 866, 867, 868, 869, 870, 871, 873, 874, 875, 876, 877, 878, 879, 880, 881, 882, 883, 884, 885, 886, 887, 888, 889, 890, 891, 892, 893, 896, 897, 899, 900, 901, 902, 903, 905, 906, 908, 909, 910, 911, 925, 926, 928, 929, 930, 931, 932, 934, 935, 937, 938, 939, 940, 941, 942, 943, 944, 947, 948, 949, 950, 951, 952, 954, 955, 956, 957, 960, 961, 963, 964, 965, 967, 968, 969, 971, 972, 973, 975, 982, 983, 984, 986, 987, 988, 989, 990, 992, 994, 995, 1004, 1006, 1015, 1016, 1017, 1019, 1020, 1021, 1022, 1023, 1024, 1025, 1026, 1027, 1028, 1029, 1031, 1032, 1033, 1034, 1035, 1036, 1037, 1038, 1039, 1040, 1041, 1042, 1043, 1045, 1046, 1047, 1049, 1055, 1056, 1057, 1058, 1059, 1060, 1061, 1062, 1063, 1065, 1066, 1067, 1069, 1072, 1073, 1074, 1075, 1076, 1077, 1088, 1119, 1120, 1122, 1123, 1124, 1125, 1127, 1128, 1129, 1130, 1131, 1138, 1139, 1141, 1149, 1151, 1152, 1154, 1162, 1163, 1164, 1165, 1166, 1167, 1168, 1169, 1170, 1179, 1180, 1182, 1183, 1184, 1185, 1186, 1187, 1188, 1190, 1191, 1193, 1195, 1196, 1198, 1199, 1200, 1201, 1202, 1203, 1204, 1207, 1208, 1215, 1216, 1217, 1220, 1224, 1225, 1230, 1233, 1234, 1235, 1238, 1241, 1242, 1243, 1246, 1247, 1252, 1254, 1261, 1262, 1264, 1277, 1278, 1279, 1280, 1281, 1282, 1283, 1284, 1285, 1293, 1294, 1295, 1296, 1300, 1301, 1306, 1307, 1308, 1309, 1310, 1311, 1312, 1313, 1314, 1315, 1316, 1317, 1318, 1319, 1320, 1321, 1322, 1326, 1327, 1331, 1332, 1344, 1345, 1346, 1347, 1348, 1349, 1350, 1358, 1359, 1360, 1361, 1362, 1377, 1384, 1385, 1387, 1388, 1389, 1390, 1391, 1392, 1393, 1394, 1395, 1396, 1397, 1398, 1399, 1400, 1401, 1402, 1404, 1405, 1407, 1408, 1411, 1412, 1415, 1416, 1418, 1419, 1420, 1421, 1426, 1432, 1433, 1434, 1437, 1438, 1440, 1449, 1450, 1451, 1452, 1454, 1455, 1456, 1457, 1465, 1466, 1467, 1468, 1470, 1471, 1473, 1474, 1476, 1477, 1488, 1489, 1490, 1492, 1493, 1495, 1496, 1498, 1501, 1502, 1503, 1504, 1506, 1507, 1509, 1510, 1511, 1513, 1553, 1554, 1555, 1556, 1557, 1558, 1559, 1562, 1563, 1564, 1573, 1574, 1580, 1589, 1591, 1605, 1606, 1607, 1608, 1609, 1610, 1611, 1612, 1613, 1614, 1615, 1616, 1617, 1618, 1619, 1621, 1622, 1624, 1625, 1626, 1628, 1629, 1630, 1631, 1632, 1633, 1634, 1635, 1637, 1647, 1648, 1653, 1655, 1664, 1665, 1666, 1668, 1669, 1670, 1671, 1672, 1673, 1674, 1675, 1676, 1678, 1679, 1680, 1682, 1683, 1684, 1685, 1686, 1687, 1705, 1734, 1735, 1745, 1746, 1747, 1748, 1749, 1759, 1760, 1761, 1771, 1772, 1774, 1775, 1776, 1777, 1778, 1780, 1781, 1782, 1785, 1786, 1788, 1789, 1792, 1793, 1794, 1797, 1798, 1799, 1800, 1801, 1802, 1803, 1805, 1806, 1807, 1808, 1809, 1811, 1812, 1813, 1814, 1815, 1821, 1822, 1823, 1824, 1825, 1826, 1827, 1830, 1831, 1832, 1834, 1842, 1843, 1849, 1850, 1854, 1855, 1901, 1903, 1904, 1906, 1907, 1908, 1910, 1911, 1914, 1915, 1916, 1917, 1919, 1921, 1931, 1932, 1940, 1941, 1944, 1946, 1947, 1950, 1951, 1952, 1953, 1955, 1967, 1968, 1970, 1971, 1972, 1973, 1975, 1983, 1984, 1985, 1986, 1992, 1994, 2010, 2011, 2012, 2014, 2015, 2016, 2017, 2018, 2019, 2020, 2021, 2028, 2030, 2031], "excluded_lines": [1816, 1817, 1818, 1892]}, "ExploitAgent.AdaptiveRateLimiter": {"executed_lines": [398, 399, 400, 401, 402, 403, 404, 407, 408, 409, 410, 411, 414, 415, 416, 417, 418, 419, 420, 421, 422, 423, 424, 426, 427, 428, 429, 430, 431, 433, 434], "summary": {"covered_lines": 31, "num_statements": 31, "percent_covered": 100.0, "percent_covered_display": "100.00", "missing_lines": 0, "excluded_lines": 0, "percent_statements_covered": 100.0, "percent_statements_covered_display": "100.00"}, "missing_lines": [], "excluded_lines": []}, "": {"executed_lines": [1, 3, 5, 6, 7, 8, 9, 10, 11, 12, 13, 14, 15, 16, 17, 19, 21, 22, 23, 24, 25, 29, 30, 31, 34, 35, 68, 111, 114, 115, 117, 133, 202, 214, 215, 218, 220, 224, 225, 228, 229, 232, 235, 236, 238, 251, 252, 261, 262, 264, 339, 340, 341, 342, 344, 362, 379, 394, 395, 397, 406, 413, 436, 482, 698, 739, 751, 797, 815, 1008, 1071, 1079, 1160, 1172, 1256, 1267, 1298, 1324, 1334, 1364, 1599, 1657, 1689, 1722, 1743, 1751, 1765, 1836, 1891, 1894, 1934, 1977, 2008, 2023], "summary": {"covered_lines": 88, "num_statements": 90, "percent_covered": 97.77777777777777, "percent_covered_display": "97.78", "missing_lines": 2, "excluded_lines": 1, "percent_statements_covered": 97.77777777777777, "percent_statements_covered_display": "97.78"}, "missing_lines": [221, 230], "excluded_lines": [1891]}}}, "secbrain/agents/exploit_pattern_db.py": {"executed_lines": [1, 3, 4, 5, 6, 7, 10, 11, 12, 13, 14, 15, 16, 17, 19, 20, 30, 31, 33, 35, 36, 37, 38, 39, 41, 42, 43, 44, 45, 46, 48, 49, 50, 51, 55, 56, 64, 67, 69, 70, 72, 74, 76, 77, 78, 79, 80, 81, 82, 83, 84, 85, 86, 87, 88], "summary": {"covered_lines": 54, "num_statements": 56, "percent_covered": 96.42857142857143, "percent_covered_display": "96.43", "missing_lines": 2, "excluded_lines": 0, "percent_statements_covered": 96.42857142857143, "percent_statements_covered_display": "96.43"}, "missing_lines": [52, 53], "excluded_lines": [], "functions": {"ExploitPattern.to_dict": {"executed_lines": [20], "summary": {"covered_lines": 1, "num_statements": 1, "percent_covered": 100.0, "percent_covered_display": "100.00", "missing_lines": 0, "excluded_lines": 0, "percent_statements_covered": 100.0, "percent_statements_covered_display": "100.00"}, "missing_lines": [], "excluded_lines": []}, "ExploitPatternDatabase.__init__": {"executed_lines": [36, 37, 38, 39], "summary": {"covered_lines": 4, "num_statements": 4, "percent_covered": 100.0, "percent_covered_display": "100.00", "missing_lines": 0, "excluded_lines": 0, "percent_statements_covered": 100.0, "percent_statements_covered_display": "100.00"}, "missing_lines": [], "excluded_lines": []}, "ExploitPatternDatabase._load": {"executed_lines": [42, 43, 44, 45, 46], "summary": {"covered_lines": 5, "num_statements": 5, "percent_covered": 100.0, "percent_covered_display": "100.00", "missing_lines": 0, "excluded_lines": 0, "percent_statements_covered": 100.0, "percent_statements_covered_display": "100.00"}, "missing_lines": [], "excluded_lines": []}, "ExploitPatternDatabase._save": {"executed_lines": [49, 50, 51], "summary": {"covered_lines": 3, "num_statements": 5, "percent_covered": 60.0, "percent_covered_display": "60.00", "missing_lines": 2, "excluded_lines": 0, "percent_statements_covered": 60.0, "percent_statements_covered_display": "60.00"}, "missing_lines": [52, 53], "excluded_lines": []}, "ExploitPatternDatabase.record_successful_exploit": {"executed_lines": [56, 64, 67, 69, 70, 72], "summary": {"covered_lines": 6, "num_statements": 6, "percent_covered": 100.0, "percent_covered_display": "100.00", "missing_lines": 0, "excluded_lines": 0, "percent_statements_covered": 100.0, "percent_statements_covered_display": "100.00"}, "missing_lines": [], "excluded_lines": []}, "ExploitPatternDatabase.find_similar": {"executed_lines": [76, 77, 78, 79, 80, 81, 82, 83, 84, 85, 86, 87, 88], "summary": {"covered_lines": 13, "num_statements": 13, "percent_covered": 100.0, "percent_covered_display": "100.00", "missing_lines": 0, "excluded_lines": 0, "percent_statements_covered": 100.0, "percent_statements_covered_display": "100.00"}, "missing_lines": [], "excluded_lines": []}, "": {"executed_lines": [1, 3, 4, 5, 6, 7, 10, 11, 12, 13, 14, 15, 16, 17, 19, 30, 31, 33, 35, 41, 48, 55, 74], "summary": {"covered_lines": 22, "num_statements": 22, "percent_covered": 100.0, "percent_covered_display": "100.00", "missing_lines": 0, "excluded_lines": 0, "percent_statements_covered": 100.0, "percent_statements_covered_display": "100.00"}, "missing_lines": [], "excluded_lines": []}}, "classes": {"ExploitPattern": {"executed_lines": [20], "summary": {"covered_lines": 1, "num_statements": 1, "percent_covered": 100.0, "percent_covered_display": "100.00", "missing_lines": 0, "excluded_lines": 0, "percent_statements_covered": 100.0, "percent_statements_covered_display": "100.00"}, "missing_lines": [], "excluded_lines": []}, "ExploitPatternDatabase": {"executed_lines": [36, 37, 38, 39, 42, 43, 44, 45, 46, 49, 50, 51, 56, 64, 67, 69, 70, 72, 76, 77, 78, 79, 80, 81, 82, 83, 84, 85, 86, 87, 88], "summary": {"covered_lines": 31, "num_statements": 33, "percent_covered": 93.93939393939394, "percent_covered_display": "93.94", "missing_lines": 2, "excluded_lines": 0, "percent_statements_covered": 93.93939393939394, "percent_statements_covered_display": "93.94"}, "missing_lines": [52, 53], "excluded_lines": []}, "": {"executed_lines": [1, 3, 4, 5, 6, 7, 10, 11, 12, 13, 14, 15, 16, 17, 19, 30, 31, 33, 35, 41, 48, 55, 74], "summary": {"covered_lines": 22, "num_statements": 22, "percent_covered": 100.0, "percent_covered_display": "100.00", "missing_lines": 0, "excluded_lines": 0, "percent_statements_covered": 100.0, "percent_statements_covered_display": "100.00"}, "missing_lines": [], "excluded_lines": []}}}, "secbrain/agents/exploit_specialists.py": {"executed_lines": [1, 3, 4, 5, 7, 17, 18, 21, 22, 24, 26, 27, 29, 30, 31, 33, 36, 48, 103, 104, 106, 107, 114, 124, 125, 126, 128, 143, 145, 146, 147, 149, 150, 151, 153, 154, 163, 166, 167, 168, 180, 182, 184, 197, 198, 203, 206, 207, 209, 217, 232, 233, 235, 243, 258, 259, 261, 269, 284, 285, 286, 292, 303, 322, 392, 393, 395, 403, 419, 420, 422, 426, 453, 454, 456, 459, 474, 475, 477, 478, 479, 490, 491, 492, 493, 496, 506, 507, 508, 509, 511, 522, 525, 526, 529, 530], "summary": {"covered_lines": 94, "num_statements": 183, "percent_covered": 51.36612021857923, "percent_covered_display": "51.37", "missing_lines": 89, "excluded_lines": 0, "percent_statements_covered": 51.36612021857923, "percent_statements_covered_display": "51.37"}, "missing_lines": [34, 46, 61, 63, 64, 65, 67, 68, 69, 71, 72, 81, 94, 95, 97, 98, 100, 171, 172, 173, 174, 200, 201, 211, 227, 228, 229, 236, 253, 254, 255, 262, 279, 280, 281, 298, 299, 300, 301, 313, 314, 315, 320, 333, 335, 336, 337, 338, 340, 343, 344, 346, 347, 348, 349, 358, 359, 360, 361, 363, 364, 365, 366, 367, 368, 369, 370, 371, 373, 386, 387, 389, 396, 413, 414, 424, 437, 438, 439, 440, 441, 443, 450, 457, 469, 470, 471, 494, 512], "excluded_lines": [], "functions": {"ExploitSpecialist.__init__": {"executed_lines": [27], "summary": {"covered_lines": 1, "num_statements": 1, "percent_covered": 100.0, "percent_covered_display": "100.00", "missing_lines": 0, "excluded_lines": 0, "percent_statements_covered": 100.0, "percent_statements_covered_display": "100.00"}, "missing_lines": [], "excluded_lines": []}, "ExploitSpecialist.can_handle": {"executed_lines": [30, 31], "summary": {"covered_lines": 2, "num_statements": 2, "percent_covered": 100.0, "percent_covered_display": "100.00", "missing_lines": 0, "excluded_lines": 0, "percent_statements_covered": 100.0, "percent_statements_covered_display": "100.00"}, "missing_lines": [], "excluded_lines": []}, "ExploitSpecialist.generate_payloads": {"executed_lines": [], "summary": {"covered_lines": 0, "num_statements": 1, "percent_covered": 0.0, "percent_covered_display": "0.00", "missing_lines": 1, "excluded_lines": 0, "percent_statements_covered": 0.0, "percent_statements_covered_display": "0.00"}, "missing_lines": [34], "excluded_lines": []}, "ExploitSpecialist.verify": {"executed_lines": [], "summary": {"covered_lines": 0, "num_statements": 1, "percent_covered": 0.0, "percent_covered_display": "0.00", "missing_lines": 1, "excluded_lines": 0, "percent_statements_covered": 0.0, "percent_statements_covered_display": "0.00"}, "missing_lines": [46], "excluded_lines": []}, "ExploitSpecialist.run_with_adaptation": {"executed_lines": [], "summary": {"covered_lines": 0, "num_statements": 15, "percent_covered": 0.0, "percent_covered_display": "0.00", "missing_lines": 15, "excluded_lines": 0, "percent_statements_covered": 0.0, "percent_statements_covered_display": "0.00"}, "missing_lines": [61, 63, 64, 65, 67, 68, 69, 71, 72, 81, 94, 95, 97, 98, 100], "excluded_lines": []}, "XSSSpecialist.generate_payloads": {"executed_lines": [107], "summary": {"covered_lines": 1, "num_statements": 1, "percent_covered": 100.0, "percent_covered_display": "100.00", "missing_lines": 0, "excluded_lines": 0, "percent_statements_covered": 100.0, "percent_statements_covered_display": "100.00"}, "missing_lines": [], "excluded_lines": []}, "XSSSpecialist.verify": {"executed_lines": [124, 125, 126], "summary": {"covered_lines": 3, "num_statements": 3, "percent_covered": 100.0, "percent_covered_display": "100.00", "missing_lines": 0, "excluded_lines": 0, "percent_statements_covered": 100.0, "percent_statements_covered_display": "100.00"}, "missing_lines": [], "excluded_lines": []}, "XSSSpecialist.run_with_adaptation": {"executed_lines": [143, 145, 146, 147, 149, 150, 151, 153, 154, 163, 166, 167, 168, 180, 182, 184, 197, 198, 203], "summary": {"covered_lines": 19, "num_statements": 25, "percent_covered": 76.0, "percent_covered_display": "76.00", "missing_lines": 6, "excluded_lines": 0, "percent_statements_covered": 76.0, "percent_statements_covered_display": "76.00"}, "missing_lines": [171, 172, 173, 174, 200, 201], "excluded_lines": []}, "SSTISpecialist.generate_payloads": {"executed_lines": [], "summary": {"covered_lines": 0, "num_statements": 1, "percent_covered": 0.0, "percent_covered_display": "0.00", "missing_lines": 1, "excluded_lines": 0, "percent_statements_covered": 0.0, "percent_statements_covered_display": "0.00"}, "missing_lines": [211], "excluded_lines": []}, "SSTISpecialist.verify": {"executed_lines": [], "summary": {"covered_lines": 0, "num_statements": 3, "percent_covered": 0.0, "percent_covered_display": "0.00", "missing_lines": 3, "excluded_lines": 0, "percent_statements_covered": 0.0, "percent_statements_covered_display": "0.00"}, "missing_lines": [227, 228, 229], "excluded_lines": []}, "SQLiSpecialist.generate_payloads": {"executed_lines": [], "summary": {"covered_lines": 0, "num_statements": 1, "percent_covered": 0.0, "percent_covered_display": "0.00", "missing_lines": 1, "excluded_lines": 0, "percent_statements_covered": 0.0, "percent_statements_covered_display": "0.00"}, "missing_lines": [236], "excluded_lines": []}, "SQLiSpecialist.verify": {"executed_lines": [], "summary": {"covered_lines": 0, "num_statements": 3, "percent_covered": 0.0, "percent_covered_display": "0.00", "missing_lines": 3, "excluded_lines": 0, "percent_statements_covered": 0.0, "percent_statements_covered_display": "0.00"}, "missing_lines": [253, 254, 255], "excluded_lines": []}, "NoSQLiSpecialist.generate_payloads": {"executed_lines": [], "summary": {"covered_lines": 0, "num_statements": 1, "percent_covered": 0.0, "percent_covered_display": "0.00", "missing_lines": 1, "excluded_lines": 0, "percent_statements_covered": 0.0, "percent_statements_covered_display": "0.00"}, "missing_lines": [262], "excluded_lines": []}, "NoSQLiSpecialist.verify": {"executed_lines": [], "summary": {"covered_lines": 0, "num_statements": 3, "percent_covered": 0.0, "percent_covered_display": "0.00", "missing_lines": 3, "excluded_lines": 0, "percent_statements_covered": 0.0, "percent_statements_covered_display": "0.00"}, "missing_lines": [279, 280, 281], "excluded_lines": []}, "SSRFSpecialist.generate_payloads": {"executed_lines": [], "summary": {"covered_lines": 0, "num_statements": 4, "percent_covered": 0.0, "percent_covered_display": "0.00", "missing_lines": 4, "excluded_lines": 0, "percent_statements_covered": 0.0, "percent_statements_covered_display": "0.00"}, "missing_lines": [298, 299, 300, 301], "excluded_lines": []}, "SSRFSpecialist.verify": {"executed_lines": [], "summary": {"covered_lines": 0, "num_statements": 4, "percent_covered": 0.0, "percent_covered_display": "0.00", "missing_lines": 4, "excluded_lines": 0, "percent_statements_covered": 0.0, "percent_statements_covered_display": "0.00"}, "missing_lines": [313, 314, 315, 320], "excluded_lines": []}, "SSRFSpecialist.run_with_context": {"executed_lines": [], "summary": {"covered_lines": 0, "num_statements": 29, "percent_covered": 0.0, "percent_covered_display": "0.00", "missing_lines": 29, "excluded_lines": 0, "percent_statements_covered": 0.0, "percent_statements_covered_display": "0.00"}, "missing_lines": [333, 335, 336, 337, 338, 340, 343, 344, 346, 347, 348, 349, 358, 359, 360, 361, 363, 364, 365, 366, 367, 368, 369, 370, 371, 373, 386, 387, 389], "excluded_lines": []}, "PathTraversalSpecialist.generate_payloads": {"executed_lines": [], "summary": {"covered_lines": 0, "num_statements": 1, "percent_covered": 0.0, "percent_covered_display": "0.00", "missing_lines": 1, "excluded_lines": 0, "percent_statements_covered": 0.0, "percent_statements_covered_display": "0.00"}, "missing_lines": [396], "excluded_lines": []}, "PathTraversalSpecialist.verify": {"executed_lines": [], "summary": {"covered_lines": 0, "num_statements": 2, "percent_covered": 0.0, "percent_covered_display": "0.00", "missing_lines": 2, "excluded_lines": 0, "percent_statements_covered": 0.0, "percent_statements_covered_display": "0.00"}, "missing_lines": [413, 414], "excluded_lines": []}, "IDORSpecialist.generate_payloads": {"executed_lines": [], "summary": {"covered_lines": 0, "num_statements": 1, "percent_covered": 0.0, "percent_covered_display": "0.00", "missing_lines": 1, "excluded_lines": 0, "percent_statements_covered": 0.0, "percent_statements_covered_display": "0.00"}, "missing_lines": [424], "excluded_lines": []}, "IDORSpecialist.verify": {"executed_lines": [], "summary": {"covered_lines": 0, "num_statements": 7, "percent_covered": 0.0, "percent_covered_display": "0.00", "missing_lines": 7, "excluded_lines": 0, "percent_statements_covered": 0.0, "percent_statements_covered_display": "0.00"}, "missing_lines": [437, 438, 439, 440, 441, 443, 450], "excluded_lines": []}, "GenericSpecialist.generate_payloads": {"executed_lines": [], "summary": {"covered_lines": 0, "num_statements": 1, "percent_covered": 0.0, "percent_covered_display": "0.00", "missing_lines": 1, "excluded_lines": 0, "percent_statements_covered": 0.0, "percent_statements_covered_display": "0.00"}, "missing_lines": [457], "excluded_lines": []}, "GenericSpecialist.verify": {"executed_lines": [], "summary": {"covered_lines": 0, "num_statements": 3, "percent_covered": 0.0, "percent_covered_display": "0.00", "missing_lines": 3, "excluded_lines": 0, "percent_statements_covered": 0.0, "percent_statements_covered_display": "0.00"}, "missing_lines": [469, 470, 471], "excluded_lines": []}, "ExploitRouter.__init__": {"executed_lines": [478, 479], "summary": {"covered_lines": 2, "num_statements": 2, "percent_covered": 100.0, "percent_covered_display": "100.00", "missing_lines": 0, "excluded_lines": 0, "percent_statements_covered": 100.0, "percent_statements_covered_display": "100.00"}, "missing_lines": [], "excluded_lines": []}, "ExploitRouter.select": {"executed_lines": [491, 492, 493], "summary": {"covered_lines": 3, "num_statements": 4, "percent_covered": 75.0, "percent_covered_display": "75.00", "missing_lines": 1, "excluded_lines": 0, "percent_statements_covered": 75.0, "percent_statements_covered_display": "75.00"}, "missing_lines": [494], "excluded_lines": []}, "ExploitRouter.run": {"executed_lines": [506, 507, 508, 509, 511, 522, 525, 526, 529, 530], "summary": {"covered_lines": 10, "num_statements": 11, "percent_covered": 90.9090909090909, "percent_covered_display": "90.91", "missing_lines": 1, "excluded_lines": 0, "percent_statements_covered": 90.9090909090909, "percent_statements_covered_display": "90.91"}, "missing_lines": [512], "excluded_lines": []}, "": {"executed_lines": [1, 3, 4, 5, 7, 17, 18, 21, 22, 24, 26, 29, 33, 36, 48, 103, 104, 106, 114, 128, 206, 207, 209, 217, 232, 233, 235, 243, 258, 259, 261, 269, 284, 285, 286, 292, 303, 322, 392, 393, 395, 403, 419, 420, 422, 426, 453, 454, 456, 459, 474, 475, 477, 490, 496], "summary": {"covered_lines": 53, "num_statements": 53, "percent_covered": 100.0, "percent_covered_display": "100.00", "missing_lines": 0, "excluded_lines": 0, "percent_statements_covered": 100.0, "percent_statements_covered_display": "100.00"}, "missing_lines": [], "excluded_lines": []}}, "classes": {"ExploitSpecialist": {"executed_lines": [27, 30, 31], "summary": {"covered_lines": 3, "num_statements": 20, "percent_covered": 15.0, "percent_covered_display": "15.00", "missing_lines": 17, "excluded_lines": 0, "percent_statements_covered": 15.0, "percent_statements_covered_display": "15.00"}, "missing_lines": [34, 46, 61, 63, 64, 65, 67, 68, 69, 71, 72, 81, 94, 95, 97, 98, 100], "excluded_lines": []}, "XSSSpecialist": {"executed_lines": [107, 124, 125, 126, 143, 145, 146, 147, 149, 150, 151, 153, 154, 163, 166, 167, 168, 180, 182, 184, 197, 198, 203], "summary": {"covered_lines": 23, "num_statements": 29, "percent_covered": 79.3103448275862, "percent_covered_display": "79.31", "missing_lines": 6, "excluded_lines": 0, "percent_statements_covered": 79.3103448275862, "percent_statements_covered_display": "79.31"}, "missing_lines": [171, 172, 173, 174, 200, 201], "excluded_lines": []}, "SSTISpecialist": {"executed_lines": [], "summary": {"covered_lines": 0, "num_statements": 4, "percent_covered": 0.0, "percent_covered_display": "0.00", "missing_lines": 4, "excluded_lines": 0, "percent_statements_covered": 0.0, "percent_statements_covered_display": "0.00"}, "missing_lines": [211, 227, 228, 229], "excluded_lines": []}, "SQLiSpecialist": {"executed_lines": [], "summary": {"covered_lines": 0, "num_statements": 4, "percent_covered": 0.0, "percent_covered_display": "0.00", "missing_lines": 4, "excluded_lines": 0, "percent_statements_covered": 0.0, "percent_statements_covered_display": "0.00"}, "missing_lines": [236, 253, 254, 255], "excluded_lines": []}, "NoSQLiSpecialist": {"executed_lines": [], "summary": {"covered_lines": 0, "num_statements": 4, "percent_covered": 0.0, "percent_covered_display": "0.00", "missing_lines": 4, "excluded_lines": 0, "percent_statements_covered": 0.0, "percent_statements_covered_display": "0.00"}, "missing_lines": [262, 279, 280, 281], "excluded_lines": []}, "SSRFSpecialist": {"executed_lines": [], "summary": {"covered_lines": 0, "num_statements": 37, "percent_covered": 0.0, "percent_covered_display": "0.00", "missing_lines": 37, "excluded_lines": 0, "percent_statements_covered": 0.0, "percent_statements_covered_display": "0.00"}, "missing_lines": [298, 299, 300, 301, 313, 314, 315, 320, 333, 335, 336, 337, 338, 340, 343, 344, 346, 347, 348, 349, 358, 359, 360, 361, 363, 364, 365, 366, 367, 368, 369, 370, 371, 373, 386, 387, 389], "excluded_lines": []}, "PathTraversalSpecialist": {"executed_lines": [], "summary": {"covered_lines": 0, "num_statements": 3, "percent_covered": 0.0, "percent_covered_display": "0.00", "missing_lines": 3, "excluded_lines": 0, "percent_statements_covered": 0.0, "percent_statements_covered_display": "0.00"}, "missing_lines": [396, 413, 414], "excluded_lines": []}, "IDORSpecialist": {"executed_lines": [], "summary": {"covered_lines": 0, "num_statements": 8, "percent_covered": 0.0, "percent_covered_display": "0.00", "missing_lines": 8, "excluded_lines": 0, "percent_statements_covered": 0.0, "percent_statements_covered_display": "0.00"}, "missing_lines": [424, 437, 438, 439, 440, 441, 443, 450], "excluded_lines": []}, "GenericSpecialist": {"executed_lines": [], "summary": {"covered_lines": 0, "num_statements": 4, "percent_covered": 0.0, "percent_covered_display": "0.00", "missing_lines": 4, "excluded_lines": 0, "percent_statements_covered": 0.0, "percent_statements_covered_display": "0.00"}, "missing_lines": [457, 469, 470, 471], "excluded_lines": []}, "ExploitRouter": {"executed_lines": [478, 479, 491, 492, 493, 506, 507, 508, 509, 511, 522, 525, 526, 529, 530], "summary": {"covered_lines": 15, "num_statements": 17, "percent_covered": 88.23529411764706, "percent_covered_display": "88.24", "missing_lines": 2, "excluded_lines": 0, "percent_statements_covered": 88.23529411764706, "percent_statements_covered_display": "88.24"}, "missing_lines": [494, 512], "excluded_lines": []}, "": {"executed_lines": [1, 3, 4, 5, 7, 17, 18, 21, 22, 24, 26, 29, 33, 36, 48, 103, 104, 106, 114, 128, 206, 207, 209, 217, 232, 233, 235, 243, 258, 259, 261, 269, 284, 285, 286, 292, 303, 322, 392, 393, 395, 403, 419, 420, 422, 426, 453, 454, 456, 459, 474, 475, 477, 490, 496], "summary": {"covered_lines": 53, "num_statements": 53, "percent_covered": 100.0, "percent_covered_display": "100.00", "missing_lines": 0, "excluded_lines": 0, "percent_statements_covered": 100.0, "percent_statements_covered_display": "100.00"}, "missing_lines": [], "excluded_lines": []}}}, "secbrain/agents/hypothesis_enhancer.py": {"executed_lines": [1, 3, 5, 7, 9, 10, 11, 14, 17, 18, 28, 30, 31, 33, 40, 45, 46, 47, 50, 54, 59, 64, 70, 72, 75, 76, 77, 78, 79, 80, 83, 84, 85, 86, 87, 93, 94, 95, 97, 99, 108, 115, 118, 123, 124, 127, 128, 138, 139, 140, 143, 145, 154, 157, 158, 159, 160, 161, 162, 164, 165, 166, 167, 170, 171, 174, 175, 176, 178, 201, 202, 205, 206, 207, 208, 211, 216, 217, 218, 219, 220, 222, 224, 232, 233, 234, 236, 238, 241, 242, 243, 244, 245, 246, 249, 250, 258, 284, 285, 292, 294, 301, 302, 304, 305, 319, 321, 328, 333, 334, 335, 338, 340, 345, 347, 379, 382, 388, 389, 391, 392, 393, 395, 397, 400, 401, 403, 405, 406, 407, 409, 411, 413, 416, 417, 418, 420, 422, 424, 425, 426, 427, 431], "summary": {"covered_lines": 141, "num_statements": 191, "percent_covered": 73.82198952879581, "percent_covered_display": "73.82", "missing_lines": 50, "excluded_lines": 0, "percent_statements_covered": 73.82198952879581, "percent_statements_covered_display": "73.82"}, "missing_lines": [130, 131, 132, 133, 134, 135, 141, 179, 180, 181, 182, 185, 192, 193, 196, 197, 198, 209, 210, 212, 213, 260, 267, 268, 270, 271, 341, 342, 419, 421, 423, 429, 441, 442, 443, 444, 445, 448, 449, 452, 453, 456, 457, 458, 460, 462, 463, 465, 466, 469], "excluded_lines": [], "functions": {"HypothesisEnhancer.__init__": {"executed_lines": [30, 31], "summary": {"covered_lines": 2, "num_statements": 2, "percent_covered": 100.0, "percent_covered_display": "100.00", "missing_lines": 0, "excluded_lines": 0, "percent_statements_covered": 100.0, "percent_statements_covered_display": "100.00"}, "missing_lines": [], "excluded_lines": []}, "HypothesisEnhancer.enhance_contract_hypotheses": {"executed_lines": [40, 45, 46, 47, 50, 54, 59, 64, 70, 72, 75, 76, 77, 78, 79, 80, 83, 84, 85, 86, 87, 93, 94, 95, 97], "summary": {"covered_lines": 25, "num_statements": 25, "percent_covered": 100.0, "percent_covered_display": "100.00", "missing_lines": 0, "excluded_lines": 0, "percent_statements_covered": 100.0, "percent_statements_covered_display": "100.00"}, "missing_lines": [], "excluded_lines": []}, "HypothesisEnhancer._enhance_threshold_network_hypotheses": {"executed_lines": [108, 115, 118, 123, 124, 127, 128, 138, 139, 140, 143], "summary": {"covered_lines": 11, "num_statements": 18, "percent_covered": 61.111111111111114, "percent_covered_display": "61.11", "missing_lines": 7, "excluded_lines": 0, "percent_statements_covered": 61.111111111111114, "percent_statements_covered_display": "61.11"}, "missing_lines": [130, 131, 132, 133, 134, 135, 141], "excluded_lines": []}, "HypothesisEnhancer._enhance_with_immunefi_intelligence": {"executed_lines": [154, 157, 158, 159, 160, 161, 162, 164, 165, 166, 167, 170, 171, 174, 175, 176, 178, 201, 202, 205, 206, 207, 208, 211, 216, 217, 218, 219, 220, 222], "summary": {"covered_lines": 30, "num_statements": 44, "percent_covered": 68.18181818181819, "percent_covered_display": "68.18", "missing_lines": 14, "excluded_lines": 0, "percent_statements_covered": 68.18181818181819, "percent_statements_covered_display": "68.18"}, "missing_lines": [179, 180, 181, 182, 185, 192, 193, 196, 197, 198, 209, 210, 212, 213], "excluded_lines": []}, "HypothesisEnhancer.refine_from_failures": {"executed_lines": [232, 233, 234, 236, 238, 241, 242, 243, 244, 245, 246, 249, 250, 258, 284, 285, 292, 294, 301, 302, 304, 305, 319], "summary": {"covered_lines": 23, "num_statements": 28, "percent_covered": 82.14285714285714, "percent_covered_display": "82.14", "missing_lines": 5, "excluded_lines": 0, "percent_statements_covered": 82.14285714285714, "percent_statements_covered_display": "82.14"}, "missing_lines": [260, 267, 268, 270, 271], "excluded_lines": []}, "HypothesisEnhancer.generate_targeted_llm_prompt": {"executed_lines": [328, 333, 334, 335, 338, 340, 345, 347], "summary": {"covered_lines": 8, "num_statements": 10, "percent_covered": 80.0, "percent_covered_display": "80.00", "missing_lines": 2, "excluded_lines": 0, "percent_statements_covered": 80.0, "percent_statements_covered_display": "80.00"}, "missing_lines": [341, 342], "excluded_lines": []}, "HypothesisEnhancer._extract_vulnerability_types": {"executed_lines": [382, 388, 389, 391, 392, 393, 395], "summary": {"covered_lines": 7, "num_statements": 7, "percent_covered": 100.0, "percent_covered_display": "100.00", "missing_lines": 0, "excluded_lines": 0, "percent_statements_covered": 100.0, "percent_statements_covered_display": "100.00"}, "missing_lines": [], "excluded_lines": []}, "HypothesisEnhancer._extract_patterns_from_research": {"executed_lines": [400, 401, 403, 405, 406, 407, 409], "summary": {"covered_lines": 7, "num_statements": 7, "percent_covered": 100.0, "percent_covered_display": "100.00", "missing_lines": 0, "excluded_lines": 0, "percent_statements_covered": 100.0, "percent_statements_covered_display": "100.00"}, "missing_lines": [], "excluded_lines": []}, "HypothesisEnhancer._categorize_failure": {"executed_lines": [413, 416, 417, 418, 420, 422, 424, 425, 426, 427], "summary": {"covered_lines": 10, "num_statements": 14, "percent_covered": 71.42857142857143, "percent_covered_display": "71.43", "missing_lines": 4, "excluded_lines": 0, "percent_statements_covered": 71.42857142857143, "percent_statements_covered_display": "71.43"}, "missing_lines": [419, 421, 423, 429], "excluded_lines": []}, "HypothesisEnhancer.calibrate_confidence": {"executed_lines": [], "summary": {"covered_lines": 0, "num_statements": 18, "percent_covered": 0.0, "percent_covered_display": "0.00", "missing_lines": 18, "excluded_lines": 0, "percent_statements_covered": 0.0, "percent_statements_covered_display": "0.00"}, "missing_lines": [441, 442, 443, 444, 445, 448, 449, 452, 453, 456, 457, 458, 460, 462, 463, 465, 466, 469], "excluded_lines": []}, "": {"executed_lines": [1, 3, 5, 7, 9, 1
[...]
13, 18, 21, 34, 37, 84, 136, 203, 267, 336, 381, 397, 398], "excluded_lines": [15, 16]}}}, "secbrain/workflows/http_workflow.py": {"executed_lines": [1, 3, 5, 6, 7, 8, 10, 13, 14, 15, 16, 17, 18, 19, 20, 21, 22, 23, 26, 27, 28, 29, 30, 31, 32, 35, 36, 38, 39, 40, 42, 43, 44, 45, 46, 48, 49, 59, 60, 61, 62, 66, 67, 68, 89, 90, 91], "summary": {"covered_lines": 45, "num_statements": 45, "percent_covered": 100.0, "percent_covered_display": "100.00", "missing_lines": 0, "excluded_lines": 0, "percent_statements_covered": 100.0, "percent_statements_covered_display": "100.00"}, "missing_lines": [], "excluded_lines": [], "functions": {"MultiStepHTTPWorkflow.__init__": {"executed_lines": [39, 40], "summary": {"covered_lines": 2, "num_statements": 2, "percent_covered": 100.0, "percent_covered_display": "100.00", "missing_lines": 0, "excluded_lines": 0, "percent_statements_covered": 100.0, "percent_statements_covered_display": "100.00"}, "missing_lines": [], "excluded_lines": []}, "MultiStepHTTPWorkflow.run": {"executed_lines": [43, 44, 45, 46, 48, 49, 59, 60, 61, 62, 66, 67, 68, 89, 90, 91], "summary": {"covered_lines": 16, "num_statements": 16, "percent_covered": 100.0, "percent_covered_display": "100.00", "missing_lines": 0, "excluded_lines": 0, "percent_statements_covered": 100.0, "percent_statements_covered_display": "100.00"}, "missing_lines": [], "excluded_lines": []}, "": {"executed_lines": [1, 3, 5, 6, 7, 8, 10, 13, 14, 15, 16, 17, 18, 19, 20, 21, 22, 23, 26, 27, 28, 29, 30, 31, 32, 35, 36, 38, 42], "summary": {"covered_lines": 27, "num_statements": 27, "percent_covered": 100.0, "percent_covered_display": "100.00", "missing_lines": 0, "excluded_lines": 0, "percent_statements_covered": 100.0, "percent_statements_covered_display": "100.00"}, "missing_lines": [], "excluded_lines": []}}, "classes": {"HTTPWorkflowStep": {"executed_lines": [], "summary": {"covered_lines": 0, "num_statements": 0, "percent_covered": 100.0, "percent_covered_display": "100.00", "missing_lines": 0, "excluded_lines": 0, "percent_statements_covered": 100.0, "percent_statements_covered_display": "100.00"}, "missing_lines": [], "excluded_lines": []}, "HTTPWorkflowResult": {"executed_lines": [], "summary": {"covered_lines": 0, "num_statements": 0, "percent_covered": 100.0, "percent_covered_display": "100.00", "missing_lines": 0, "excluded_lines": 0, "percent_statements_covered": 100.0, "percent_statements_covered_display": "100.00"}, "missing_lines": [], "excluded_lines": []}, "MultiStepHTTPWorkflow": {"executed_lines": [39, 40, 43, 44, 45, 46, 48, 49, 59, 60, 61, 62, 66, 67, 68, 89, 90, 91], "summary": {"covered_lines": 18, "num_statements": 18, "percent_covered": 100.0, "percent_covered_display": "100.00", "missing_lines": 0, "excluded_lines": 0, "percent_statements_covered": 100.0, "percent_statements_covered_display": "100.00"}, "missing_lines": [], "excluded_lines": []}, "": {"executed_lines": [1, 3, 5, 6, 7, 8, 10, 13, 14, 15, 16, 17, 18, 19, 20, 21, 22, 23, 26, 27, 28, 29, 30, 31, 32, 35, 36, 38, 42], "summary": {"covered_lines": 27, "num_statements": 27, "percent_covered": 100.0, "percent_covered_display": "100.00", "missing_lines": 0, "excluded_lines": 0, "percent_statements_covered": 100.0, "percent_statements_covered_display": "100.00"}, "missing_lines": [], "excluded_lines": []}}}, "secbrain/workflows/hypothesis_quality_filter.py": {"executed_lines": [1, 3, 5, 6, 9, 10, 11, 14, 15, 16, 18, 19, 20, 21, 22, 23, 24, 27, 28, 41, 48, 49, 50, 51, 53, 63, 66, 67, 68, 69, 72, 73, 74, 75, 80, 82, 83, 84, 87, 88, 89, 92, 93, 95, 96, 98, 101, 102, 104, 105, 106, 107, 110, 111, 112, 115, 116, 118, 120, 121, 124, 131, 138, 140, 150, 163, 164, 166, 167, 170, 179, 180, 182, 184, 186, 200, 201, 202, 203, 211, 214], "summary": {"covered_lines": 78, "num_statements": 82, "percent_covered": 95.1219512195122, "percent_covered_display": "95.12", "missing_lines": 4, "excluded_lines": 0, "percent_statements_covered": 95.1219512195122, "percent_statements_covered_display": "95.12"}, "missing_lines": [76, 77, 85, 90], "excluded_lines": [], "functions": {"HypothesisQualityFilter.__init__": {"executed_lines": [48, 49, 50, 51], "summary": {"covered_lines": 4, "num_statements": 4, "percent_covered": 100.0, "percent_covered_display": "100.00", "missing_lines": 0, "excluded_lines": 0, "percent_statements_covered": 100.0, "percent_statements_covered_display": "100.00"}, "missing_lines": [], "excluded_lines": []}, "HypothesisQualityFilter.evaluate_hypothesis": {"executed_lines": [63, 66, 67, 68, 69, 72, 73, 74, 75, 80, 82, 83, 84, 87, 88, 89, 92, 93, 95, 96, 98, 101, 102, 104, 105, 106, 107, 110, 111, 112, 115, 116, 118, 120, 121, 124, 131, 138, 140], "summary": {"covered_lines": 39, "num_statements": 43, "percent_covered": 90.69767441860465, "percent_covered_display": "90.70", "missing_lines": 4, "excluded_lines": 0, "percent_statements_covered": 90.69767441860465, "percent_statements_covered_display": "90.70"}, "missing_lines": [76, 77, 85, 90], "excluded_lines": []}, "HypothesisQualityFilter.filter_hypotheses": {"executed_lines": [163, 164, 166, 167, 170, 179, 180, 182, 184], "summary": {"covered_lines": 9, "num_statements": 9, "percent_covered": 100.0, "percent_covered_display": "100.00", "missing_lines": 0, "excluded_lines": 0, "percent_statements_covered": 100.0, "percent_statements_covered_display": "100.00"}, "missing_lines": [], "excluded_lines": []}, "HypothesisQualityFilter.prioritize_hypotheses": {"executed_lines": [200, 201, 202, 203, 211, 214], "summary": {"covered_lines": 6, "num_statements": 6, "percent_covered": 100.0, "percent_covered_display": "100.00", "missing_lines": 0, "excluded_lines": 0, "percent_statements_covered": 100.0, "percent_statements_covered_display": "100.00"}, "missing_lines": [], "excluded_lines": []}, "": {"executed_lines": [1, 3, 5, 6, 9, 10, 11, 14, 15, 16, 18, 19, 20, 21, 22, 23, 24, 27, 28, 41, 53, 150, 186], "summary": {"covered_lines": 20, "num_statements": 20, "percent_covered": 100.0, "percent_covered_display": "100.00", "missing_lines": 0, "excluded_lines": 0, "percent_statements_covered": 100.0, "percent_statements_covered_display": "100.00"}, "missing_lines": [], "excluded_lines": []}}, "classes": {"QualityScore": {"executed_lines": [], "summary": {"covered_lines": 0, "num_statements": 0, "percent_covered": 100.0, "percent_covered_display": "100.00", "missing_lines": 0, "excluded_lines": 0, "percent_statements_covered": 100.0, "percent_statements_covered_display": "100.00"}, "missing_lines": [], "excluded_lines": []}, "HypothesisQualityFilter": {"executed_lines": [48, 49, 50, 51, 63, 66, 67, 68, 69, 72, 73, 74, 75, 80, 82, 83, 84, 87, 88, 89, 92, 93, 95, 96, 98, 101, 102, 104, 105, 106, 107, 110, 111, 112, 115, 116, 118, 120, 121, 124, 131, 138, 140, 163, 164, 166, 167, 170, 179, 180, 182, 184, 200, 201, 202, 203, 211, 214], "summary": {"covered_lines": 58, "num_statements": 62, "percent_covered": 93.54838709677419, "percent_covered_display": "93.55", "missing_lines": 4, "excluded_lines": 0, "percent_statements_covered": 93.54838709677419, "percent_statements_covered_display": "93.55"}, "missing_lines": [76, 77, 85, 90], "excluded_lines": []}, "": {"executed_lines": [1, 3, 5, 6, 9, 10, 11, 14, 15, 16, 18, 19, 20, 21, 22, 23, 24, 27, 28, 41, 53, 150, 186], "summary": {"covered_lines": 20, "num_statements": 20, "percent_covered": 100.0, "percent_covered_display": "100.00", "missing_lines": 0, "excluded_lines": 0, "percent_statements_covered": 100.0, "percent_statements_covered_display": "100.00"}, "missing_lines": [], "excluded_lines": []}}}, "secbrain/workflows/parallel_executor.py": {"executed_lines": [1, 3, 5, 6, 7, 8, 9, 11, 15, 16, 17, 19, 20, 21, 22, 23, 26, 27, 38, 43, 44, 45, 47, 62, 65, 68, 74, 80, 81, 82, 88, 89, 99, 100, 101, 108, 110, 117, 119, 120, 121, 123, 124, 129, 131, 132, 134, 141, 142, 143, 144, 151, 152, 153, 154, 161, 163, 167], "summary": {"covered_lines": 54, "num_statements": 60, "percent_covered": 90.0, "percent_covered_display": "90.00", "missing_lines": 6, "excluded_lines": 2, "percent_statements_covered": 90.0, "percent_statements_covered_display": "90.00"}, "missing_lines": [63, 83, 92, 164, 185, 186], "excluded_lines": [11, 12], "functions": {"ParallelExecutor.__init__": {"executed_lines": [43, 44, 45], "summary": {"covered_lines": 3, "num_statements": 3, "percent_covered": 100.0, "percent_covered_display": "100.00", "missing_lines": 0, "excluded_lines": 0, "percent_statements_covered": 100.0, "percent_statements_covered_display": "100.00"}, "missing_lines": [], "excluded_lines": []}, "ParallelExecutor.execute_tasks": {"executed_lines": [62, 65, 68, 74, 80, 81, 82, 88, 89, 99, 100, 101, 108], "summary": {"covered_lines": 13, "num_statements": 16, "percent_covered": 81.25, "percent_covered_display": "81.25", "missing_lines": 3, "excluded_lines": 0, "percent_statements_covered": 81.25, "percent_statements_covered_display": "81.25"}, "missing_lines": [63, 83, 92], "excluded_lines": []}, "ParallelExecutor._execute_single_task": {"executed_lines": [117, 119, 120, 121, 123, 124, 129, 131, 132, 134, 141, 142, 143, 144, 151, 152, 153, 154], "summary": {"covered_lines": 18, "num_statements": 18, "percent_covered": 100.0, "percent_covered_display": "100.00", "missing_lines": 0, "excluded_lines": 0, "percent_statements_covered": 100.0, "percent_statements_covered_display": "100.00"}, "missing_lines": [], "excluded_lines": []}, "ParallelExecutor._log": {"executed_lines": [163], "summary": {"covered_lines": 1, "num_statements": 2, "percent_covered": 50.0, "percent_covered_display": "50.00", "missing_lines": 1, "excluded_lines": 0, "percent_statements_covered": 50.0, "percent_statements_covered_display": "50.00"}, "missing_lines": [164], "excluded_lines": []}, "execute_parallel_if_independent": {"executed_lines": [], "summary": {"covered_lines": 0, "num_statements": 2, "percent_covered": 0.0, "percent_covered_display": "0.00", "missing_lines": 2, "excluded_lines": 0, "percent_statements_covered": 0.0, "percent_statements_covered_display": "0.00"}, "missing_lines": [185, 186], "excluded_lines": []}, "": {"executed_lines": [1, 3, 5, 6, 7, 8, 9, 11, 15, 16, 17, 19, 20, 21, 22, 23, 26, 27, 38, 47, 110, 161, 167], "summary": {"covered_lines": 19, "num_statements": 19, "percent_covered": 100.0, "percent_covered_display": "100.00", "missing_lines": 0, "excluded_lines": 2, "percent_statements_covered": 100.0, "percent_statements_covered_display": "100.00"}, "missing_lines": [], "excluded_lines": [11, 12]}}, "classes": {"TaskResult": {"executed_lines": [], "summary": {"covered_lines": 0, "num_statements": 0, "percent_covered": 100.0, "percent_covered_display": "100.00", "missing_lines": 0, "excluded_lines": 0, "percent_statements_covered": 100.0, "percent_statements_covered_display": "100.00"}, "missing_lines": [], "excluded_lines": []}, "ParallelExecutor": {"executed_lines": [43, 44, 45, 62, 65, 68, 74, 80, 81, 82, 88, 89, 99, 100, 101, 108, 117, 119, 120, 121, 123, 124, 129, 131, 132, 134, 141, 142, 143, 144, 151, 152, 153, 154, 163], "summary": {"covered_lines": 35, "num_statements": 39, "percent_covered": 89.74358974358974, "percent_covered_display": "89.74", "missing_lines": 4, "excluded_lines": 0, "percent_statements_covered": 89.74358974358974, "percent_statements_covered_display": "89.74"}, "missing_lines": [63, 83, 92, 164], "excluded_lines": []}, "": {"executed_lines": [1, 3, 5, 6, 7, 8, 9, 11, 15, 16, 17, 19, 20, 21, 22, 23, 26, 27, 38, 47, 110, 161, 167], "summary": {"covered_lines": 19, "num_statements": 21, "percent_covered": 90.47619047619048, "percent_covered_display": "90.48", "missing_lines": 2, "excluded_lines": 2, "percent_statements_covered": 90.47619047619048, "percent_statements_covered_display": "90.48"}, "missing_lines": [185, 186], "excluded_lines": [11, 12]}}}, "secbrain/workflows/performance_metrics.py": {"executed_lines": [1, 3, 5, 6, 7, 8, 11, 12, 13, 15, 16, 17, 18, 19, 20, 21, 22, 23, 24, 26, 28, 29, 31, 36, 37, 38, 40, 41, 42, 43, 44, 45, 46, 47, 48, 49, 50, 51, 53, 55, 56, 59, 60, 61, 62, 63, 65, 66, 68, 71, 72, 73, 75, 93, 94, 105, 106, 107, 111, 112, 114, 116, 121, 126, 128, 131, 132, 136, 137, 138, 139, 140, 142, 143, 144, 146, 148, 149, 151, 153, 154, 156, 158, 159, 161, 163, 164, 166, 169, 172, 173, 175, 177], "summary": {"covered_lines": 89, "num_statements": 96, "percent_covered": 92.70833333333333, "percent_covered_display": "92.71", "missing_lines": 7, "excluded_lines": 0, "percent_statements_covered": 92.70833333333333, "percent_statements_covered_display": "92.71"}, "missing_lines": [33, 77, 118, 119, 129, 133, 170], "excluded_lines": [], "functions": {"PhaseMetrics.complete": {"executed_lines": [28, 29], "summary": {"covered_lines": 2, "num_statements": 2, "percent_covered": 100.0, "percent_covered_display": "100.00", "missing_lines": 0, "excluded_lines": 0, "percent_statements_covered": 100.0, "percent_statements_covered_display": "100.00"}, "missing_lines": [], "excluded_lines": []}, "PhaseMetrics.to_dict": {"executed_lines": [], "summary": {"covered_lines": 0, "num_statements": 1, "percent_covered": 0.0, "percent_covered_display": "0.00", "missing_lines": 1, "excluded_lines": 0, "percent_statements_covered": 0.0, "percent_statements_covered_display": "0.00"}, "missing_lines": [33], "excluded_lines": []}, "WorkflowMetrics.complete": {"executed_lines": [55, 56, 59, 60, 61, 62, 63, 65, 66, 68, 71, 72, 73], "summary": {"covered_lines": 13, "num_statements": 13, "percent_covered": 100.0, "percent_covered_display": "100.00", "missing_lines": 0, "excluded_lines": 0, "percent_statements_covered": 100.0, "percent_statements_covered_display": "100.00"}, "missing_lines": [], "excluded_lines": []}, "WorkflowMetrics.to_dict": {"executed_lines": [], "summary": {"covered_lines": 0, "num_statements": 1, "percent_covered": 0.0, "percent_covered_display": "0.00", "missing_lines": 1, "excluded_lines": 0, "percent_statements_covered": 0.0, "percent_statements_covered_display": "0.00"}, "missing_lines": [77], "excluded_lines": []}, "PerformanceMetricsCollector.__init__": {"executed_lines": [106, 107, 111, 112], "summary": {"covered_lines": 4, "num_statements": 4, "percent_covered": 100.0, "percent_covered_display": "100.00", "missing_lines": 0, "excluded_lines": 0, "percent_statements_covered": 100.0, "percent_statements_covered_display": "100.00"}, "missing_lines": [], "excluded_lines": []}, "PerformanceMetricsCollector.start_phase": {"executed_lines": [116, 121], "summary": {"covered_lines": 2, "num_statements": 4, "percent_covered": 50.0, "percent_covered_display": "50.00", "missing_lines": 2, "excluded_lines": 0, "percent_statements_covered": 50.0, "percent_statements_covered_display": "50.00"}, "missing_lines": [118, 119], "excluded_lines": []}, "PerformanceMetricsCollector.complete_phase": {"executed_lines": [128, 131, 132, 136, 137, 138, 139, 140, 142, 143, 144], "summary": {"covered_lines": 11, "num_statements": 13, "percent_covered": 84.61538461538461, "percent_covered_display": "84.62", "missing_lines": 2, "excluded_lines": 0, "percent_statements_covered": 84.61538461538461, "percent_statements_covered_display": "84.62"}, "missing_lines": [129, 133], "excluded_lines": []}, "PerformanceMetricsCollector.record_api_call": {"executed_lines": [148, 149], "summary": {"covered_lines": 2, "num_statements": 2, "percent_covered": 100.0, "percent_covered_display": "100.00", "missing_lines": 0, "excluded_lines": 0, "percent_statements_covered": 100.0, "percent_statements_covered_display": "100.00"}, "missing_lines": [], "excluded_lines": []}, "PerformanceMetricsCollector.record_cache_hit": {"executed_lines": [153, 154], "summary": {"covered_lines": 2, "num_statements": 2, "percent_covered": 100.0, "percent_covered_display": "100.00", "missing_lines": 0, "excluded_lines": 0, "percent_statements_covered": 100.0, "percent_statements_covered_display": "100.00"}, "missing_lines": [], "excluded_lines": []}, "PerformanceMetricsCollector.record_cache_miss": {"executed_lines": [158, 159], "summary": {"covered_lines": 2, "num_statements": 2, "percent_covered": 100.0, "percent_covered_display": "100.00", "missing_lines": 0, "excluded_lines": 0, "percent_statements_covered": 100.0, "percent_statements_covered_display": "100.00"}, "missing_lines": [], "excluded_lines": []}, "PerformanceMetricsCollector.record_error": {"executed_lines": [163, 164], "summary": {"covered_lines": 2, "num_statements": 2, "percent_covered": 100.0, "percent_covered_display": "100.00", "missing_lines": 0, "excluded_lines": 0, "percent_statements_covered": 100.0, "percent_statements_covered_display": "100.00"}, "missing_lines": [], "excluded_lines": []}, "PerformanceMetricsCollector.complete_workflow": {"executed_lines": [169, 172, 173], "summary": {"covered_lines": 3, "num_statements": 4, "percent_covered": 75.0, "percent_covered_display": "75.00", "missing_lines": 1, "excluded_lines": 0, "percent_statements_covered": 75.0, "percent_statements_covered_display": "75.00"}, "missing_lines": [170], "excluded_lines": []}, "PerformanceMetricsCollector.get_summary": {"executed_lines": [177], "summary": {"covered_lines": 1, "num_statements": 1, "percent_covered": 100.0, "percent_covered_display": "100.00", "missing_lines": 0, "excluded_lines": 0, "percent_statements_covered": 100.0, "percent_statements_covered_display": "100.00"}, "missing_lines": [], "excluded_lines": []}, "": {"executed_lines": [1, 3, 5, 6, 7, 8, 11, 12, 13, 15, 16, 17, 18, 19, 20, 21, 22, 23, 24, 26, 31, 36, 37, 38, 40, 41, 42, 43, 44, 45, 46, 47, 48, 49, 50, 51, 53, 75, 93, 94, 105, 114, 126, 146, 151, 156, 161, 166, 175], "summary": {"covered_lines": 45, "num_statements": 45, "percent_covered": 100.0, "percent_covered_display": "100.00", "missing_lines": 0, "excluded_lines": 0, "percent_statements_covered": 100.0, "percent_statements_covered_display": "100.00"}, "missing_lines": [], "excluded_lines": []}}, "classes": {"PhaseMetrics": {"executed_lines": [28, 29], "summary": {"covered_lines": 2, "num_statements": 3, "percent_covered": 66.66666666666667, "percent_covered_display": "66.67", "missing_lines": 1, "excluded_lines": 0, "percent_statements_covered": 66.66666666666667, "percent_statements_covered_display": "66.67"}, "missing_lines": [33], "excluded_lines": []}, "WorkflowMetrics": {"executed_lines": [55, 56, 59, 60, 61, 62, 63, 65, 66, 68, 71, 72, 73], "summary": {"covered_lines": 13, "num_statements": 14, "percent_covered": 92.85714285714286, "percent_covered_display": "92.86", "missing_lines": 1, "excluded_lines": 0, "percent_statements_covered": 92.85714285714286, "percent_statements_covered_display": "92.86"}, "missing_lines": [77], "excluded_lines": []}, "PerformanceMetricsCollector": {"executed_lines": [106, 107, 111, 112, 116, 121, 128, 131, 132, 136, 137, 138, 139, 140, 142, 143, 144, 148, 149, 153, 154, 158, 159, 163, 164, 169, 172, 173, 177], "summary": {"covered_lines": 29, "num_statements": 34, "percent_covered": 85.29411764705883, "percent_covered_display": "85.29", "missing_lines": 5, "excluded_lines": 0, "percent_statements_covered": 85.29411764705883, "percent_statements_covered_display": "85.29"}, "missing_lines": [118, 119, 129, 133, 170], "excluded_lines": []}, "": {"executed_lines": [1, 3, 5, 6, 7, 8, 11, 12, 13, 15, 16, 17, 18, 19, 20, 21, 22, 23, 24, 26, 31, 36, 37, 38, 40, 41, 42, 43, 44, 45, 46, 47, 48, 49, 50, 51, 53, 75, 93, 94, 105, 114, 126, 146, 151, 156, 161, 166, 175], "summary": {"covered_lines": 45, "num_statements": 45, "percent_covered": 100.0, "percent_covered_display": "100.00", "missing_lines": 0, "excluded_lines": 0, "percent_statements_covered": 100.0, "percent_statements_covered_display": "100.00"}, "missing_lines": [], "excluded_lines": []}}}}, "totals": {"covered_lines": 4173, "num_statements": 8772, "percent_covered": 47.571819425444595, "percent_covered_display": "47.57", "missing_lines": 4599, "excluded_lines": 90, "percent_statements_covered": 47.571819425444595, "percent_statements_covered_display": "47.57"}}